{"meta": {"format": 3, "version": "7.14.1", "timestamp": "2026-06-16T17:31:28.118505", "branch_coverage": false, "show_contexts": false}, "files": {"main.py": {"executed_lines": [], "summary": {"covered_lines": 0, "num_statements": 30, "percent_covered": 0.0, "percent_covered_display": "0", "missing_lines": 30, "excluded_lines": 0, "percent_statements_covered": 0.0, "percent_statements_covered_display": "0"}, "missing_lines": [10, 11, 12, 13, 14, 15, 18, 19, 22, 28, 31, 33, 35, 37, 38, 39, 42, 45, 46, 47, 48, 51, 54, 55, 57, 59, 60, 61, 64, 65], "excluded_lines": [], "functions": {"main": {"executed_lines": [], "summary": {"covered_lines": 0, "num_statements": 17, "percent_covered": 0.0, "percent_covered_display": "0", "missing_lines": 17, "excluded_lines": 0, "percent_statements_covered": 0.0, "percent_statements_covered_display": "0"}, "missing_lines": [33, 35, 37, 38, 39, 42, 45, 46, 47, 48, 51, 54, 55, 57, 59, 60, 61], "excluded_lines": [], "start_line": 31}, "": {"executed_lines": [], "summary": {"covered_lines": 0, "num_statements": 13, "percent_covered": 0.0, "percent_covered_display": "0", "missing_lines": 13, "excluded_lines": 0, "percent_statements_covered": 0.0, "percent_statements_covered_display": "0"}, "missing_lines": [10, 11, 12, 13, 14, 15, 18, 19, 22, 28, 31, 64, 65], "excluded_lines": [], "start_line": 1}}, "classes": {"": {"executed_lines": [], "summary": {"covered_lines": 0, "num_statements": 30, "percent_covered": 0.0, "percent_covered_display": "0", "missing_lines": 30, "excluded_lines": 0, "percent_statements_covered": 0.0, "percent_statements_covered_display": "0"}, "missing_lines": [10, 11, 12, 13, 14, 15, 18, 19, 22, 28, 31, 33, 35, 37, 38, 39, 42, 45, 46, 47, 48, 51, 54, 55, 57, 59, 60, 61, 64, 65], "excluded_lines": [], "start_line": 1}}}, "src/__init__.py": {"executed_lines": [], "summary": {"covered_lines": 0, "num_statements": 0, "percent_covered": 100.0, "percent_covered_display": "100", "missing_lines": 0, "excluded_lines": 0, "percent_statements_covered": 100.0, "percent_statements_covered_display": "100"}, "missing_lines": [], "excluded_lines": [], "functions": {"": {"executed_lines": [], "summary": {"covered_lines": 0, "num_statements": 0, "percent_covered": 100.0, "percent_covered_display": "100", "missing_lines": 0, "excluded_lines": 0, "percent_statements_covered": 100.0, "percent_statements_covered_display": "100"}, "missing_lines": [], "excluded_lines": [], "start_line": 1}}, "classes": {"": {"executed_lines": [], "summary": {"covered_lines": 0, "num_statements": 0, "percent_covered": 100.0, "percent_covered_display": "100", "missing_lines": 0, "excluded_lines": 0, "percent_statements_covered": 100.0, "percent_statements_covered_display": "100"}, "missing_lines": [], "excluded_lines": [], "start_line": 1}}}, "src/helpers/__init__.py": {"executed_lines": [], "summary": {"covered_lines": 0, "num_statements": 10, "percent_covered": 0.0, "percent_covered_display": "0", "missing_lines": 10, "excluded_lines": 0, "percent_statements_covered": 0.0, "percent_statements_covered_display": "0"}, "missing_lines": [3, 52, 60, 87, 126, 147, 190, 230, 244, 253], "excluded_lines": [], "functions": {"": {"executed_lines": [], "summary": {"covered_lines": 0, "num_statements": 10, "percent_covered": 0.0, "percent_covered_display": "0", "missing_lines": 10, "excluded_lines": 0, "percent_statements_covered": 0.0, "percent_statements_covered_display": "0"}, "missing_lines": [3, 52, 60, 87, 126, 147, 190, 230, 244, 253], "excluded_lines": [], "start_line": 1}}, "classes": {"": {"executed_lines": [], "summary": {"covered_lines": 0, "num_statements": 10, "percent_covered": 0.0, "percent_covered_display": "0", "missing_lines": 10, "excluded_lines": 0, "percent_statements_covered": 0.0, "percent_statements_covered_display": "0"}, "missing_lines": [3, 52, 60, 87, 126, 147, 190, 230, 244, 253], "excluded_lines": [], "start_line": 1}}}, "src/helpers/constants.py": {"executed_lines": [], "summary": {"covered_lines": 0, "num_statements": 6, "percent_covered": 0.0, "percent_covered_display": "0", "missing_lines": 6, "excluded_lines": 0, "percent_statements_covered": 0.0, "percent_statements_covered_display": "0"}, "missing_lines": [9, 15, 104, 124, 142, 181], "excluded_lines": [], "functions": {"": {"executed_lines": [], "summary": {"covered_lines": 0, "num_statements": 6, "percent_covered": 0.0, "percent_covered_display": "0", "missing_lines": 6, "excluded_lines": 0, "percent_statements_covered": 0.0, "percent_statements_covered_display": "0"}, "missing_lines": [9, 15, 104, 124, 142, 181], "excluded_lines": [], "start_line": 1}}, "classes": {"": {"executed_lines": [], "summary": {"covered_lines": 0, "num_statements": 6, "percent_covered": 0.0, "percent_covered_display": "0", "missing_lines": 6, "excluded_lines": 0, "percent_statements_covered": 0.0, "percent_statements_covered_display": "0"}, "missing_lines": [9, 15, 104, 124, 142, 181], "excluded_lines": [], "start_line": 1}}}, "src/helpers/event_analysis.py": {"executed_lines": [], "summary": {"covered_lines": 0, "num_statements": 908, "percent_covered": 0.0, "percent_covered_display": "0", "missing_lines": 908, "excluded_lines": 0, "percent_statements_covered": 0.0, "percent_statements_covered_display": "0"}, "missing_lines": [9, 10, 11, 12, 13, 14, 16, 23, 25, 26, 27, 28, 31, 33, 34, 35, 36, 37, 38, 39, 40, 41, 42, 43, 44, 52, 55, 56, 57, 62, 65, 66, 69, 75, 81, 83, 111, 115, 116, 117, 119, 120, 123, 133, 135, 138, 140, 142, 146, 147, 150, 153, 156, 158, 166, 168, 170, 172, 173, 174, 175, 176, 179, 180, 181, 182, 185, 186, 188, 189, 190, 191, 192, 200, 202, 204, 206, 208, 209, 210, 211, 213, 216, 217, 218, 220, 221, 222, 224, 225, 226, 227, 228, 234, 239, 240, 242, 244, 245, 247, 248, 251, 252, 255, 256, 259, 260, 261, 262, 263, 265, 267, 268, 270, 272, 274, 276, 278, 280, 281, 282, 284, 285, 286, 287, 288, 291, 292, 294, 295, 302, 303, 305, 307, 309, 310, 318, 319, 321, 322, 323, 324, 325, 326, 327, 328, 330, 333, 342, 343, 345, 347, 349, 350, 351, 354, 355, 356, 358, 359, 360, 361, 363, 364, 366, 367, 369, 371, 374, 377, 378, 380, 381, 382, 384, 385, 387, 388, 391, 392, 396, 397, 400, 405, 406, 412, 414, 417, 419, 420, 421, 423, 424, 425, 427, 429, 430, 431, 436, 437, 438, 443, 445, 447, 448, 450, 451, 452, 453, 454, 460, 461, 463, 464, 465, 466, 469, 470, 476, 478, 480, 482, 483, 484, 485, 492, 494, 495, 496, 497, 500, 501, 508, 509, 510, 512, 514, 516, 517, 520, 522, 530, 531, 532, 534, 535, 536, 537, 539, 540, 541, 542, 543, 546, 547, 548, 549, 550, 551, 553, 554, 555, 557, 559, 561, 567, 568, 571, 572, 573, 574, 575, 576, 577, 578, 580, 581, 582, 584, 587, 588, 590, 592, 594, 596, 597, 600, 601, 603, 604, 606, 607, 610, 611, 612, 613, 615, 616, 618, 619, 621, 622, 624, 625, 627, 628, 630, 638, 650, 651, 653, 655, 658, 668, 669, 673, 674, 676, 677, 678, 679, 680, 681, 682, 685, 686, 687, 688, 689, 692, 693, 694, 695, 696, 697, 700, 701, 702, 705, 708, 716, 717, 720, 721, 722, 723, 724, 725, 727, 729, 733, 734, 735, 736, 739, 740, 741, 744, 747, 750, 752, 753, 756, 757, 758, 761, 763, 764, 765, 766, 767, 770, 771, 772, 774, 777, 781, 782, 784, 785, 786, 787, 788, 789, 790, 791, 794, 795, 797, 798, 799, 800, 801, 802, 805, 808, 812, 815, 817, 825, 833, 834, 835, 843, 846, 847, 848, 850, 853, 854, 855, 857, 858, 859, 860, 862, 864, 867, 873, 875, 876, 882, 883, 885, 886, 887, 889, 890, 893, 894, 896, 897, 898, 899, 903, 909, 910, 911, 912, 914, 915, 917, 931, 934, 936, 937, 939, 942, 943, 945, 946, 948, 949, 952, 953, 955, 956, 959, 960, 961, 962, 963, 966, 971, 972, 974, 975, 977, 978, 980, 981, 983, 984, 986, 989, 992, 994, 995, 998, 999, 1001, 1002, 1003, 1004, 1006, 1007, 1010, 1012, 1013, 1014, 1015, 1016, 1017, 1018, 1019, 1020, 1021, 1022, 1023, 1024, 1025, 1026, 1027, 1028, 1029, 1030, 1031, 1032, 1033, 1036, 1037, 1038, 1040, 1041, 1043, 1051, 1054, 1055, 1056, 1057, 1059, 1062, 1072, 1074, 1077, 1078, 1081, 1082, 1084, 1085, 1086, 1087, 1088, 1090, 1091, 1094, 1095, 1097, 1098, 1100, 1102, 1103, 1112, 1114, 1118, 1119, 1120, 1121, 1124, 1125, 1126, 1128, 1129, 1132, 1135, 1136, 1137, 1144, 1150, 1153, 1154, 1157, 1163, 1164, 1165, 1166, 1167, 1169, 1172, 1173, 1176, 1177, 1178, 1184, 1186, 1188, 1189, 1190, 1193, 1195, 1201, 1203, 1210, 1212, 1214, 1216, 1218, 1221, 1222, 1223, 1225, 1226, 1229, 1231, 1232, 1235, 1236, 1239, 1248, 1249, 1251, 1253, 1255, 1263, 1264, 1265, 1267, 1268, 1269, 1270, 1271, 1272, 1273, 1274, 1275, 1276, 1279, 1288, 1289, 1291, 1293, 1295, 1297, 1299, 1301, 1302, 1303, 1304, 1307, 1308, 1309, 1312, 1313, 1314, 1322, 1323, 1325, 1327, 1329, 1336, 1338, 1339, 1340, 1341, 1342, 1344, 1345, 1346, 1348, 1349, 1350, 1351, 1352, 1354, 1355, 1357, 1358, 1359, 1362, 1363, 1364, 1365, 1368, 1369, 1370, 1372, 1373, 1375, 1378, 1380, 1381, 1383, 1391, 1394, 1395, 1397, 1400, 1401, 1402, 1405, 1406, 1407, 1409, 1410, 1411, 1412, 1413, 1414, 1420, 1421, 1422, 1424, 1430, 1431, 1433, 1440, 1443, 1449, 1450, 1451, 1458, 1475, 1478, 1479, 1480, 1481, 1483, 1486, 1489, 1491, 1492, 1493, 1494, 1495, 1502, 1504, 1507, 1697, 1700, 1701, 1703, 1704, 1707, 1712, 1713, 1714, 1715, 1718, 1719, 1720, 1721, 1724, 1725, 1726, 1727, 1730, 1731, 1732, 1733, 1736, 1737, 1738, 1739, 1742, 1743, 1744, 1745, 1750, 1751, 1752, 1753, 1756, 1757, 1758, 1759, 1762, 1763, 1764, 1765, 1768, 1769, 1770, 1771, 1776, 1778, 1779, 1780, 1781, 1784, 1785, 1786, 1787, 1790, 1791, 1792, 1793, 1795, 1797, 1799, 1801, 1804, 1820, 1822, 1826, 1833, 1834, 1835, 1837, 1845, 1848, 1849, 1852, 1853, 1854, 1855, 1856, 1857, 1858, 1859, 1862, 1863, 1864, 1865, 1866, 1869, 1870, 1871, 1872, 1873, 1874, 1877, 1878, 1879, 1880, 1881, 1884, 1885, 1886, 1887, 1888, 1889, 1890, 1891, 1892, 1893, 1896, 1897, 1898, 1899, 1900, 1901, 1903, 1906, 1907, 1908, 1909, 1910, 1912, 1913, 1914, 1915, 1916, 1918, 1926, 1929, 1932, 1933, 1935, 1936, 1937, 1938, 1939, 1942, 1943, 1944, 1945, 1946, 1947, 1950, 1951, 1952, 1953, 1956, 1957, 1958, 1959, 1960, 1963, 1964, 1965, 1966, 1969, 1970, 1972, 1975, 1978, 1981, 1982, 1983, 1984, 1986, 1987, 1988, 1991, 1992, 1993, 1994, 1995, 1996, 1998, 1999, 2000, 2001, 2002, 2003, 2006, 2007, 2008, 2009, 2010, 2013, 2014, 2015, 2016, 2017, 2019, 2020, 2022], "excluded_lines": [], "functions": {"ProgressiveEventAnalyzer.__init__": {"executed_lines": [], "summary": {"covered_lines": 0, "num_statements": 2, "percent_covered": 0.0, "percent_covered_display": "0", "missing_lines": 2, "excluded_lines": 0, "percent_statements_covered": 0.0, "percent_statements_covered_display": "0"}, "missing_lines": [56, 57], "excluded_lines": [], "start_line": 55}, "ProgressiveEventAnalyzer.get_overview": {"executed_lines": [], "summary": {"covered_lines": 0, "num_statements": 6, "percent_covered": 0.0, "percent_covered_display": "0", "missing_lines": 6, "excluded_lines": 0, "percent_statements_covered": 0.0, "percent_statements_covered_display": "0"}, "missing_lines": [65, 66, 69, 75, 81, 83], "excluded_lines": [], "start_line": 62}, "ProgressiveEventAnalyzer.get_detailed_analysis": {"executed_lines": [], "summary": {"covered_lines": 0, "num_statements": 7, "percent_covered": 0.0, "percent_covered_display": "0", "missing_lines": 7, "excluded_lines": 0, "percent_statements_covered": 0.0, "percent_statements_covered_display": "0"}, "missing_lines": [115, 116, 117, 119, 120, 123, 133], "excluded_lines": [], "start_line": 111}, "ProgressiveEventAnalyzer.get_correlation_analysis": {"executed_lines": [], "summary": {"covered_lines": 0, "num_statements": 9, "percent_covered": 0.0, "percent_covered_display": "0", "missing_lines": 9, "excluded_lines": 0, "percent_statements_covered": 0.0, "percent_statements_covered_display": "0"}, "missing_lines": [138, 140, 142, 146, 147, 150, 153, 156, 158], "excluded_lines": [], "start_line": 135}, "ProgressiveEventAnalyzer._find_all_correlations": {"executed_lines": [], "summary": {"covered_lines": 0, "num_statements": 21, "percent_covered": 0.0, "percent_covered_display": "0", "missing_lines": 21, "excluded_lines": 0, "percent_statements_covered": 0.0, "percent_statements_covered_display": "0"}, "missing_lines": [168, 170, 172, 173, 174, 175, 176, 179, 180, 181, 182, 185, 186, 188, 189, 190, 191, 192, 200, 202, 204], "excluded_lines": [], "start_line": 166}, "ProgressiveEventAnalyzer._find_event_correlations": {"executed_lines": [], "summary": {"covered_lines": 0, "num_statements": 19, "percent_covered": 0.0, "percent_covered_display": "0", "missing_lines": 19, "excluded_lines": 0, "percent_statements_covered": 0.0, "percent_statements_covered_display": "0"}, "missing_lines": [208, 209, 210, 211, 213, 216, 217, 218, 220, 221, 222, 224, 225, 226, 227, 228, 234, 239, 240], "excluded_lines": [], "start_line": 206}, "ProgressiveEventAnalyzer._calculate_correlation_strength": {"executed_lines": [], "summary": {"covered_lines": 0, "num_statements": 16, "percent_covered": 0.0, "percent_covered_display": "0", "missing_lines": 16, "excluded_lines": 0, "percent_statements_covered": 0.0, "percent_statements_covered_display": "0"}, "missing_lines": [244, 245, 247, 248, 251, 252, 255, 256, 259, 260, 261, 262, 263, 265, 267, 268], "excluded_lines": [], "start_line": 242}, "ProgressiveEventAnalyzer._detect_failure_cascades": {"executed_lines": [], "summary": {"covered_lines": 0, "num_statements": 19, "percent_covered": 0.0, "percent_covered_display": "0", "missing_lines": 19, "excluded_lines": 0, "percent_statements_covered": 0.0, "percent_statements_covered_display": "0"}, "missing_lines": [272, 274, 276, 278, 280, 281, 282, 284, 285, 286, 287, 288, 291, 292, 294, 295, 302, 303, 305], "excluded_lines": [], "start_line": 270}, "ProgressiveEventAnalyzer._group_by_root_cause": {"executed_lines": [], "summary": {"covered_lines": 0, "num_statements": 16, "percent_covered": 0.0, "percent_covered_display": "0", "missing_lines": 16, "excluded_lines": 0, "percent_statements_covered": 0.0, "percent_statements_covered_display": "0"}, "missing_lines": [309, 310, 318, 319, 321, 322, 323, 324, 325, 326, 327, 328, 330, 333, 342, 343], "excluded_lines": [], "start_line": 307}, "ProgressiveEventAnalyzer._generate_correlation_insights": {"executed_lines": [], "summary": {"covered_lines": 0, "num_statements": 16, "percent_covered": 0.0, "percent_covered_display": "0", "missing_lines": 16, "excluded_lines": 0, "percent_statements_covered": 0.0, "percent_statements_covered_display": "0"}, "missing_lines": [347, 349, 350, 351, 354, 355, 356, 358, 359, 360, 361, 363, 364, 366, 367, 369], "excluded_lines": [], "start_line": 345}, "ProgressiveEventAnalyzer._identify_quick_patterns": {"executed_lines": [], "summary": {"covered_lines": 0, "num_statements": 18, "percent_covered": 0.0, "percent_covered_display": "0", "missing_lines": 18, "excluded_lines": 0, "percent_statements_covered": 0.0, "percent_statements_covered_display": "0"}, "missing_lines": [374, 377, 378, 380, 381, 382, 384, 385, 387, 388, 391, 392, 396, 397, 400, 405, 406, 412], "excluded_lines": [], "start_line": 371}, "ProgressiveEventAnalyzer._apply_progressive_filters": {"executed_lines": [], "summary": {"covered_lines": 0, "num_statements": 15, "percent_covered": 0.0, "percent_covered_display": "0", "missing_lines": 15, "excluded_lines": 0, "percent_statements_covered": 0.0, "percent_statements_covered_display": "0"}, "missing_lines": [417, 419, 420, 421, 423, 424, 425, 427, 429, 430, 431, 436, 437, 438, 443], "excluded_lines": [], "start_line": 414}, "ProgressiveEventAnalyzer._analyze_by_category": {"executed_lines": [], "summary": {"covered_lines": 0, "num_statements": 16, "percent_covered": 0.0, "percent_covered_display": "0", "missing_lines": 16, "excluded_lines": 0, "percent_statements_covered": 0.0, "percent_statements_covered_display": "0"}, "missing_lines": [447, 448, 450, 451, 452, 453, 454, 460, 461, 463, 464, 465, 466, 469, 470, 476], "excluded_lines": [], "start_line": 445}, "ProgressiveEventAnalyzer._analyze_by_severity": {"executed_lines": [], "summary": {"covered_lines": 0, "num_statements": 16, "percent_covered": 0.0, "percent_covered_display": "0", "missing_lines": 16, "excluded_lines": 0, "percent_statements_covered": 0.0, "percent_statements_covered_display": "0"}, "missing_lines": [480, 482, 483, 484, 485, 492, 494, 495, 496, 497, 500, 501, 508, 509, 510, 512], "excluded_lines": [], "start_line": 478}, "ProgressiveEventAnalyzer._analyze_temporal_patterns": {"executed_lines": [], "summary": {"covered_lines": 0, "num_statements": 26, "percent_covered": 0.0, "percent_covered_display": "0", "missing_lines": 26, "excluded_lines": 0, "percent_statements_covered": 0.0, "percent_statements_covered_display": "0"}, "missing_lines": [516, 517, 520, 522, 530, 531, 532, 534, 535, 536, 537, 539, 540, 541, 542, 543, 546, 547, 548, 549, 550, 551, 553, 554, 555, 557], "excluded_lines": [], "start_line": 514}, "ProgressiveEventAnalyzer._analyze_resource_impact": {"executed_lines": [], "summary": {"covered_lines": 0, "num_statements": 18, "percent_covered": 0.0, "percent_covered_display": "0", "missing_lines": 18, "excluded_lines": 0, "percent_statements_covered": 0.0, "percent_statements_covered_display": "0"}, "missing_lines": [561, 567, 568, 571, 572, 573, 574, 575, 576, 577, 578, 580, 581, 582, 584, 587, 588, 590], "excluded_lines": [], "start_line": 559}, "ProgressiveEventAnalyzer._generate_detailed_recommendations": {"executed_lines": [], "summary": {"covered_lines": 0, "num_statements": 24, "percent_covered": 0.0, "percent_covered_display": "0", "missing_lines": 24, "excluded_lines": 0, "percent_statements_covered": 0.0, "percent_statements_covered_display": "0"}, "missing_lines": [594, 596, 597, 600, 601, 603, 604, 606, 607, 610, 611, 612, 613, 615, 616, 618, 619, 621, 622, 624, 625, 627, 628, 630], "excluded_lines": [], "start_line": 592}, "extract_event_content_for_classification": {"executed_lines": [], "summary": {"covered_lines": 0, "num_statements": 4, "percent_covered": 0.0, "percent_covered_display": "0", "missing_lines": 4, "excluded_lines": 0, "percent_statements_covered": 0.0, "percent_statements_covered_display": "0"}, "missing_lines": [650, 651, 653, 655], "excluded_lines": [], "start_line": 638}, "classify_event_severity_from_string": {"executed_lines": [], "summary": {"covered_lines": 0, "num_statements": 26, "percent_covered": 0.0, "percent_covered_display": "0", "missing_lines": 26, "excluded_lines": 0, "percent_statements_covered": 0.0, "percent_statements_covered_display": "0"}, "missing_lines": [668, 669, 673, 674, 676, 677, 678, 679, 680, 681, 682, 685, 686, 687, 688, 689, 692, 693, 694, 695, 696, 697, 700, 701, 702, 705], "excluded_lines": [], "start_line": 658}, "classify_event_category_from_string": {"executed_lines": [], "summary": {"covered_lines": 0, "num_statements": 18, "percent_covered": 0.0, "percent_covered_display": "0", "missing_lines": 18, "excluded_lines": 0, "percent_statements_covered": 0.0, "percent_statements_covered_display": "0"}, "missing_lines": [716, 717, 720, 721, 722, 723, 724, 725, 727, 729, 733, 734, 735, 736, 739, 740, 741, 744], "excluded_lines": [], "start_line": 708}, "calculate_relevance_score_from_string": {"executed_lines": [], "summary": {"covered_lines": 0, "num_statements": 16, "percent_covered": 0.0, "percent_covered_display": "0", "missing_lines": 16, "excluded_lines": 0, "percent_statements_covered": 0.0, "percent_statements_covered_display": "0"}, "missing_lines": [750, 752, 753, 756, 757, 758, 761, 763, 764, 765, 766, 767, 770, 771, 772, 774], "excluded_lines": [], "start_line": 747}, "extract_timestamp_from_string": {"executed_lines": [], "summary": {"covered_lines": 0, "num_statements": 19, "percent_covered": 0.0, "percent_covered_display": "0", "missing_lines": 19, "excluded_lines": 0, "percent_statements_covered": 0.0, "percent_statements_covered_display": "0"}, "missing_lines": [781, 782, 784, 785, 786, 787, 788, 789, 790, 791, 794, 795, 797, 798, 799, 800, 801, 802, 805], "excluded_lines": [], "start_line": 777}, "estimate_string_event_tokens": {"executed_lines": [], "summary": {"covered_lines": 0, "num_statements": 3, "percent_covered": 0.0, "percent_covered_display": "0", "missing_lines": 3, "excluded_lines": 0, "percent_statements_covered": 0.0, "percent_statements_covered_display": "0"}, "missing_lines": [812, 815, 817], "excluded_lines": [], "start_line": 808}, "smart_sample_string_events": {"executed_lines": [], "summary": {"covered_lines": 0, "num_statements": 15, "percent_covered": 0.0, "percent_covered_display": "0", "missing_lines": 15, "excluded_lines": 0, "percent_statements_covered": 0.0, "percent_statements_covered_display": "0"}, "missing_lines": [833, 834, 835, 843, 846, 850, 853, 854, 855, 857, 858, 859, 860, 862, 864], "excluded_lines": [], "start_line": 825}, "smart_sample_string_events.sort_key": {"executed_lines": [], "summary": {"covered_lines": 0, "num_statements": 2, "percent_covered": 0.0, "percent_covered_display": "0", "missing_lines": 2, "excluded_lines": 0, "percent_statements_covered": 0.0, "percent_statements_covered_display": "0"}, "missing_lines": [847, 848], "excluded_lines": [], "start_line": 846}, "generate_string_events_summary": {"executed_lines": [], "summary": {"covered_lines": 0, "num_statements": 24, "percent_covered": 0.0, "percent_covered_display": "0", "missing_lines": 24, "excluded_lines": 0, "percent_statements_covered": 0.0, "percent_statements_covered_display": "0"}, "missing_lines": [873, 875, 876, 882, 883, 885, 886, 887, 889, 890, 893, 894, 896, 897, 898, 899, 903, 909, 910, 911, 912, 914, 915, 917], "excluded_lines": [], "start_line": 867}, "generate_string_events_insights": {"executed_lines": [], "summary": {"covered_lines": 0, "num_statements": 31, "percent_covered": 0.0, "percent_covered_display": "0", "missing_lines": 31, "excluded_lines": 0, "percent_statements_covered": 0.0, "percent_statements_covered_display": "0"}, "missing_lines": [934, 936, 937, 939, 942, 943, 945, 946, 948, 949, 952, 953, 955, 956, 959, 960, 961, 962, 963, 966, 971, 972, 974, 975, 977, 978, 980, 981, 983, 984, 986], "excluded_lines": [], "start_line": 931}, "generate_string_events_recommendations": {"executed_lines": [], "summary": {"covered_lines": 0, "num_statements": 40, "percent_covered": 0.0, "percent_covered_display": "0", "missing_lines": 40, "excluded_lines": 0, "percent_statements_covered": 0.0, "percent_statements_covered_display": "0"}, "missing_lines": [992, 994, 995, 998, 999, 1001, 1002, 1003, 1004, 1006, 1007, 1010, 1012, 1013, 1014, 1015, 1016, 1017, 1018, 1019, 1020, 1021, 1022, 1023, 1024, 1025, 1026, 1027, 1028, 1029, 1030, 1031, 1032, 1033, 1036, 1037, 1038, 1040, 1041, 1043], "excluded_lines": [], "start_line": 989}, "MLPatternDetector.__init__": {"executed_lines": [], "summary": {"covered_lines": 0, "num_statements": 3, "percent_covered": 0.0, "percent_covered_display": "0", "missing_lines": 3, "excluded_lines": 0, "percent_statements_covered": 0.0, "percent_statements_covered_display": "0"}, "missing_lines": [1055, 1056, 1057], "excluded_lines": [], "start_line": 1054}, "MLPatternDetector.detect_patterns": {"executed_lines": [], "summary": {"covered_lines": 0, "num_statements": 2, "percent_covered": 0.0, "percent_covered_display": "0", "missing_lines": 2, "excluded_lines": 0, "percent_statements_covered": 0.0, "percent_statements_covered_display": "0"}, "missing_lines": [1062, 1072], "excluded_lines": [], "start_line": 1059}, "MLPatternDetector._detect_temporal_anomalies": {"executed_lines": [], "summary": {"covered_lines": 0, "num_statements": 19, "percent_covered": 0.0, "percent_covered_display": "0", "missing_lines": 19, "excluded_lines": 0, "percent_statements_covered": 0.0, "percent_statements_covered_display": "0"}, "missing_lines": [1077, 1078, 1081, 1082, 1084, 1085, 1086, 1087, 1088, 1090, 1091, 1094, 1095, 1097, 1098, 1100, 1102, 1103, 1112], "excluded_lines": [], "start_line": 1074}, "MLPatternDetector._detect_frequency_patterns": {"executed_lines": [], "summary": {"covered_lines": 0, "num_statements": 14, "percent_covered": 0.0, "percent_covered_display": "0", "missing_lines": 14, "excluded_lines": 0, "percent_statements_covered": 0.0, "percent_statements_covered_display": "0"}, "missing_lines": [1118, 1119, 1120, 1121, 1124, 1125, 1126, 1128, 1129, 1132, 1135, 1136, 1137, 1144], "excluded_lines": [], "start_line": 1114}, "MLPatternDetector._detect_cyclic_patterns": {"executed_lines": [], "summary": {"covered_lines": 0, "num_statements": 24, "percent_covered": 0.0, "percent_covered_display": "0", "missing_lines": 24, "excluded_lines": 0, "percent_statements_covered": 0.0, "percent_statements_covered_display": "0"}, "missing_lines": [1153, 1154, 1157, 1163, 1164, 1165, 1166, 1167, 1169, 1172, 1173, 1176, 1177, 1178, 1184, 1186, 1188, 1189, 1190, 1193, 1195, 1201, 1203, 1210], "excluded_lines": [], "start_line": 1150}, "MLPatternDetector._detect_severity_escalation": {"executed_lines": [], "summary": {"covered_lines": 0, "num_statements": 17, "percent_covered": 0.0, "percent_covered_display": "0", "missing_lines": 17, "excluded_lines": 0, "percent_statements_covered": 0.0, "percent_statements_covered_display": "0"}, "missing_lines": [1214, 1216, 1218, 1221, 1222, 1223, 1225, 1226, 1229, 1231, 1232, 1235, 1236, 1239, 1248, 1249, 1251], "excluded_lines": [], "start_line": 1212}, "MLPatternDetector._detect_resource_patterns": {"executed_lines": [], "summary": {"covered_lines": 0, "num_statements": 17, "percent_covered": 0.0, "percent_covered_display": "0", "missing_lines": 17, "excluded_lines": 0, "percent_statements_covered": 0.0, "percent_statements_covered_display": "0"}, "missing_lines": [1255, 1263, 1264, 1265, 1267, 1268, 1269, 1270, 1271, 1272, 1273, 1274, 1275, 1276, 1279, 1288, 1289], "excluded_lines": [], "start_line": 1253}, "MLPatternDetector._detect_outlier_events": {"executed_lines": [], "summary": {"covered_lines": 0, "num_statements": 17, "percent_covered": 0.0, "percent_covered_display": "0", "missing_lines": 17, "excluded_lines": 0, "percent_statements_covered": 0.0, "percent_statements_covered_display": "0"}, "missing_lines": [1293, 1295, 1297, 1299, 1301, 1302, 1303, 1304, 1307, 1308, 1309, 1312, 1313, 1314, 1322, 1323, 1325], "excluded_lines": [], "start_line": 1291}, "MLPatternDetector._generate_predictive_indicators": {"executed_lines": [], "summary": {"covered_lines": 0, "num_statements": 34, "percent_covered": 0.0, "percent_covered_display": "0", "missing_lines": 34, "excluded_lines": 0, "percent_statements_covered": 0.0, "percent_statements_covered_display": "0"}, "missing_lines": [1329, 1336, 1338, 1339, 1340, 1341, 1342, 1344, 1345, 1346, 1348, 1349, 1350, 1351, 1352, 1354, 1355, 1357, 1358, 1359, 1362, 1363, 1364, 1365, 1368, 1369, 1370, 1372, 1373, 1375, 1378, 1380, 1381, 1383], "excluded_lines": [], "start_line": 1327}, "LogMetricsIntegrator.__init__": {"executed_lines": [], "summary": {"covered_lines": 0, "num_statements": 1, "percent_covered": 0.0, "percent_covered_display": "0", "missing_lines": 1, "excluded_lines": 0, "percent_statements_covered": 0.0, "percent_statements_covered_display": "0"}, "missing_lines": [1395], "excluded_lines": [], "start_line": 1394}, "LogMetricsIntegrator.correlate_with_logs": {"executed_lines": [], "summary": {"covered_lines": 0, "num_statements": 18, "percent_covered": 0.0, "percent_covered_display": "0", "missing_lines": 18, "excluded_lines": 0, "percent_statements_covered": 0.0, "percent_statements_covered_display": "0"}, "missing_lines": [1400, 1401, 1402, 1405, 1406, 1407, 1409, 1410, 1411, 1412, 1413, 1414, 1420, 1421, 1422, 1424, 1430, 1431], "excluded_lines": [], "start_line": 1397}, "LogMetricsIntegrator.correlate_with_metrics": {"executed_lines": [], "summary": {"covered_lines": 0, "num_statements": 6, "percent_covered": 0.0, "percent_covered_display": "0", "missing_lines": 6, "excluded_lines": 0, "percent_statements_covered": 0.0, "percent_statements_covered_display": "0"}, "missing_lines": [1440, 1443, 1449, 1450, 1451, 1458], "excluded_lines": [], "start_line": 1433}, "RunbookSuggestionEngine.__init__": {"executed_lines": [], "summary": {"covered_lines": 0, "num_statements": 3, "percent_covered": 0.0, "percent_covered_display": "0", "missing_lines": 3, "excluded_lines": 0, "percent_statements_covered": 0.0, "percent_statements_covered_display": "0"}, "missing_lines": [1479, 1480, 1481], "excluded_lines": [], "start_line": 1478}, "RunbookSuggestionEngine.suggest_runbooks": {"executed_lines": [], "summary": {"covered_lines": 0, "num_statements": 8, "percent_covered": 0.0, "percent_covered_display": "0", "missing_lines": 8, "excluded_lines": 0, "percent_statements_covered": 0.0, "percent_statements_covered_display": "0"}, "missing_lines": [1486, 1489, 1491, 1492, 1493, 1494, 1495, 1502], "excluded_lines": [], "start_line": 1483}, "RunbookSuggestionEngine._initialize_runbook_database": {"executed_lines": [], "summary": {"covered_lines": 0, "num_statements": 1, "percent_covered": 0.0, "percent_covered_display": "0", "missing_lines": 1, "excluded_lines": 0, "percent_statements_covered": 0.0, "percent_statements_covered_display": "0"}, "missing_lines": [1507], "excluded_lines": [], "start_line": 1504}, "RunbookSuggestionEngine._categorize_issues": {"executed_lines": [], "summary": {"covered_lines": 0, "num_statements": 59, "percent_covered": 0.0, "percent_covered_display": "0", "missing_lines": 59, "excluded_lines": 0, "percent_statements_covered": 0.0, "percent_statements_covered_display": "0"}, "missing_lines": [1700, 1701, 1703, 1704, 1707, 1712, 1713, 1714, 1715, 1718, 1719, 1720, 1721, 1724, 1725, 1726, 1727, 1730, 1731, 1732, 1733, 1736, 1737, 1738, 1739, 1742, 1743, 1744, 1745, 1750, 1751, 1752, 1753, 1756, 1757, 1758, 1759, 1762, 1763, 1764, 1765, 1768, 1769, 1770, 1771, 1776, 1778, 1779, 1780, 1781, 1784, 1785, 1786, 1787, 1790, 1791, 1792, 1793, 1795], "excluded_lines": [], "start_line": 1697}, "RunbookSuggestionEngine._get_runbook_for_issue": {"executed_lines": [], "summary": {"covered_lines": 0, "num_statements": 1, "percent_covered": 0.0, "percent_covered_display": "0", "missing_lines": 1, "excluded_lines": 0, "percent_statements_covered": 0.0, "percent_statements_covered_display": "0"}, "missing_lines": [1799], "excluded_lines": [], "start_line": 1797}, "RunbookSuggestionEngine._explain_relevance": {"executed_lines": [], "summary": {"covered_lines": 0, "num_statements": 2, "percent_covered": 0.0, "percent_covered_display": "0", "missing_lines": 2, "excluded_lines": 0, "percent_statements_covered": 0.0, "percent_statements_covered_display": "0"}, "missing_lines": [1804, 1820], "excluded_lines": [], "start_line": 1801}, "RunbookSuggestionEngine._calculate_priority": {"executed_lines": [], "summary": {"covered_lines": 0, "num_statements": 5, "percent_covered": 0.0, "percent_covered_display": "0", "missing_lines": 5, "excluded_lines": 0, "percent_statements_covered": 0.0, "percent_statements_covered_display": "0"}, "missing_lines": [1826, 1833, 1834, 1835, 1837], "excluded_lines": [], "start_line": 1822}, "assess_overall_risk": {"executed_lines": [], "summary": {"covered_lines": 0, "num_statements": 54, "percent_covered": 0.0, "percent_covered_display": "0", "missing_lines": 54, "excluded_lines": 0, "percent_statements_covered": 0.0, "percent_statements_covered_display": "0"}, "missing_lines": [1848, 1849, 1852, 1853, 1854, 1855, 1856, 1857, 1858, 1859, 1862, 1863, 1864, 1865, 1866, 1869, 1870, 1871, 1872, 1873, 1874, 1877, 1878, 1879, 1880, 1881, 1884, 1885, 1886, 1887, 1888, 1889, 1890, 1891, 1892, 1893, 1896, 1897, 1898, 1899, 1900, 1901, 1903, 1906, 1907, 1908, 1909, 1910, 1912, 1913, 1914, 1915, 1916, 1918], "excluded_lines": [], "start_line": 1845}, "generate_strategic_recommendations": {"executed_lines": [], "summary": {"covered_lines": 0, "num_statements": 30, "percent_covered": 0.0, "percent_covered_display": "0", "missing_lines": 30, "excluded_lines": 0, "percent_statements_covered": 0.0, "percent_statements_covered_display": "0"}, "missing_lines": [1929, 1932, 1933, 1935, 1936, 1937, 1938, 1939, 1942, 1943, 1944, 1945, 1946, 1947, 1950, 1951, 1952, 1953, 1956, 1957, 1958, 1959, 1960, 1963, 1964, 1965, 1966, 1969, 1970, 1972], "excluded_lines": [], "start_line": 1926}, "generate_comprehensive_insights": {"executed_lines": [], "summary": {"covered_lines": 0, "num_statements": 33, "percent_covered": 0.0, "percent_covered_display": "0", "missing_lines": 33, "excluded_lines": 0, "percent_statements_covered": 0.0, "percent_statements_covered_display": "0"}, "missing_lines": [1978, 1981, 1982, 1983, 1984, 1986, 1987, 1988, 1991, 1992, 1993, 1994, 1995, 1996, 1998, 1999, 2000, 2001, 2002, 2003, 2006, 2007, 2008, 2009, 2010, 2013, 2014, 2015, 2016, 2017, 2019, 2020, 2022], "excluded_lines": [], "start_line": 1975}, "": {"executed_lines": [], "summary": {"covered_lines": 0, "num_statements": 78, "percent_covered": 0.0, "percent_covered_display": "0", "missing_lines": 78, "excluded_lines": 0, "percent_statements_covered": 0.0, "percent_statements_covered_display": "0"}, "missing_lines": [9, 10, 11, 12, 13, 14, 16, 23, 25, 26, 27, 28, 31, 33, 34, 35, 36, 37, 38, 39, 40, 41, 42, 43, 44, 52, 55, 62, 111, 135, 166, 206, 242, 270, 307, 345, 371, 414, 445, 478, 514, 559, 592, 638, 658, 708, 747, 777, 808, 825, 867, 931, 989, 1051, 1054, 1059, 1074, 1114, 1150, 1212, 1253, 1291, 1327, 1391, 1394, 1397, 1433, 1475, 1478, 1483, 1504, 1697, 1797, 1801, 1822, 1845, 1926, 1975], "excluded_lines": [], "start_line": 1}}, "classes": {"EventSeverity": {"executed_lines": [], "summary": {"covered_lines": 0, "num_statements": 0, "percent_covered": 100.0, "percent_covered_display": "100", "missing_lines": 0, "excluded_lines": 0, "percent_statements_covered": 100.0, "percent_statements_covered_display": "100"}, "missing_lines": [], "excluded_lines": [], "start_line": 23}, "EventCategory": {"executed_lines": [], "summary": {"covered_lines": 0, "num_statements": 0, "percent_covered": 100.0, "percent_covered_display": "100", "missing_lines": 0, "excluded_lines": 0, "percent_statements_covered": 100.0, "percent_statements_covered_display": "100"}, "missing_lines": [], "excluded_lines": [], "start_line": 31}, "ProgressiveEventAnalyzer": {"executed_lines": [], "summary": {"covered_lines": 0, "num_statements": 264, "percent_covered": 0.0, "percent_covered_display": "0", "missing_lines": 264, "excluded_lines": 0, "percent_statements_covered": 0.0, "percent_statements_covered_display": "0"}, "missing_lines": [56, 57, 65, 66, 69, 75, 81, 83, 115, 116, 117, 119, 120, 123, 133, 138, 140, 142, 146, 147, 150, 153, 156, 158, 168, 170, 172, 173, 174, 175, 176, 179, 180, 181, 182, 185, 186, 188, 189, 190, 191, 192, 200, 202, 204, 208, 209, 210, 211, 213, 216, 217, 218, 220, 221, 222, 224, 225, 226, 227, 228, 234, 239, 240, 244, 245, 247, 248, 251, 252, 255, 256, 259, 260, 261, 262, 263, 265, 267, 268, 272, 274, 276, 278, 280, 281, 282, 284, 285, 286, 287, 288, 291, 292, 294, 295, 302, 303, 305, 309, 310, 318, 319, 321, 322, 323, 324, 325, 326, 327, 328, 330, 333, 342, 343, 347, 349, 350, 351, 354, 355, 356, 358, 359, 360, 361, 363, 364, 366, 367, 369, 374, 377, 378, 380, 381, 382, 384, 385, 387, 388, 391, 392, 396, 397, 400, 405, 406, 412, 417, 419, 420, 421, 423, 424, 425, 427, 429, 430, 431, 436, 437, 438, 443, 447, 448, 450, 451, 452, 453, 454, 460, 461, 463, 464, 465, 466, 469, 470, 476, 480, 482, 483, 484, 485, 492, 494, 495, 496, 497, 500, 501, 508, 509, 510, 512, 516, 517, 520, 522, 530, 531, 532, 534, 535, 536, 537, 539, 540, 541, 542, 543, 546, 547, 548, 549, 550, 551, 553, 554, 555, 557, 561, 567, 568, 571, 572, 573, 574, 575, 576, 577, 578, 580, 581, 582, 584, 587, 588, 590, 594, 596, 597, 600, 601, 603, 604, 606, 607, 610, 611, 612, 613, 615, 616, 618, 619, 621, 622, 624, 625, 627, 628, 630], "excluded_lines": [], "start_line": 52}, "MLPatternDetector": {"executed_lines": [], "summary": {"covered_lines": 0, "num_statements": 147, "percent_covered": 0.0, "percent_covered_display": "0", "missing_lines": 147, "excluded_lines": 0, "percent_statements_covered": 0.0, "percent_statements_covered_display": "0"}, "missing_lines": [1055, 1056, 1057, 1062, 1072, 1077, 1078, 1081, 1082, 1084, 1085, 1086, 1087, 1088, 1090, 1091, 1094, 1095, 1097, 1098, 1100, 1102, 1103, 1112, 1118, 1119, 1120, 1121, 1124, 1125, 1126, 1128, 1129, 1132, 1135, 1136, 1137, 1144, 1153, 1154, 1157, 1163, 1164, 1165, 1166, 1167, 1169, 1172, 1173, 1176, 1177, 1178, 1184, 1186, 1188, 1189, 1190, 1193, 1195, 1201, 1203, 1210, 1214, 1216, 1218, 1221, 1222, 1223, 1225, 1226, 1229, 1231, 1232, 1235, 1236, 1239, 1248, 1249, 1251, 1255, 1263, 1264, 1265, 1267, 1268, 1269, 1270, 1271, 1272, 1273, 1274, 1275, 1276, 1279, 1288, 1289, 1293, 1295, 1297, 1299, 1301, 1302, 1303, 1304, 1307, 1308, 1309, 1312, 1313, 1314, 1322, 1323, 1325, 1329, 1336, 1338, 1339, 1340, 1341, 1342, 1344, 1345, 1346, 1348, 1349, 1350, 1351, 1352, 1354, 1355, 1357, 1358, 1359, 1362, 1363, 1364, 1365, 1368, 1369, 1370, 1372, 1373, 1375, 1378, 1380, 1381, 1383], "excluded_lines": [], "start_line": 1051}, "LogMetricsIntegrator": {"executed_lines": [], "summary": {"covered_lines": 0, "num_statements": 25, "percent_covered": 0.0, "percent_covered_display": "0", "missing_lines": 25, "excluded_lines": 0, "percent_statements_covered": 0.0, "percent_statements_covered_display": "0"}, "missing_lines": [1395, 1400, 1401, 1402, 1405, 1406, 1407, 1409, 1410, 1411, 1412, 1413, 1414, 1420, 1421, 1422, 1424, 1430, 1431, 1440, 1443, 1449, 1450, 1451, 1458], "excluded_lines": [], "start_line": 1391}, "RunbookSuggestionEngine": {"executed_lines": [], "summary": {"covered_lines": 0, "num_statements": 79, "percent_covered": 0.0, "percent_covered_display": "0", "missing_lines": 79, "excluded_lines": 0, "percent_statements_covered": 0.0, "percent_statements_covered_display": "0"}, "missing_lines": [1479, 1480, 1481, 1486, 1489, 1491, 1492, 1493, 1494, 1495, 1502, 1507, 1700, 1701, 1703, 1704, 1707, 1712, 1713, 1714, 1715, 1718, 1719, 1720, 1721, 1724, 1725, 1726, 1727, 1730, 1731, 1732, 1733, 1736, 1737, 1738, 1739, 1742, 1743, 1744, 1745, 1750, 1751, 1752, 1753, 1756, 1757, 1758, 1759, 1762, 1763, 1764, 1765, 1768, 1769, 1770, 1771, 1776, 1778, 1779, 1780, 1781, 1784, 1785, 1786, 1787, 1790, 1791, 1792, 1793, 1795, 1799, 1804, 1820, 1826, 1833, 1834, 1835, 1837], "excluded_lines": [], "start_line": 1475}, "": {"executed_lines": [], "summary": {"covered_lines": 0, "num_statements": 393, "percent_covered": 0.0, "percent_covered_display": "0", "missing_lines": 393, "excluded_lines": 0, "percent_statements_covered": 0.0, "percent_statements_covered_display": "0"}, "missing_lines": [9, 10, 11, 12, 13, 14, 16, 23, 25, 26, 27, 28, 31, 33, 34, 35, 36, 37, 38, 39, 40, 41, 42, 43, 44, 52, 55, 62, 111, 135, 166, 206, 242, 270, 307, 345, 371, 414, 445, 478, 514, 559, 592, 638, 650, 651, 653, 655, 658, 668, 669, 673, 674, 676, 677, 678, 679, 680, 681, 682, 685, 686, 687, 688, 689, 692, 693, 694, 695, 696, 697, 700, 701, 702, 705, 708, 716, 717, 720, 721, 722, 723, 724, 725, 727, 729, 733, 734, 735, 736, 739, 740, 741, 744, 747, 750, 752, 753, 756, 757, 758, 761, 763, 764, 765, 766, 767, 770, 771, 772, 774, 777, 781, 782, 784, 785, 786, 787, 788, 789, 790, 791, 794, 795, 797, 798, 799, 800, 801, 802, 805, 808, 812, 815, 817, 825, 833, 834, 835, 843, 846, 847, 848, 850, 853, 854, 855, 857, 858, 859, 860, 862, 864, 867, 873, 875, 876, 882, 883, 885, 886, 887, 889, 890, 893, 894, 896, 897, 898, 899, 903, 909, 910, 911, 912, 914, 915, 917, 931, 934, 936, 937, 939, 942, 943, 945, 946, 948, 949, 952, 953, 955, 956, 959, 960, 961, 962, 963, 966, 971, 972, 974, 975, 977, 978, 980, 981, 983, 984, 986, 989, 992, 994, 995, 998, 999, 1001, 1002, 1003, 1004, 1006, 1007, 1010, 1012, 1013, 1014, 1015, 1016, 1017, 1018, 1019, 1020, 1021, 1022, 1023, 1024, 1025, 1026, 1027, 1028, 1029, 1030, 1031, 1032, 1033, 1036, 1037, 1038, 1040, 1041, 1043, 1051, 1054, 1059, 1074, 1114, 1150, 1212, 1253, 1291, 1327, 1391, 1394, 1397, 1433, 1475, 1478, 1483, 1504, 1697, 1797, 1801, 1822, 1845, 1848, 1849, 1852, 1853, 1854, 1855, 1856, 1857, 1858, 1859, 1862, 1863, 1864, 1865, 1866, 1869, 1870, 1871, 1872, 1873, 1874, 1877, 1878, 1879, 1880, 1881, 1884, 1885, 1886, 1887, 1888, 1889, 1890, 1891, 1892, 1893, 1896, 1897, 1898, 1899, 1900, 1901, 1903, 1906, 1907, 1908, 1909, 1910, 1912, 1913, 1914, 1915, 1916, 1918, 1926, 1929, 1932, 1933, 1935, 1936, 1937, 1938, 1939, 1942, 1943, 1944, 1945, 1946, 1947, 1950, 1951, 1952, 1953, 1956, 1957, 1958, 1959, 1960, 1963, 1964, 1965, 1966, 1969, 1970, 1972, 1975, 1978, 1981, 1982, 1983, 1984, 1986, 1987, 1988, 1991, 1992, 1993, 1994, 1995, 1996, 1998, 1999, 2000, 2001, 2002, 2003, 2006, 2007, 2008, 2009, 2010, 2013, 2014, 2015, 2016, 2017, 2019, 2020, 2022], "excluded_lines": [], "start_line": 1}}}, "src/helpers/failure_analysis.py": {"executed_lines": [], "summary": {"covered_lines": 0, "num_statements": 561, "percent_covered": 0.0, "percent_covered_display": "0", "missing_lines": 561, "excluded_lines": 0, "percent_statements_covered": 0.0, "percent_statements_covered_display": "0"}, "missing_lines": [9, 10, 11, 13, 22, 40, 42, 43, 46, 47, 48, 49, 52, 53, 54, 58, 59, 60, 63, 64, 65, 66, 67, 68, 71, 72, 73, 77, 78, 79, 82, 83, 84, 89, 90, 91, 92, 109, 110, 112, 113, 122, 123, 124, 130, 143, 145, 148, 155, 157, 158, 161, 162, 163, 164, 167, 169, 170, 171, 176, 178, 180, 182, 183, 184, 186, 198, 200, 201, 203, 211, 212, 213, 219, 222, 225, 226, 227, 232, 234, 235, 237, 239, 240, 241, 243, 251, 252, 261, 262, 264, 266, 267, 268, 274, 282, 283, 286, 289, 290, 291, 300, 301, 303, 304, 305, 307, 316, 317, 320, 323, 324, 325, 331, 333, 334, 335, 341, 350, 352, 353, 354, 355, 358, 359, 360, 361, 362, 363, 364, 365, 366, 367, 368, 371, 372, 373, 374, 375, 376, 377, 378, 379, 380, 383, 384, 387, 388, 389, 390, 391, 392, 400, 401, 409, 410, 411, 412, 419, 420, 421, 422, 423, 425, 434, 435, 436, 449, 456, 458, 459, 460, 461, 462, 467, 468, 470, 477, 478, 479, 481, 487, 488, 493, 495, 496, 497, 500, 513, 515, 525, 526, 532, 538, 539, 545, 546, 547, 553, 562, 563, 564, 567, 572, 573, 576, 577, 578, 583, 584, 590, 595, 596, 597, 603, 605, 606, 609, 610, 612, 613, 615, 616, 618, 620, 621, 623, 627, 630, 631, 634, 635, 638, 639, 642, 645, 646, 647, 648, 649, 650, 652, 654, 666, 668, 669, 670, 671, 672, 674, 676, 678, 680, 683, 697, 699, 702, 703, 706, 707, 714, 715, 718, 719, 720, 721, 722, 723, 724, 725, 727, 730, 731, 732, 733, 734, 737, 738, 739, 740, 741, 742, 743, 745, 756, 759, 766, 767, 770, 771, 772, 773, 774, 777, 778, 779, 780, 781, 784, 786, 787, 788, 790, 791, 792, 793, 795, 796, 797, 799, 805, 807, 811, 813, 814, 815, 816, 817, 818, 820, 826, 834, 835, 838, 839, 840, 841, 842, 843, 844, 847, 848, 850, 851, 852, 853, 854, 855, 858, 859, 860, 863, 864, 865, 868, 869, 870, 871, 872, 873, 874, 875, 876, 878, 879, 881, 889, 892, 899, 907, 909, 910, 911, 912, 913, 914, 915, 916, 917, 919, 922, 924, 925, 926, 928, 929, 930, 932, 933, 936, 938, 939, 940, 942, 943, 944, 946, 947, 950, 952, 953, 954, 956, 957, 958, 960, 961, 964, 970, 971, 974, 975, 976, 986, 987, 988, 998, 999, 1000, 1009, 1011, 1012, 1015, 1022, 1023, 1024, 1027, 1028, 1029, 1030, 1031, 1032, 1033, 1034, 1037, 1038, 1039, 1040, 1041, 1042, 1043, 1044, 1047, 1048, 1049, 1050, 1051, 1052, 1053, 1056, 1057, 1058, 1059, 1061, 1064, 1070, 1072, 1073, 1074, 1075, 1077, 1080, 1081, 1082, 1083, 1084, 1086, 1089, 1090, 1091, 1092, 1093, 1094, 1095, 1096, 1098, 1112, 1113, 1122, 1129, 1131, 1132, 1135, 1137, 1138, 1140, 1141, 1142, 1143, 1144, 1147, 1150, 1152, 1153, 1154, 1155, 1156, 1157, 1159, 1162, 1163, 1164, 1165, 1166, 1167, 1169, 1172, 1173, 1176, 1177, 1179, 1187, 1193, 1194, 1196, 1199, 1200, 1201, 1203, 1204, 1205, 1206, 1207, 1209, 1211, 1212, 1214, 1215, 1217, 1218, 1220, 1233, 1234, 1235, 1236, 1247, 1255, 1256, 1257, 1260, 1261, 1263, 1264, 1265, 1266, 1268, 1269, 1270, 1273, 1275, 1276, 1281, 1282, 1287, 1288, 1293, 1294, 1301, 1308, 1309, 1310, 1311, 1312, 1313, 1314, 1315, 1317, 1326, 1327, 1328, 1329], "excluded_lines": [], "functions": {"identify_failure_context": {"executed_lines": [], "summary": {"covered_lines": 0, "num_statements": 39, "percent_covered": 0.0, "percent_covered_display": "0", "missing_lines": 39, "excluded_lines": 0, "percent_statements_covered": 0.0, "percent_statements_covered_display": "0"}, "missing_lines": [40, 42, 43, 46, 47, 48, 49, 52, 53, 54, 58, 59, 60, 63, 64, 65, 66, 67, 68, 71, 72, 73, 77, 78, 79, 82, 83, 84, 89, 90, 91, 92, 109, 110, 112, 113, 122, 123, 124], "excluded_lines": [], "start_line": 22}, "analyze_pipeline_failure": {"executed_lines": [], "summary": {"covered_lines": 0, "num_statements": 20, "percent_covered": 0.0, "percent_covered_display": "0", "missing_lines": 20, "excluded_lines": 0, "percent_statements_covered": 0.0, "percent_statements_covered_display": "0"}, "missing_lines": [143, 145, 148, 155, 157, 158, 161, 162, 163, 164, 167, 169, 170, 171, 176, 178, 180, 182, 183, 184], "excluded_lines": [], "start_line": 130}, "analyze_pod_failure": {"executed_lines": [], "summary": {"covered_lines": 0, "num_statements": 19, "percent_covered": 0.0, "percent_covered_display": "0", "missing_lines": 19, "excluded_lines": 0, "percent_statements_covered": 0.0, "percent_statements_covered_display": "0"}, "missing_lines": [198, 200, 201, 203, 211, 212, 213, 219, 222, 225, 226, 227, 232, 234, 235, 237, 239, 240, 241], "excluded_lines": [], "start_line": 186}, "analyze_generic_failure": {"executed_lines": [], "summary": {"covered_lines": 0, "num_statements": 8, "percent_covered": 0.0, "percent_covered_display": "0", "missing_lines": 8, "excluded_lines": 0, "percent_statements_covered": 0.0, "percent_statements_covered_display": "0"}, "missing_lines": [251, 252, 261, 262, 264, 266, 267, 268], "excluded_lines": [], "start_line": 243}, "build_failure_timeline": {"executed_lines": [], "summary": {"covered_lines": 0, "num_statements": 11, "percent_covered": 0.0, "percent_covered_display": "0", "missing_lines": 11, "excluded_lines": 0, "percent_statements_covered": 0.0, "percent_statements_covered_display": "0"}, "missing_lines": [282, 283, 286, 289, 290, 291, 300, 301, 303, 304, 305], "excluded_lines": [], "start_line": 274}, "find_related_failures": {"executed_lines": [], "summary": {"covered_lines": 0, "num_statements": 10, "percent_covered": 0.0, "percent_covered_display": "0", "missing_lines": 10, "excluded_lines": 0, "percent_statements_covered": 0.0, "percent_statements_covered_display": "0"}, "missing_lines": [316, 317, 320, 323, 324, 325, 331, 333, 334, 335], "excluded_lines": [], "start_line": 307}, "perform_advanced_rca": {"executed_lines": [], "summary": {"covered_lines": 0, "num_statements": 49, "percent_covered": 0.0, "percent_covered_display": "0", "missing_lines": 49, "excluded_lines": 0, "percent_statements_covered": 0.0, "percent_statements_covered_display": "0"}, "missing_lines": [350, 352, 353, 354, 355, 358, 359, 360, 361, 362, 363, 364, 365, 366, 367, 368, 371, 372, 373, 374, 375, 376, 377, 378, 379, 380, 383, 384, 387, 388, 389, 390, 391, 392, 400, 401, 409, 410, 411, 412, 419, 420, 421, 422, 423, 425, 434, 435, 436], "excluded_lines": [], "start_line": 341}, "analyze_resource_constraints": {"executed_lines": [], "summary": {"covered_lines": 0, "num_statements": 12, "percent_covered": 0.0, "percent_covered_display": "0", "missing_lines": 12, "excluded_lines": 0, "percent_statements_covered": 0.0, "percent_statements_covered_display": "0"}, "missing_lines": [456, 458, 459, 460, 461, 462, 467, 468, 470, 477, 478, 479], "excluded_lines": [], "start_line": 449}, "analyze_configuration_issues": {"executed_lines": [], "summary": {"covered_lines": 0, "num_statements": 6, "percent_covered": 0.0, "percent_covered_display": "0", "missing_lines": 6, "excluded_lines": 0, "percent_statements_covered": 0.0, "percent_statements_covered_display": "0"}, "missing_lines": [487, 488, 493, 495, 496, 497], "excluded_lines": [], "start_line": 481}, "analyze_pipeline_performance": {"executed_lines": [], "summary": {"covered_lines": 0, "num_statements": 4, "percent_covered": 0.0, "percent_covered_display": "0", "missing_lines": 4, "excluded_lines": 0, "percent_statements_covered": 0.0, "percent_statements_covered_display": "0"}, "missing_lines": [513, 515, 525, 526], "excluded_lines": [], "start_line": 500}, "analyze_pipeline_dependencies": {"executed_lines": [], "summary": {"covered_lines": 0, "num_statements": 5, "percent_covered": 0.0, "percent_covered_display": "0", "missing_lines": 5, "excluded_lines": 0, "percent_statements_covered": 0.0, "percent_statements_covered_display": "0"}, "missing_lines": [538, 539, 545, 546, 547], "excluded_lines": [], "start_line": 532}, "generate_remediation_plan": {"executed_lines": [], "summary": {"covered_lines": 0, "num_statements": 15, "percent_covered": 0.0, "percent_covered_display": "0", "missing_lines": 15, "excluded_lines": 0, "percent_statements_covered": 0.0, "percent_statements_covered_display": "0"}, "missing_lines": [562, 563, 564, 567, 572, 573, 576, 577, 578, 583, 584, 590, 595, 596, 597], "excluded_lines": [], "start_line": 553}, "calculate_confidence_score": {"executed_lines": [], "summary": {"covered_lines": 0, "num_statements": 11, "percent_covered": 0.0, "percent_covered_display": "0", "missing_lines": 11, "excluded_lines": 0, "percent_statements_covered": 0.0, "percent_statements_covered_display": "0"}, "missing_lines": [605, 606, 609, 610, 612, 613, 615, 616, 618, 620, 621], "excluded_lines": [], "start_line": 603}, "calculate_failure_impact_score": {"executed_lines": [], "summary": {"covered_lines": 0, "num_statements": 16, "percent_covered": 0.0, "percent_covered_display": "0", "missing_lines": 16, "excluded_lines": 0, "percent_statements_covered": 0.0, "percent_statements_covered_display": "0"}, "missing_lines": [627, 630, 631, 634, 635, 638, 639, 642, 645, 646, 647, 648, 649, 650, 652, 654], "excluded_lines": [], "start_line": 623}, "extract_log_content_string": {"executed_lines": [], "summary": {"covered_lines": 0, "num_statements": 8, "percent_covered": 0.0, "percent_covered_display": "0", "missing_lines": 8, "excluded_lines": 0, "percent_statements_covered": 0.0, "percent_statements_covered_display": "0"}, "missing_lines": [668, 669, 670, 671, 672, 674, 676, 678], "excluded_lines": [], "start_line": 666}, "get_category_description": {"executed_lines": [], "summary": {"covered_lines": 0, "num_statements": 2, "percent_covered": 0.0, "percent_covered_display": "0", "missing_lines": 2, "excluded_lines": 0, "percent_statements_covered": 0.0, "percent_statements_covered_display": "0"}, "missing_lines": [683, 697], "excluded_lines": [], "start_line": 680}, "analyze_error_patterns": {"executed_lines": [], "summary": {"covered_lines": 0, "num_statements": 28, "percent_covered": 0.0, "percent_covered_display": "0", "missing_lines": 28, "excluded_lines": 0, "percent_statements_covered": 0.0, "percent_statements_covered_display": "0"}, "missing_lines": [702, 703, 706, 707, 714, 715, 718, 719, 720, 721, 722, 723, 724, 725, 727, 730, 731, 732, 733, 734, 737, 738, 739, 740, 741, 742, 743, 745], "excluded_lines": [], "start_line": 699}, "analyze_failure_trends": {"executed_lines": [], "summary": {"covered_lines": 0, "num_statements": 26, "percent_covered": 0.0, "percent_covered_display": "0", "missing_lines": 26, "excluded_lines": 0, "percent_statements_covered": 0.0, "percent_statements_covered_display": "0"}, "missing_lines": [759, 766, 767, 770, 771, 772, 773, 774, 777, 778, 779, 780, 781, 784, 786, 787, 788, 790, 791, 792, 793, 795, 796, 797, 799, 805], "excluded_lines": [], "start_line": 756}, "calculate_trend_confidence": {"executed_lines": [], "summary": {"covered_lines": 0, "num_statements": 8, "percent_covered": 0.0, "percent_covered_display": "0", "missing_lines": 8, "excluded_lines": 0, "percent_statements_covered": 0.0, "percent_statements_covered_display": "0"}, "missing_lines": [811, 813, 814, 815, 816, 817, 818, 820], "excluded_lines": [], "start_line": 807}, "assess_failure_severity": {"executed_lines": [], "summary": {"covered_lines": 0, "num_statements": 35, "percent_covered": 0.0, "percent_covered_display": "0", "missing_lines": 35, "excluded_lines": 0, "percent_statements_covered": 0.0, "percent_statements_covered_display": "0"}, "missing_lines": [834, 835, 838, 839, 840, 841, 842, 843, 844, 847, 848, 850, 851, 852, 853, 854, 855, 858, 859, 860, 863, 864, 865, 868, 869, 870, 871, 872, 873, 874, 875, 876, 878, 879, 881], "excluded_lines": [], "start_line": 826}, "get_response_time_recommendation": {"executed_lines": [], "summary": {"covered_lines": 0, "num_statements": 2, "percent_covered": 0.0, "percent_covered_display": "0", "missing_lines": 2, "excluded_lines": 0, "percent_statements_covered": 0.0, "percent_statements_covered_display": "0"}, "missing_lines": [892, 899], "excluded_lines": [], "start_line": 889}, "categorize_impact_severity": {"executed_lines": [], "summary": {"covered_lines": 0, "num_statements": 10, "percent_covered": 0.0, "percent_covered_display": "0", "missing_lines": 10, "excluded_lines": 0, "percent_statements_covered": 0.0, "percent_statements_covered_display": "0"}, "missing_lines": [909, 910, 911, 912, 913, 914, 915, 916, 917, 919], "excluded_lines": [], "start_line": 907}, "generate_performance_impact_description": {"executed_lines": [], "summary": {"covered_lines": 0, "num_statements": 8, "percent_covered": 0.0, "percent_covered_display": "0", "missing_lines": 8, "excluded_lines": 0, "percent_statements_covered": 0.0, "percent_statements_covered_display": "0"}, "missing_lines": [924, 925, 926, 928, 929, 930, 932, 933], "excluded_lines": [], "start_line": 922}, "generate_reliability_impact_description": {"executed_lines": [], "summary": {"covered_lines": 0, "num_statements": 8, "percent_covered": 0.0, "percent_covered_display": "0", "missing_lines": 8, "excluded_lines": 0, "percent_statements_covered": 0.0, "percent_statements_covered_display": "0"}, "missing_lines": [938, 939, 940, 942, 943, 944, 946, 947], "excluded_lines": [], "start_line": 936}, "generate_cost_impact_description": {"executed_lines": [], "summary": {"covered_lines": 0, "num_statements": 8, "percent_covered": 0.0, "percent_covered_display": "0", "missing_lines": 8, "excluded_lines": 0, "percent_statements_covered": 0.0, "percent_statements_covered_display": "0"}, "missing_lines": [952, 953, 954, 956, 957, 958, 960, 961], "excluded_lines": [], "start_line": 950}, "analyze_system_impact": {"executed_lines": [], "summary": {"covered_lines": 0, "num_statements": 14, "percent_covered": 0.0, "percent_covered_display": "0", "missing_lines": 14, "excluded_lines": 0, "percent_statements_covered": 0.0, "percent_statements_covered_display": "0"}, "missing_lines": [970, 971, 974, 975, 976, 986, 987, 988, 998, 999, 1000, 1009, 1011, 1012], "excluded_lines": [], "start_line": 964}, "perform_risk_assessment": {"executed_lines": [], "summary": {"covered_lines": 0, "num_statements": 55, "percent_covered": 0.0, "percent_covered_display": "0", "missing_lines": 55, "excluded_lines": 0, "percent_statements_covered": 0.0, "percent_statements_covered_display": "0"}, "missing_lines": [1022, 1023, 1024, 1027, 1028, 1029, 1030, 1031, 1032, 1033, 1034, 1037, 1038, 1039, 1040, 1041, 1042, 1043, 1044, 1047, 1048, 1049, 1050, 1051, 1052, 1053, 1056, 1057, 1058, 1059, 1061, 1064, 1070, 1072, 1073, 1074, 1075, 1077, 1080, 1081, 1082, 1083, 1084, 1086, 1089, 1090, 1091, 1092, 1093, 1094, 1095, 1096, 1098, 1112, 1113], "excluded_lines": [], "start_line": 1015}, "calculate_simulation_quality": {"executed_lines": [], "summary": {"covered_lines": 0, "num_statements": 56, "percent_covered": 0.0, "percent_covered_display": "0", "missing_lines": 56, "excluded_lines": 0, "percent_statements_covered": 0.0, "percent_statements_covered_display": "0"}, "missing_lines": [1129, 1131, 1132, 1135, 1137, 1138, 1140, 1141, 1142, 1143, 1144, 1147, 1150, 1152, 1153, 1154, 1155, 1156, 1157, 1159, 1162, 1163, 1164, 1165, 1166, 1167, 1169, 1172, 1173, 1176, 1177, 1179, 1187, 1193, 1194, 1196, 1199, 1200, 1201, 1203, 1204, 1205, 1206, 1207, 1209, 1211, 1212, 1214, 1215, 1217, 1218, 1220, 1233, 1234, 1235, 1236], "excluded_lines": [], "start_line": 1122}, "generate_simulation_recommendations": {"executed_lines": [], "summary": {"covered_lines": 0, "num_statements": 35, "percent_covered": 0.0, "percent_covered_display": "0", "missing_lines": 35, "excluded_lines": 0, "percent_statements_covered": 0.0, "percent_statements_covered_display": "0"}, "missing_lines": [1255, 1256, 1257, 1260, 1261, 1263, 1264, 1265, 1266, 1268, 1269, 1270, 1273, 1275, 1276, 1281, 1282, 1287, 1288, 1293, 1294, 1301, 1308, 1309, 1310, 1311, 1312, 1313, 1314, 1315, 1317, 1326, 1327, 1328, 1329], "excluded_lines": [], "start_line": 1247}, "": {"executed_lines": [], "summary": {"covered_lines": 0, "num_statements": 33, "percent_covered": 0.0, "percent_covered_display": "0", "missing_lines": 33, "excluded_lines": 0, "percent_statements_covered": 0.0, "percent_statements_covered_display": "0"}, "missing_lines": [9, 10, 11, 13, 22, 130, 186, 243, 274, 307, 341, 449, 481, 500, 532, 553, 603, 623, 666, 680, 699, 756, 807, 826, 889, 907, 922, 936, 950, 964, 1015, 1122, 1247], "excluded_lines": [], "start_line": 1}}, "classes": {"": {"executed_lines": [], "summary": {"covered_lines": 0, "num_statements": 561, "percent_covered": 0.0, "percent_covered_display": "0", "missing_lines": 561, "excluded_lines": 0, "percent_statements_covered": 0.0, "percent_statements_covered_display": "0"}, "missing_lines": [9, 10, 11, 13, 22, 40, 42, 43, 46, 47, 48, 49, 52, 53, 54, 58, 59, 60, 63, 64, 65, 66, 67, 68, 71, 72, 73, 77, 78, 79, 82, 83, 84, 89, 90, 91, 92, 109, 110, 112, 113, 122, 123, 124, 130, 143, 145, 148, 155, 157, 158, 161, 162, 163, 164, 167, 169, 170, 171, 176, 178, 180, 182, 183, 184, 186, 198, 200, 201, 203, 211, 212, 213, 219, 222, 225, 226, 227, 232, 234, 235, 237, 239, 240, 241, 243, 251, 252, 261, 262, 264, 266, 267, 268, 274, 282, 283, 286, 289, 290, 291, 300, 301, 303, 304, 305, 307, 316, 317, 320, 323, 324, 325, 331, 333, 334, 335, 341, 350, 352, 353, 354, 355, 358, 359, 360, 361, 362, 363, 364, 365, 366, 367, 368, 371, 372, 373, 374, 375, 376, 377, 378, 379, 380, 383, 384, 387, 388, 389, 390, 391, 392, 400, 401, 409, 410, 411, 412, 419, 420, 421, 422, 423, 425, 434, 435, 436, 449, 456, 458, 459, 460, 461, 462, 467, 468, 470, 477, 478, 479, 481, 487, 488, 493, 495, 496, 497, 500, 513, 515, 525, 526, 532, 538, 539, 545, 546, 547, 553, 562, 563, 564, 567, 572, 573, 576, 577, 578, 583, 584, 590, 595, 596, 597, 603, 605, 606, 609, 610, 612, 613, 615, 616, 618, 620, 621, 623, 627, 630, 631, 634, 635, 638, 639, 642, 645, 646, 647, 648, 649, 650, 652, 654, 666, 668, 669, 670, 671, 672, 674, 676, 678, 680, 683, 697, 699, 702, 703, 706, 707, 714, 715, 718, 719, 720, 721, 722, 723, 724, 725, 727, 730, 731, 732, 733, 734, 737, 738, 739, 740, 741, 742, 743, 745, 756, 759, 766, 767, 770, 771, 772, 773, 774, 777, 778, 779, 780, 781, 784, 786, 787, 788, 790, 791, 792, 793, 795, 796, 797, 799, 805, 807, 811, 813, 814, 815, 816, 817, 818, 820, 826, 834, 835, 838, 839, 840, 841, 842, 843, 844, 847, 848, 850, 851, 852, 853, 854, 855, 858, 859, 860, 863, 864, 865, 868, 869, 870, 871, 872, 873, 874, 875, 876, 878, 879, 881, 889, 892, 899, 907, 909, 910, 911, 912, 913, 914, 915, 916, 917, 919, 922, 924, 925, 926, 928, 929, 930, 932, 933, 936, 938, 939, 940, 942, 943, 944, 946, 947, 950, 952, 953, 954, 956, 957, 958, 960, 961, 964, 970, 971, 974, 975, 976, 986, 987, 988, 998, 999, 1000, 1009, 1011, 1012, 1015, 1022, 1023, 1024, 1027, 1028, 1029, 1030, 1031, 1032, 1033, 1034, 1037, 1038, 1039, 1040, 1041, 1042, 1043, 1044, 1047, 1048, 1049, 1050, 1051, 1052, 1053, 1056, 1057, 1058, 1059, 1061, 1064, 1070, 1072, 1073, 1074, 1075, 1077, 1080, 1081, 1082, 1083, 1084, 1086, 1089, 1090, 1091, 1092, 1093, 1094, 1095, 1096, 1098, 1112, 1113, 1122, 1129, 1131, 1132, 1135, 1137, 1138, 1140, 1141, 1142, 1143, 1144, 1147, 1150, 1152, 1153, 1154, 1155, 1156, 1157, 1159, 1162, 1163, 1164, 1165, 1166, 1167, 1169, 1172, 1173, 1176, 1177, 1179, 1187, 1193, 1194, 1196, 1199, 1200, 1201, 1203, 1204, 1205, 1206, 1207, 1209, 1211, 1212, 1214, 1215, 1217, 1218, 1220, 1233, 1234, 1235, 1236, 1247, 1255, 1256, 1257, 1260, 1261, 1263, 1264, 1265, 1266, 1268, 1269, 1270, 1273, 1275, 1276, 1281, 1282, 1287, 1288, 1293, 1294, 1301, 1308, 1309, 1310, 1311, 1312, 1313, 1314, 1315, 1317, 1326, 1327, 1328, 1329], "excluded_lines": [], "start_line": 1}}}, "src/helpers/kubearchive_integration.py": {"executed_lines": [], "summary": {"covered_lines": 0, "num_statements": 878, "percent_covered": 0.0, "percent_covered_display": "0", "missing_lines": 878, "excluded_lines": 0, "percent_statements_covered": 0.0, "percent_statements_covered_display": "0"}, "missing_lines": [11, 12, 13, 14, 15, 16, 17, 18, 19, 20, 21, 22, 23, 24, 26, 29, 31, 36, 37, 40, 41, 43, 44, 46, 49, 54, 56, 62, 85, 86, 87, 88, 89, 90, 91, 92, 93, 94, 95, 96, 98, 116, 117, 118, 121, 122, 123, 126, 127, 129, 132, 133, 134, 136, 139, 140, 141, 142, 143, 146, 147, 148, 149, 150, 153, 154, 155, 156, 157, 160, 161, 162, 165, 166, 167, 168, 169, 170, 172, 174, 175, 178, 179, 180, 181, 182, 184, 185, 187, 189, 190, 191, 192, 201, 202, 204, 205, 206, 208, 209, 210, 211, 212, 214, 215, 217, 219, 221, 222, 223, 225, 226, 227, 228, 234, 235, 236, 238, 239, 241, 242, 243, 244, 246, 249, 250, 251, 252, 253, 254, 255, 256, 258, 259, 260, 261, 262, 264, 265, 267, 269, 287, 288, 291, 292, 293, 294, 295, 297, 298, 299, 301, 302, 303, 304, 307, 308, 309, 310, 311, 312, 313, 316, 317, 318, 319, 320, 322, 323, 324, 326, 328, 329, 330, 334, 336, 337, 341, 342, 343, 344, 345, 347, 353, 354, 355, 356, 357, 362, 363, 367, 369, 373, 374, 375, 376, 378, 379, 381, 382, 383, 385, 387, 388, 389, 390, 398, 399, 400, 403, 404, 406, 407, 408, 411, 412, 414, 416, 417, 418, 419, 420, 422, 423, 425, 427, 429, 431, 434, 436, 443, 445, 451, 452, 453, 454, 455, 457, 468, 470, 471, 473, 474, 475, 476, 477, 480, 481, 482, 484, 495, 497, 498, 501, 504, 511, 513, 520, 523, 524, 525, 526, 528, 529, 531, 532, 534, 535, 536, 537, 538, 539, 540, 542, 544, 545, 546, 547, 548, 549, 550, 551, 552, 553, 554, 555, 557, 558, 560, 562, 564, 566, 567, 569, 576, 584, 593, 594, 595, 596, 597, 598, 599, 601, 613, 614, 617, 618, 619, 620, 621, 622, 623, 624, 625, 630, 631, 632, 635, 636, 637, 638, 639, 640, 642, 645, 646, 647, 648, 649, 651, 653, 654, 656, 658, 659, 660, 661, 662, 663, 664, 665, 666, 667, 669, 670, 671, 672, 673, 674, 675, 677, 684, 686, 692, 693, 694, 695, 696, 698, 708, 710, 711, 717, 718, 719, 720, 723, 724, 731, 732, 733, 734, 736, 737, 743, 744, 745, 747, 748, 749, 750, 752, 753, 755, 756, 757, 758, 759, 760, 761, 762, 763, 764, 765, 766, 767, 768, 770, 771, 772, 773, 774, 775, 776, 777, 778, 780, 805, 806, 807, 810, 811, 812, 813, 815, 817, 818, 824, 825, 826, 827, 829, 832, 833, 836, 837, 844, 845, 846, 849, 850, 857, 858, 859, 861, 863, 867, 870, 894, 895, 896, 897, 899, 900, 907, 908, 909, 910, 911, 912, 913, 914, 915, 917, 919, 922, 923, 924, 925, 928, 929, 938, 939, 940, 941, 942, 943, 944, 945, 946, 948, 949, 950, 952, 955, 956, 957, 964, 965, 966, 967, 968, 970, 971, 973, 974, 975, 977, 978, 979, 980, 981, 982, 983, 984, 985, 987, 1006, 1007, 1010, 1012, 1013, 1014, 1015, 1018, 1019, 1020, 1021, 1022, 1023, 1024, 1025, 1026, 1030, 1031, 1032, 1033, 1034, 1035, 1038, 1039, 1040, 1041, 1042, 1044, 1047, 1050, 1052, 1055, 1056, 1057, 1060, 1061, 1062, 1063, 1069, 1070, 1072, 1074, 1075, 1076, 1078, 1079, 1080, 1082, 1083, 1084, 1086, 1087, 1091, 1093, 1094, 1095, 1098, 1105, 1108, 1110, 1111, 1114, 1115, 1116, 1117, 1118, 1119, 1120, 1121, 1122, 1123, 1124, 1126, 1127, 1128, 1129, 1131, 1133, 1134, 1136, 1137, 1138, 1139, 1140, 1142, 1143, 1144, 1145, 1147, 1148, 1149, 1150, 1151, 1153, 1155, 1156, 1157, 1158, 1159, 1161, 1188, 1189, 1190, 1196, 1199, 1209, 1210, 1211, 1217, 1224, 1226, 1227, 1228, 1229, 1231, 1233, 1234, 1235, 1237, 1238, 1241, 1242, 1243, 1244, 1246, 1247, 1250, 1251, 1252, 1253, 1254, 1255, 1257, 1262, 1263, 1270, 1271, 1272, 1277, 1278, 1280, 1281, 1285, 1286, 1287, 1292, 1323, 1324, 1325, 1331, 1332, 1335, 1336, 1337, 1340, 1341, 1342, 1343, 1348, 1355, 1357, 1358, 1359, 1360, 1361, 1362, 1363, 1368, 1369, 1370, 1377, 1378, 1379, 1384, 1385, 1386, 1390, 1391, 1392, 1397, 1400, 1414, 1415, 1417, 1418, 1420, 1423, 1427, 1430, 1431, 1433, 1435, 1456, 1469, 1470, 1472, 1473, 1475, 1478, 1483, 1484, 1486, 1496, 1498, 1499, 1501, 1502, 1504, 1505, 1507, 1509, 1511, 1512, 1514, 1515, 1517, 1524, 1537, 1538, 1540, 1541, 1542, 1543, 1545, 1546, 1547, 1548, 1549, 1551, 1552, 1553, 1557, 1559, 1569, 1570, 1571, 1577, 1581, 1582, 1584, 1585, 1586, 1587, 1593, 1598, 1599, 1609, 1640, 1641, 1643, 1644, 1645, 1647, 1650, 1651, 1652, 1653, 1654, 1657, 1658, 1660, 1661, 1662, 1665, 1666, 1667, 1669, 1670, 1671, 1672, 1673, 1676, 1677, 1679, 1680, 1681, 1682, 1683, 1684, 1685, 1686, 1688, 1689, 1695, 1696, 1697, 1700, 1703, 1716, 1718, 1720, 1722, 1723, 1724, 1725, 1727, 1730, 1786, 1788, 1789, 1790, 1799, 1800, 1801, 1810, 1811, 1812, 1815, 1826, 1827, 1836, 1837, 1840, 1842, 1843, 1844, 1845, 1846, 1849, 1850, 1855, 1856, 1857, 1858, 1859, 1865, 1866, 1867, 1868, 1869, 1870, 1872, 1874, 1875, 1876, 1877, 1880, 1881, 1882, 1883, 1885, 1886, 1888, 1890, 1900, 1901, 1902, 1911, 1913, 1914, 1916, 1924, 1926, 1927, 1928, 1929, 1931, 1934, 1936, 1937, 1938, 1940, 1951, 1953, 1954, 1955, 1956, 1957, 1958, 1959, 1962, 1963, 1965, 1968, 1982, 1984, 1987, 1995, 1996, 1997], "excluded_lines": [], "functions": {"setup_kubearchive_client": {"executed_lines": [], "summary": {"covered_lines": 0, "num_statements": 10, "percent_covered": 0.0, "percent_covered_display": "0", "missing_lines": 10, "excluded_lines": 0, "percent_statements_covered": 0.0, "percent_statements_covered_display": "0"}, "missing_lines": [36, 37, 40, 41, 43, 44, 46, 49, 54, 56], "excluded_lines": [], "start_line": 31}, "KubeArchiveEndpointDiscovery.__init__": {"executed_lines": [], "summary": {"covered_lines": 0, "num_statements": 11, "percent_covered": 0.0, "percent_covered_display": "0", "missing_lines": 11, "excluded_lines": 0, "percent_statements_covered": 0.0, "percent_statements_covered_display": "0"}, "missing_lines": [86, 87, 88, 89, 90, 91, 92, 93, 94, 95, 96], "excluded_lines": [], "start_line": 85}, "KubeArchiveEndpointDiscovery.discover_endpoint": {"executed_lines": [], "summary": {"covered_lines": 0, "num_statements": 47, "percent_covered": 0.0, "percent_covered_display": "0", "missing_lines": 47, "excluded_lines": 0, "percent_statements_covered": 0.0, "percent_statements_covered_display": "0"}, "missing_lines": [116, 117, 118, 121, 122, 123, 126, 127, 129, 132, 133, 134, 136, 139, 140, 141, 142, 143, 146, 147, 148, 149, 150, 153, 154, 155, 156, 157, 160, 161, 162, 165, 166, 167, 168, 169, 170, 172, 174, 175, 178, 179, 180, 181, 182, 184, 185], "excluded_lines": [], "start_line": 98}, "KubeArchiveEndpointDiscovery._check_route": {"executed_lines": [], "summary": {"covered_lines": 0, "num_statements": 17, "percent_covered": 0.0, "percent_covered_display": "0", "missing_lines": 17, "excluded_lines": 0, "percent_statements_covered": 0.0, "percent_statements_covered_display": "0"}, "missing_lines": [189, 190, 191, 192, 201, 202, 204, 205, 206, 208, 209, 210, 211, 212, 214, 215, 217], "excluded_lines": [], "start_line": 187}, "KubeArchiveEndpointDiscovery._check_ingress": {"executed_lines": [], "summary": {"covered_lines": 0, "num_statements": 33, "percent_covered": 0.0, "percent_covered_display": "0", "missing_lines": 33, "excluded_lines": 0, "percent_statements_covered": 0.0, "percent_statements_covered_display": "0"}, "missing_lines": [221, 222, 223, 225, 226, 227, 228, 234, 235, 236, 238, 239, 241, 242, 243, 244, 246, 249, 250, 251, 252, 253, 254, 255, 256, 258, 259, 260, 261, 262, 264, 265, 267], "excluded_lines": [], "start_line": 219}, "KubeArchiveEndpointDiscovery._check_kubeconfig_route_inference": {"executed_lines": [], "summary": {"covered_lines": 0, "num_statements": 60, "percent_covered": 0.0, "percent_covered_display": "0", "missing_lines": 60, "excluded_lines": 0, "percent_statements_covered": 0.0, "percent_statements_covered_display": "0"}, "missing_lines": [287, 288, 291, 292, 293, 294, 295, 297, 298, 299, 301, 302, 303, 304, 307, 308, 309, 310, 311, 312, 313, 316, 317, 318, 319, 320, 322, 323, 324, 326, 328, 329, 330, 334, 336, 337, 341, 342, 343, 344, 345, 347, 353, 354, 355, 356, 357, 362, 363, 367, 369, 373, 374, 375, 376, 378, 379, 381, 382, 383], "excluded_lines": [], "start_line": 269}, "KubeArchiveEndpointDiscovery._check_service": {"executed_lines": [], "summary": {"covered_lines": 0, "num_statements": 23, "percent_covered": 0.0, "percent_covered_display": "0", "missing_lines": 23, "excluded_lines": 0, "percent_statements_covered": 0.0, "percent_statements_covered_display": "0"}, "missing_lines": [387, 388, 389, 390, 398, 399, 400, 403, 404, 406, 407, 408, 411, 412, 414, 416, 417, 418, 419, 420, 422, 423, 425], "excluded_lines": [], "start_line": 385}, "KubeArchiveEndpointDiscovery._is_in_cluster_endpoint": {"executed_lines": [], "summary": {"covered_lines": 0, "num_statements": 1, "percent_covered": 0.0, "percent_covered_display": "0", "missing_lines": 1, "excluded_lines": 0, "percent_statements_covered": 0.0, "percent_statements_covered_display": "0"}, "missing_lines": [429], "excluded_lines": [], "start_line": 427}, "KubeArchiveEndpointDiscovery._is_running_in_cluster": {"executed_lines": [], "summary": {"covered_lines": 0, "num_statements": 1, "percent_covered": 0.0, "percent_covered_display": "0", "missing_lines": 1, "excluded_lines": 0, "percent_statements_covered": 0.0, "percent_statements_covered_display": "0"}, "missing_lines": [434], "excluded_lines": [], "start_line": 431}, "KubeArchiveEndpointDiscovery._is_openshift_cluster": {"executed_lines": [], "summary": {"covered_lines": 0, "num_statements": 7, "percent_covered": 0.0, "percent_covered_display": "0", "missing_lines": 7, "excluded_lines": 0, "percent_statements_covered": 0.0, "percent_statements_covered_display": "0"}, "missing_lines": [443, 445, 451, 452, 453, 454, 455], "excluded_lines": [], "start_line": 436}, "KubeArchiveEndpointDiscovery._find_available_port": {"executed_lines": [], "summary": {"covered_lines": 0, "num_statements": 11, "percent_covered": 0.0, "percent_covered_display": "0", "missing_lines": 11, "excluded_lines": 0, "percent_statements_covered": 0.0, "percent_statements_covered_display": "0"}, "missing_lines": [468, 470, 471, 473, 474, 475, 476, 477, 480, 481, 482], "excluded_lines": [], "start_line": 457}, "KubeArchiveEndpointDiscovery._setup_port_forward": {"executed_lines": [], "summary": {"covered_lines": 0, "num_statements": 23, "percent_covered": 0.0, "percent_covered_display": "0", "missing_lines": 23, "excluded_lines": 0, "percent_statements_covered": 0.0, "percent_statements_covered_display": "0"}, "missing_lines": [495, 497, 498, 501, 504, 511, 513, 520, 523, 524, 525, 526, 528, 529, 531, 532, 534, 535, 536, 537, 538, 539, 540], "excluded_lines": [], "start_line": 484}, "KubeArchiveEndpointDiscovery.stop_port_forward": {"executed_lines": [], "summary": {"covered_lines": 0, "num_statements": 14, "percent_covered": 0.0, "percent_covered_display": "0", "missing_lines": 14, "excluded_lines": 0, "percent_statements_covered": 0.0, "percent_statements_covered_display": "0"}, "missing_lines": [544, 545, 546, 547, 548, 549, 550, 551, 552, 553, 554, 555, 557, 558], "excluded_lines": [], "start_line": 542}, "KubeArchiveEndpointDiscovery.__del__": {"executed_lines": [], "summary": {"covered_lines": 0, "num_statements": 1, "percent_covered": 0.0, "percent_covered_display": "0", "missing_lines": 1, "excluded_lines": 0, "percent_statements_covered": 0.0, "percent_statements_covered_display": "0"}, "missing_lines": [562], "excluded_lines": [], "start_line": 560}, "KubeArchiveEndpointDiscovery.clear_cache": {"executed_lines": [], "summary": {"covered_lines": 0, "num_statements": 1, "percent_covered": 0.0, "percent_covered_display": "0", "missing_lines": 1, "excluded_lines": 0, "percent_statements_covered": 0.0, "percent_statements_covered_display": "0"}, "missing_lines": [566], "excluded_lines": [], "start_line": 564}, "KubeArchiveEndpointDiscovery.get_cached_endpoint": {"executed_lines": [], "summary": {"covered_lines": 0, "num_statements": 1, "percent_covered": 0.0, "percent_covered_display": "0", "missing_lines": 1, "excluded_lines": 0, "percent_statements_covered": 0.0, "percent_statements_covered_display": "0"}, "missing_lines": [569], "excluded_lines": [], "start_line": 567}, "KubeArchiveClient.__init__": {"executed_lines": [], "summary": {"covered_lines": 0, "num_statements": 7, "percent_covered": 0.0, "percent_covered_display": "0", "missing_lines": 7, "excluded_lines": 0, "percent_statements_covered": 0.0, "percent_statements_covered_display": "0"}, "missing_lines": [593, 594, 595, 596, 597, 598, 599], "excluded_lines": [], "start_line": 584}, "KubeArchiveClient._get_auth_token": {"executed_lines": [], "summary": {"covered_lines": 0, "num_statements": 29, "percent_covered": 0.0, "percent_covered_display": "0", "missing_lines": 29, "excluded_lines": 0, "percent_statements_covered": 0.0, "percent_statements_covered_display": "0"}, "missing_lines": [613, 614, 617, 618, 619, 620, 621, 622, 623, 624, 625, 630, 631, 632, 635, 636, 637, 638, 639, 640, 642, 645, 646, 647, 648, 649, 651, 653, 654], "excluded_lines": [], "start_line": 601}, "KubeArchiveClient._extract_token_from_client": {"executed_lines": [], "summary": {"covered_lines": 0, "num_statements": 17, "percent_covered": 0.0, "percent_covered_display": "0", "missing_lines": 17, "excluded_lines": 0, "percent_statements_covered": 0.0, "percent_statements_covered_display": "0"}, "missing_lines": [658, 659, 660, 661, 662, 663, 664, 665, 666, 667, 669, 670, 671, 672, 673, 674, 675], "excluded_lines": [], "start_line": 656}, "KubeArchiveClient._is_openshift_cluster": {"executed_lines": [], "summary": {"covered_lines": 0, "num_statements": 7, "percent_covered": 0.0, "percent_covered_display": "0", "missing_lines": 7, "excluded_lines": 0, "percent_statements_covered": 0.0, "percent_statements_covered_display": "0"}, "missing_lines": [684, 686, 692, 693, 694, 695, 696], "excluded_lines": [], "start_line": 677}, "KubeArchiveClient._get_openshift_token": {"executed_lines": [], "summary": {"covered_lines": 0, "num_statements": 47, "percent_covered": 0.0, "percent_covered_display": "0", "missing_lines": 47, "excluded_lines": 0, "percent_statements_covered": 0.0, "percent_statements_covered_display": "0"}, "missing_lines": [708, 710, 711, 717, 718, 719, 720, 723, 724, 731, 732, 733, 734, 736, 737, 743, 744, 745, 747, 748, 749, 750, 752, 753, 755, 756, 757, 758, 759, 760, 761, 762, 763, 764, 765, 766, 767, 768, 770, 771, 772, 773, 774, 775, 776, 777, 778], "excluded_lines": [], "start_line": 698}, "KubeArchiveClient._create_local_dev_token": {"executed_lines": [], "summary": {"covered_lines": 0, "num_statements": 89, "percent_covered": 0.0, "percent_covered_display": "0", "missing_lines": 89, "excluded_lines": 0, "percent_statements_covered": 0.0, "percent_statements_covered_display": "0"}, "missing_lines": [805, 806, 807, 810, 811, 812, 813, 815, 817, 818, 824, 825, 826, 827, 829, 832, 833, 836, 837, 844, 845, 846, 849, 850, 857, 858, 859, 861, 863, 867, 870, 894, 895, 896, 897, 899, 900, 907, 908, 909, 910, 911, 912, 913, 914, 915, 917, 919, 922, 923, 924, 925, 928, 929, 938, 939, 940, 941, 942, 943, 944, 945, 946, 948, 949, 950, 952, 955, 956, 957, 964, 965, 966, 967, 968, 970, 971, 973, 974, 975, 977, 978, 979, 980, 981, 982, 983, 984, 985], "excluded_lines": [], "start_line": 780}, "KubeArchiveClient._get_ssl_context": {"executed_lines": [], "summary": {"covered_lines": 0, "num_statements": 93, "percent_covered": 0.0, "percent_covered_display": "0", "missing_lines": 93, "excluded_lines": 0, "percent_statements_covered": 0.0, "percent_statements_covered_display": "0"}, "missing_lines": [1006, 1007, 1010, 1012, 1013, 1014, 1015, 1018, 1019, 1020, 1021, 1022, 1023, 1024, 1025, 1026, 1030, 1031, 1032, 1033, 1034, 1035, 1038, 1039, 1040, 1041, 1042, 1044, 1047, 1050, 1052, 1055, 1056, 1057, 1060, 1061, 1062, 1063, 1069, 1070, 1072, 1074, 1075, 1076, 1078, 1079, 1080, 1082, 1083, 1084, 1086, 1087, 1091, 1093, 1094, 1095, 1098, 1105, 1108, 1110, 1111, 1114, 1115, 1116, 1117, 1118, 1119, 1120, 1121, 1122, 1123, 1124, 1126, 1127, 1128, 1129, 1131, 1133, 1134, 1136, 1137, 1138, 1139, 1140, 1142, 1143, 1144, 1145, 1147, 1148, 1149, 1150, 1151], "excluded_lines": [], "start_line": 987}, "KubeArchiveClient.__del__": {"executed_lines": [], "summary": {"covered_lines": 0, "num_statements": 5, "percent_covered": 0.0, "percent_covered_display": "0", "missing_lines": 5, "excluded_lines": 0, "percent_statements_covered": 0.0, "percent_statements_covered_display": "0"}, "missing_lines": [1155, 1156, 1157, 1158, 1159], "excluded_lines": [], "start_line": 1153}, "KubeArchiveClient.query_resources": {"executed_lines": [], "summary": {"covered_lines": 0, "num_statements": 45, "percent_covered": 0.0, "percent_covered_display": "0", "missing_lines": 45, "excluded_lines": 0, "percent_statements_covered": 0.0, "percent_statements_covered_display": "0"}, "missing_lines": [1188, 1189, 1190, 1196, 1199, 1209, 1210, 1211, 1217, 1224, 1226, 1227, 1228, 1229, 1231, 1233, 1234, 1235, 1237, 1238, 1241, 1242, 1243, 1244, 1246, 1247, 1250, 1251, 1252, 1253, 1254, 1255, 1257, 1262, 1263, 1270, 1271, 1272, 1277, 1278, 1280, 1281, 1285, 1286, 1287], "excluded_lines": [], "start_line": 1161}, "KubeArchiveClient.get_resource_logs": {"executed_lines": [], "summary": {"covered_lines": 0, "num_statements": 33, "percent_covered": 0.0, "percent_covered_display": "0", "missing_lines": 33, "excluded_lines": 0, "percent_statements_covered": 0.0, "percent_statements_covered_display": "0"}, "missing_lines": [1323, 1324, 1325, 1331, 1332, 1335, 1336, 1337, 1340, 1341, 1342, 1343, 1348, 1355, 1357, 1358, 1359, 1360, 1361, 1362, 1363, 1368, 1369, 1370, 1377, 1378, 1379, 1384, 1385, 1386, 1390, 1391, 1392], "excluded_lines": [], "start_line": 1292}, "KubeArchiveClient._build_resource_url": {"executed_lines": [], "summary": {"covered_lines": 0, "num_statements": 11, "percent_covered": 0.0, "percent_covered_display": "0", "missing_lines": 11, "excluded_lines": 0, "percent_statements_covered": 0.0, "percent_statements_covered_display": "0"}, "missing_lines": [1400, 1414, 1415, 1417, 1418, 1420, 1423, 1427, 1430, 1431, 1433], "excluded_lines": [], "start_line": 1397}, "KubeArchiveClient._build_log_url": {"executed_lines": [], "summary": {"covered_lines": 0, "num_statements": 9, "percent_covered": 0.0, "percent_covered_display": "0", "missing_lines": 9, "excluded_lines": 0, "percent_statements_covered": 0.0, "percent_statements_covered_display": "0"}, "missing_lines": [1456, 1469, 1470, 1472, 1473, 1475, 1478, 1483, 1484], "excluded_lines": [], "start_line": 1435}, "KubeArchiveClient._build_query_params": {"executed_lines": [], "summary": {"covered_lines": 0, "num_statements": 14, "percent_covered": 0.0, "percent_covered_display": "0", "missing_lines": 14, "excluded_lines": 0, "percent_statements_covered": 0.0, "percent_statements_covered_display": "0"}, "missing_lines": [1496, 1498, 1499, 1501, 1502, 1504, 1505, 1507, 1509, 1511, 1512, 1514, 1515, 1517], "excluded_lines": [], "start_line": 1486}, "_derive_phase_from_conditions": {"executed_lines": [], "summary": {"covered_lines": 0, "num_statements": 15, "percent_covered": 0.0, "percent_covered_display": "0", "missing_lines": 15, "excluded_lines": 0, "percent_statements_covered": 0.0, "percent_statements_covered_display": "0"}, "missing_lines": [1537, 1538, 1540, 1541, 1542, 1543, 1545, 1546, 1547, 1548, 1549, 1551, 1552, 1553, 1557], "excluded_lines": [], "start_line": 1524}, "check_kubea
[...]
45, 4746, 4749, 4763, 4764, 4765, 4766, 4769, 4771, 4772, 4775, 4776, 4778, 4780, 4785, 4786, 4788, 4789, 4790, 4791, 4792, 4793, 4794, 4796, 4797, 4798, 4800, 4801, 4802, 4805, 4814, 4815, 4816, 4817, 4820, 4821, 4822, 4823, 4825, 4826, 4827, 4828, 4829, 4831, 4832, 4834, 4835, 4838, 4839, 4840, 4843, 4844, 4845, 4846, 4849, 4850, 4851, 4852, 4854, 4857, 4858, 4860, 4875, 4876, 4877, 4887, 4889, 4890, 4892, 4893, 4895, 4896, 4898, 4899, 4900, 4902, 4903, 4904, 4906, 4908, 4909, 4911, 4912, 4913, 4915, 4916, 4919, 4920, 4921, 4923, 4926, 4928, 4929, 4932, 4935, 4938, 4939, 4940, 4943, 4944, 4945, 4947, 4949, 4950, 4951, 4954, 4956, 4957, 4959, 4960, 4961, 4963, 4965, 4967, 4968, 4969, 4971, 4972, 4973, 4975, 4980, 4981, 4983, 4985, 4986, 4987, 4988, 4989, 4990, 4991, 4993, 4994, 4996, 4997, 4998, 5000, 5004, 5006, 5007, 5008, 5009, 5011, 5013, 5014, 5015, 5018, 5020, 5021, 5023, 5024, 5026, 5028, 5029, 5036, 5038, 5039, 5042, 5043, 5044, 5045, 5046, 5047, 5049, 5050, 5051, 5052, 5063, 5064, 5065, 5066, 5067, 5068, 5069, 5071, 5073, 5088, 5090, 5092, 5094, 5095, 5096, 5099, 5101, 5102, 5104, 5105, 5108, 5109, 5110, 5112, 5113, 5115, 5116, 5117, 5118, 5119, 5120, 5122, 5123, 5124, 5126, 5128, 5129, 5132, 5134, 5135, 5137, 5138, 5141, 5144, 5145, 5146, 5147, 5148, 5150, 5151, 5152, 5153, 5156, 5157, 5158, 5159, 5160, 5162, 5163, 5164, 5165, 5167, 5169, 5170, 5171, 5174, 5176, 5179, 5180, 5186, 5187, 5193, 5194, 5201, 5202, 5204, 5205, 5206, 5209, 5210, 5216, 5219, 5221, 5223, 5224, 5225, 5230, 5233, 5234, 5236, 5237, 5238, 5239, 5240, 5241, 5244, 5245, 5246, 5247, 5248, 5249, 5251, 5252, 5254, 5255, 5257, 5258, 5261, 5262, 5264, 5265, 5267, 5270, 5271, 5303, 5304, 5306, 5307, 5308, 5310, 5312, 5313, 5326, 5327, 5340, 5341, 5342, 5359, 5360, 5361, 5364, 5365, 5366, 5384, 5387, 5388, 5389, 5390, 5391, 5393, 5394, 5400, 5401, 5404, 5405, 5407, 5408, 5413, 5414, 5416, 5419, 5420, 5421, 5423, 5424, 5425, 5428, 5433, 5443, 5445, 5446, 5447, 5450, 5452, 5464, 5465, 5466, 5483, 5484, 5485, 5502, 5503, 5504, 5520, 5521, 5522, 5523, 5539, 5540, 5541, 5542, 5544, 5567, 5578, 5580, 5590, 5591, 5592, 5593, 5595, 5598, 5599, 5600, 5601, 5603, 5605, 5607, 5608, 5610, 5616, 5626, 5627, 5628, 5631, 5639, 5641, 5646, 5649, 5650, 5652, 5653, 5655, 5656, 5658, 5660, 5661, 5662, 5665, 5676, 5678, 5684, 5685, 5686, 5687, 5688, 5689, 5690, 5694, 5695, 5696, 5698, 5699, 5701, 5709, 5729, 5730, 5732, 5734, 5735, 5737, 5738, 5739, 5740, 5743, 5744, 5745, 5747, 5750, 5752, 5753, 5754, 5758, 5760, 5762, 5763, 5764, 5765, 5768, 5769, 5772, 5773, 5774, 5775, 5779, 5782, 5783, 5784, 5785, 5786, 5787, 5788, 5789, 5790, 5793, 5794, 5795, 5796, 5798, 5800, 5801, 5803, 5805, 5806, 5807, 5808, 5812, 5815, 5816, 5817, 5819, 5820, 5821, 5822, 5824, 5825, 5826, 5827, 5828, 5829, 5830, 5831, 5832, 5834, 5835, 5837, 5839, 5842, 5844, 5846, 5847, 5850, 5853, 5854, 5856, 5858, 5859, 5861, 5864, 5867, 5869, 5870, 5871, 5872, 5873, 5874, 5876, 5877, 5878, 5880, 5881, 5884, 5912, 5913, 5915, 5916, 5918, 5920, 5931, 5933, 5934, 5935, 5936, 5937, 5940, 5942, 5944, 5946, 5949, 5950, 5951, 5953, 5954, 5955, 5957, 5958, 5960, 5961, 5962, 5963, 5965, 5966, 5968, 5969, 5970, 5971, 5973, 5976, 5987, 5988, 5990, 5991, 5992, 5993, 5997, 5999, 6000, 6002, 6004, 6007, 6009, 6010, 6011, 6012, 6014, 6015, 6016, 6019, 6020, 6023, 6026, 6027, 6029, 6031, 6039, 6040, 6077, 6078, 6080, 6081, 6083, 6084, 6088, 6089, 6090, 6091, 6093, 6094, 6095, 6096, 6098, 6099, 6100, 6102, 6103, 6104, 6106, 6107, 6108, 6110, 6112, 6115, 6123, 6125, 6127, 6129, 6130, 6131, 6133, 6134, 6135, 6136, 6137, 6139, 6140, 6142, 6146, 6149, 6156, 6157, 6159, 6160, 6162, 6165, 6167, 6168, 6170, 6176, 6177, 6179, 6180, 6186, 6187, 6189, 6190, 6191, 6193, 6194, 6196, 6198, 6199, 6201, 6202, 6208, 6209, 6211, 6214, 6215, 6218, 6219, 6222, 6223, 6226, 6227, 6230, 6231, 6232, 6234, 6237, 6238, 6239, 6241, 6243, 6244, 6246, 6252, 6254, 6255, 6256, 6258, 6260, 6261, 6264, 6267, 6295, 6296, 6299, 6300, 6301, 6303, 6305, 6306, 6307, 6308, 6318, 6319, 6337, 6338, 6339, 6342, 6344, 6346, 6354, 6355, 6356, 6359, 6361, 6363, 6366, 6367, 6368, 6370, 6371, 6373, 6375, 6376, 6379, 6380, 6381, 6383, 6385, 6394, 6396, 6397, 6399, 6400, 6401, 6402, 6407, 6409, 6410, 6411, 6419, 6421, 6422, 6423, 6426, 6427, 6434, 6435, 6436, 6438, 6439, 6440, 6441, 6442, 6443, 6445, 6446, 6454, 6455, 6457, 6458, 6459, 6462, 6463, 6464, 6466, 6476, 6477, 6478, 6479, 6480, 6482, 6483, 6485, 6486, 6489, 6491, 6492, 6494, 6507, 6508, 6509, 6515, 6516, 6537, 6538, 6540, 6541, 6542, 6545, 6546, 6549, 6550, 6551, 6553, 6554, 6557, 6558, 6584, 6588, 6589, 6599, 6602, 6603, 6605, 6606, 6607, 6609, 6611, 6620, 6622, 6631, 6632, 6633, 6634, 6636, 6638, 6640, 6641, 6642, 6645, 6655, 6656, 6657, 6658, 6660, 6662, 6663, 6665, 6678, 6679, 6680, 6687, 6688, 6711, 6712, 6715, 6716, 6717, 6718, 6719, 6721, 6722, 6724, 6725, 6727, 6728, 6729, 6730, 6731, 6734, 6737, 6738, 6741, 6742, 6743, 6745, 6746, 6749, 6750, 6751, 6764, 6772, 6773, 6774, 6777, 6778, 6781, 6782, 6784, 6786, 6787, 6788, 6791, 6794, 6795, 6805, 6806, 6807, 6808, 6810, 6812, 6813, 6814, 6815, 6822, 6823, 6824, 6825, 6828, 6831, 6832, 6833, 6835, 6836, 6837, 6839, 6840, 6843, 6846, 6847, 6848, 6850, 6851, 6852, 6854, 6856, 6863, 6864, 6870, 6871, 6872, 6875, 6876, 6878, 6881, 6882, 6883, 6886, 6887, 6890, 6901, 6902, 6903, 6904, 6906, 6907, 6909, 6910, 6913, 6929, 6930, 6931, 6943, 6944, 6972, 6973, 6979, 6980, 6982, 6983, 6985, 6986, 6987, 6988, 6990, 6991, 6993, 6994, 6995, 6996, 6999, 7000, 7001, 7004, 7005, 7006, 7009, 7010, 7011, 7013, 7014, 7015, 7017, 7018, 7019, 7021, 7022, 7023, 7026, 7027, 7028, 7029, 7031, 7032, 7033, 7038, 7039, 7040, 7042, 7052, 7054, 7055, 7056, 7057, 7058, 7059, 7063, 7064, 7066, 7067, 7069, 7071, 7072, 7074, 7075, 7076, 7077, 7078, 7080, 7081, 7084, 7085, 7086, 7087, 7089, 7090, 7092, 7093, 7098, 7099, 7100, 7102, 7112, 7114, 7115, 7116, 7117, 7118, 7119, 7123, 7124, 7126, 7127, 7129, 7130, 7132, 7133, 7135, 7136, 7137, 7138, 7139, 7142, 7147, 7148, 7152, 7153, 7156, 7157, 7158, 7160, 7161, 7164, 7165, 7205, 7206, 7208, 7209, 7213, 7214, 7215, 7216, 7218, 7219, 7220, 7221, 7223, 7224, 7225, 7227, 7228, 7229, 7231, 7233, 7236, 7238, 7244, 7245, 7246, 7249, 7250, 7252, 7253, 7254, 7255, 7257, 7260, 7261, 7262, 7264, 7265, 7268, 7269, 7275, 7276, 7278, 7279, 7285, 7286, 7288, 7289, 7290, 7292, 7293, 7295, 7297, 7298, 7300, 7301, 7307, 7308, 7310, 7313, 7314, 7315, 7317, 7318, 7319, 7320, 7322, 7323, 7325, 7326, 7327, 7328, 7331, 7332, 7333, 7334, 7337, 7338, 7339, 7342, 7344, 7369, 7370, 7373, 7374, 7375, 7377, 7379, 7380, 7381, 7382, 7392, 7393, 7422, 7423, 7425, 7426, 7430, 7431, 7432, 7433, 7435, 7436, 7437, 7438, 7441, 7442, 7443, 7444, 7446, 7447, 7448, 7449, 7451, 7452, 7453, 7454, 7456, 7458, 7466, 7467, 7468, 7469, 7470, 7471, 7472, 7475, 7478, 7489, 7490, 7491, 7493, 7498, 7500, 7504, 7505, 7512, 7513, 7515, 7517, 7518, 7523, 7524, 7530, 7536, 7538, 7540, 7541, 7546, 7547, 7553, 7559, 7561, 7563, 7564, 7570, 7571, 7578, 7579, 7582, 7591, 7594, 7595, 7604, 7607, 7629, 7630, 7632, 7634, 7636, 7637, 7638, 7639, 7650, 7651, 7674, 7675, 7677, 7678, 7680, 7682, 7690, 7691, 7694, 7695, 7696, 7705, 7707, 7708, 7709, 7710, 7711, 7712, 7713, 7720, 7721, 7729, 7730, 7731, 7732, 7734, 7735, 7744, 7747, 7755, 7756, 7758, 7759, 7761, 7762, 7764, 7765, 7766, 7767, 7768, 7775, 7777, 7778, 7780, 7781, 7782, 7788, 7789, 7814, 7817, 7818, 7819, 7821, 7823, 7825, 7831, 7832, 7835, 7836, 7838, 7839, 7840, 7848, 7850, 7859, 7861, 7862, 7863, 7864, 7865, 7866, 7867, 7868, 7870, 7871, 7872, 7873, 7874, 7875, 7876, 7877, 7878, 7880, 7881, 7886, 7888, 7889, 7890, 7892, 7895, 7906, 7907, 7908, 7909, 7910, 7913, 7914, 7915, 7916, 7917, 7920, 7921, 7922, 7923, 7924, 7925, 7928, 7929, 7930, 7934, 7935, 7938, 7944, 7945, 7947, 7948, 7950, 7951, 7952, 7958, 7959, 7986, 7987, 7988, 7990, 7991, 7992, 7995, 8023, 8024, 8025, 8026, 8027, 8030, 8031, 8032, 8033, 8034, 8037, 8038, 8050, 8053, 8054, 8055, 8056, 8058, 8059, 8060, 8065, 8066, 8078, 8079, 8080, 8081, 8083, 8086, 8087, 8088, 8089, 8090, 8092, 8093, 8096, 8097, 8098, 8099, 8102, 8107, 8108, 8111, 8112, 8120, 8121, 8124, 8127, 8128, 8129, 8131, 8132, 8134, 8135, 8137, 8138, 8139, 8155, 8156, 8178, 8179, 8182, 8207, 8208, 8210, 8211, 8212, 8213, 8214, 8215, 8216, 8219, 8220, 8222, 8223, 8224, 8225, 8228, 8229, 8230, 8231, 8232, 8234, 8235, 8236, 8239, 8241, 8242, 8243, 8245, 8248, 8250, 8251, 8252, 8253, 8255, 8256, 8288, 8291, 8292, 8293, 8294, 8300, 8302, 8303, 8304, 8306, 8307, 8308, 8309, 8310, 8312, 8313, 8318, 8319, 8321, 8329, 8330, 8331, 8332, 8333, 8334, 8335, 8336, 8337, 8338, 8340, 8341, 8342, 8343, 8344, 8349, 8359, 8360, 8361, 8362, 8363, 8364, 8365, 8367, 8368, 8371, 8372, 8373, 8374, 8375, 8377, 8389, 8395, 8396, 8405, 8406, 8407, 8408, 8409, 8413, 8414, 8416, 8419, 8420, 8421, 8422, 8423, 8431, 8432, 8433, 8438, 8441, 8442, 8443, 8445, 8458, 8459, 8460, 8466, 8469, 8470, 8473, 8474, 8483, 8484, 8493, 8494, 8503, 8505, 8506, 8508, 8509, 8510, 8529, 8530, 8550, 8552, 8554, 8567, 8568, 8569, 8570, 8571, 8572, 8573, 8574, 8575, 8576, 8578, 8581, 8605, 8607, 8608, 8609, 8610, 8612, 8615, 8618, 8619, 8620, 8621, 8622, 8624, 8625, 8632, 8633, 8634, 8635, 8636, 8639, 8640, 8641, 8642, 8644, 8645, 8648, 8649, 8650, 8651, 8652, 8654, 8655, 8658, 8659, 8660, 8661, 8662, 8663, 8664, 8665, 8666, 8667, 8669, 8670, 8671, 8672, 8673, 8674, 8675, 8676, 8677, 8680, 8683, 8684, 8685, 8686, 8687, 8688, 8689, 8690, 8691, 8694, 8695, 8696, 8697, 8698, 8699, 8700, 8701, 8702, 8705, 8706, 8707, 8708, 8709, 8710, 8711, 8712, 8713, 8716, 8717, 8718, 8719, 8720, 8721, 8722, 8723, 8724, 8726, 8727, 8728, 8729, 8730, 8731, 8732, 8734, 8735, 8737, 8738, 8740, 8743, 8744, 8745, 8748, 8749, 8752, 8753, 8756, 8757, 8758, 8759, 8762, 8766, 8767, 8769, 8772, 8775, 8776, 8777, 8778, 8779, 8780, 8784, 8785, 8786, 8788, 8791, 8812, 8813, 8814, 8815, 8816, 8819, 8820, 8822, 8825, 8829, 8832, 8834, 8835, 8836, 8837, 8838, 8839, 8840, 8841, 8842, 8843, 8844, 8845, 8847, 8848, 8850, 8871, 8874, 8875, 8883, 8884, 8892, 8893, 8901, 8902, 8909, 8910, 8918, 8919, 8927, 8928, 8937, 8938, 8939, 8946, 8947, 8949, 8950, 8952, 8955, 8956, 8957, 8958, 8959, 8960, 8962, 8963, 8965, 8966, 8967, 8968, 8971, 8972, 8973, 8974, 8975, 8976, 8977, 8979, 8980, 8982, 8983, 8984, 8986, 8987, 8988, 8989, 8990, 8994, 8995, 8996, 8997, 9001, 9002, 9003, 9005, 9007, 9016, 9019, 9020, 9025, 9028, 9029, 9032, 9033, 9034, 9036, 9039, 9040, 9041, 9042, 9045, 9055, 9058, 9060, 9061, 9062, 9075, 9076, 9104, 9105, 9108, 9109, 9110, 9114, 9115, 9116, 9121, 9123, 9124, 9129, 9130, 9131, 9132, 9133, 9134, 9135, 9136, 9137, 9138, 9139, 9142, 9155, 9158, 9161, 9168, 9169, 9170, 9172, 9173, 9174, 9175, 9177, 9178, 9179, 9180, 9181, 9182, 9183, 9186, 9187, 9188, 9189, 9196, 9203, 9204, 9205, 9208, 9209, 9212, 9213, 9216, 9217, 9218, 9220, 9221, 9222, 9223, 9224, 9225, 9227, 9230, 9231, 9232, 9233, 9237, 9238, 9239, 9244, 9245, 9246, 9251, 9252, 9255, 9257, 9270, 9272, 9274, 9275, 9276, 9288, 9289, 9310, 9312, 9314, 9316, 9322, 9323, 9326, 9327, 9328, 9329, 9330, 9331, 9332, 9333, 9335, 9338, 9339, 9340, 9341, 9344, 9345, 9346, 9349, 9350, 9351, 9352, 9354, 9362, 9363, 9364, 9365, 9366, 9372, 9375, 9381, 9382, 9383, 9390, 9391, 9392, 9395, 9396, 9397, 9398, 9401, 9404, 9405, 9406, 9407, 9409, 9410, 9413, 9414, 9416, 9417, 9419, 9420, 9421, 9422, 9423, 9425, 9426, 9434, 9435, 9436, 9437, 9440, 9441, 9444, 9448, 9450, 9452, 9453, 9454, 9456, 9464, 9467, 9469, 9470, 9471, 9472, 9487, 9488, 9489, 9490, 9506, 9515, 9517, 9518, 9519, 9521, 9523, 9524, 9525, 9528, 9529, 9530, 9531, 9538, 9539, 9540, 9546, 9547, 9548, 9551, 9553, 9555, 9556, 9558, 9560, 9561, 9562, 9564, 9565, 9566, 9567, 9568, 9570, 9572, 9573, 9575, 9576, 9577, 9578, 9579, 9580, 9582, 9599, 9600, 9608, 9609, 9610, 9622, 9623, 9624, 9633, 9634, 9635, 9636, 9638, 9639, 9640, 9641, 9642, 9644, 9645, 9647, 9663, 9664, 9672, 9673, 9674, 9683, 9684, 9685, 9687, 9688, 9689, 9690, 9691, 9693, 9706, 9716, 9717, 9718, 9745, 9746, 9768, 9770, 9772, 9774, 9780, 9781, 9784, 9785, 9786, 9787, 9788, 9789, 9790, 9791, 9793, 9796, 9797, 9798, 9803, 9804, 9805, 9806, 9807, 9814, 9815, 9816, 9825, 9826, 9827, 9828, 9830, 9840, 9841, 9842, 9843, 9844, 9845, 9846, 9847, 9850, 9851, 9852, 9853, 9854, 9855, 9857, 9860, 9861, 9862, 9864, 9865, 9866, 9867, 9868, 9869, 9871, 9874, 9876, 9879, 9880, 9881, 9884, 9885, 9886, 9888, 9889, 9890, 9891, 9892, 9894, 9902, 9905, 9913, 9914, 9915, 9917, 9918, 9920, 9921, 9922, 9924, 9925, 9926, 9929, 9930, 9931, 9938, 9939, 9940, 9942, 9943, 9944, 9947, 9948, 9949, 9956, 9957, 9958, 9960, 9968, 9969, 9970, 9972, 9981, 9993, 9994, 9995, 9996, 9999, 10000, 10001, 10002, 10003, 10004, 10005, 10007, 10009, 10010, 10011, 10012, 10014, 10015, 10017, 10031, 10032, 10034, 10035, 10038, 10039, 10040, 10041, 10042, 10044, 10045, 10046, 10047, 10048, 10049, 10051, 10057, 10058, 10059, 10060, 10062, 10063, 10065, 10079, 10080, 10082, 10083, 10086, 10087, 10088, 10089, 10091, 10092, 10093, 10094, 10095, 10096, 10098, 10104, 10105, 10106, 10107, 10109, 10110, 10112, 10127, 10128, 10130, 10131, 10134, 10135, 10136, 10137, 10139, 10140, 10141, 10142, 10143, 10144, 10146, 10152, 10153, 10155, 10156, 10158, 10159, 10160, 10161, 10163, 10177, 10178, 10180, 10181, 10184, 10185, 10186, 10187, 10188, 10190, 10191, 10192, 10193, 10195, 10201, 10202, 10203, 10204, 10205, 10207, 10221, 10222, 10224, 10225, 10227, 10228, 10229, 10230, 10232, 10238, 10239, 10240, 10241, 10243, 10244, 10246, 10258, 10259, 10261, 10262, 10263, 10264, 10265, 10266, 10268, 10274, 10275, 10276, 10277, 10279, 10280, 10282, 10295, 10296, 10298, 10299, 10300, 10301, 10302, 10303, 10305, 10311, 10312, 10313, 10322, 10323, 10325, 10338, 10339, 10341, 10342, 10345, 10346, 10347, 10348, 10354, 10356, 10357, 10360, 10361, 10362, 10370, 10371, 10373, 10386, 10387, 10389, 10390, 10393, 10394, 10395, 10403, 10405, 10406, 10407, 10410, 10411, 10413, 10428, 10429, 10432, 10433, 10434, 10435, 10441, 10444, 10445, 10446, 10447, 10453, 10455, 10456, 10457, 10458, 10459, 10460, 10462, 10468, 10469, 10470, 10477, 10479, 10480, 10481, 10483, 10496, 10497, 10499, 10500, 10501, 10502, 10503, 10504, 10506, 10511, 10512, 10514, 10522, 10523, 10549, 10550, 10553, 10556, 10558, 10559, 10567, 10568, 10573, 10574, 10577, 10578, 10579, 10582, 10588, 10589, 10590, 10592, 10593, 10594, 10595, 10596, 10599, 10600, 10601, 10602, 10605, 10606, 10607, 10609, 10610, 10611, 10613, 10616, 10631, 10634, 10635, 10636, 10637, 10639, 10640, 10641, 10642, 10643, 10644, 10645, 10648, 10649, 10650, 10653, 10654, 10655, 10658, 10659, 10661, 10662, 10663, 10664, 10665, 10668, 10670, 10671, 10673, 10675, 10676, 10677, 10679, 10680, 10681, 10682, 10683, 10684, 10685, 10686, 10687, 10689, 10690, 10693, 10694, 10699, 10708, 10711, 10712, 10714, 10732, 10733, 10734, 10735, 10737, 10740, 10741, 10742, 10743, 10745, 10747, 10748, 10749, 10757, 10758, 10759, 10784, 10785, 10788, 10789, 10790, 10792, 10793, 10796, 10797, 10804, 10805, 10806, 10807, 10808, 10809, 10810, 10811, 10812, 10813, 10814, 10815, 10818, 10842, 10843, 10845, 10846, 10847, 10849, 10851, 10852, 10855, 10856, 10857, 10858, 10859, 10860, 10862, 10863, 10865, 10866, 10868, 10869, 10870, 10871, 10873, 10874, 10875, 10880, 10881, 10882, 10883, 10884, 10886, 10887, 10888, 10891, 10892, 10893, 10894, 10900, 10903, 10905, 10906, 10907, 10908, 10910, 10913, 10916, 10919, 10920, 10921, 10923, 10924, 10926, 10927, 10928, 10929, 10932, 10933, 10934, 10935, 10938, 10939, 10945, 10946, 10947, 10948, 10957, 10958, 10959, 10966, 10967, 10970, 10971, 10972, 10974, 10975, 10978, 10979, 10980, 10989, 10998, 10999, 11000, 11006, 11007, 11008, 11011, 11013, 11014, 11018, 11019, 11020, 11021, 11030, 11032, 11033, 11035, 11036, 11037, 11038, 11039, 11040, 11041, 11042, 11044, 11054, 11055, 11056, 11057, 11058, 11062, 11063, 11065, 11070, 11077, 11080, 11081, 11083, 11084, 11085, 11086, 11088, 11091, 11095, 11096, 11098, 11101, 11105, 11106, 11108, 11111, 11116, 11117, 11119, 11120, 11121, 11146, 11147, 11148, 11180, 11181, 11187, 11188, 11190, 11196, 11198, 11201, 11202, 11204, 11222, 11223, 11226, 11227, 11230, 11231, 11235, 11237, 11238, 11244, 11245, 11247, 11248, 11249, 11251, 11253, 11254, 11255, 11256, 11258, 11273, 11275, 11276, 11277, 11279, 11280, 11282, 11284, 11285, 11293, 11294, 11297, 11298, 11299, 11300, 11301, 11302, 11303, 11304, 11305, 11307, 11308, 11309, 11312, 11313, 11314, 11315, 11316, 11317, 11318, 11321, 11322, 11323, 11324, 11325, 11326, 11329, 11330, 11331, 11333, 11334, 11341, 11342, 11343, 11345, 11346, 11348, 11349, 11354, 11356, 11358, 11359, 11361, 11365, 11368, 11369, 11371, 11373, 11374, 11380, 11381, 11382, 11394, 11396, 11397, 11398, 11399, 11401, 11402, 11403, 11404, 11405, 11406, 11407, 11409, 11410, 11412, 11413, 11414, 11415, 11417, 11418, 11419, 11420, 11421, 11424, 11426, 11427, 11430, 11431, 11434, 11435, 11436, 11439, 11440, 11441, 11443, 11444, 11446, 11449, 11451, 11452, 11455, 11456, 11459, 11460, 11463, 11464, 11466, 11467, 11468, 11471, 11473, 11474, 11483, 11484, 11485, 11488, 11489, 11490, 11492, 11494, 11495, 11496, 11499, 11500, 11502, 11503, 11504, 11505, 11507, 11515, 11516, 11519, 11521, 11522, 11531, 11532, 11533, 11536, 11537, 11538, 11540, 11542, 11543, 11544, 11546, 11547, 11548, 11549, 11550, 11551, 11553, 11561, 11562, 11566, 11571, 11572, 11581, 11582, 11583, 11586, 11587, 11588, 11590, 11591, 11593, 11594, 11595, 11597, 11598, 11599, 11600, 11601, 11602, 11604, 11612, 11613, 11615, 11616, 11618, 11620, 11621, 11622, 11625, 11627, 11629, 11631, 11632, 11633, 11635, 11636, 11637, 11638, 11641, 11642, 11644, 11647, 11648, 11649, 11650, 11651, 11652, 11655, 11656, 11658, 11660, 11663, 11664, 11665, 11666, 11667, 11668, 11670, 11672, 11675, 11676, 11677, 11678, 11679, 11680, 11683, 11684, 11685, 11686, 11687, 11690, 11691, 11692, 11693, 11694, 11696, 11711, 11712, 11713, 11726, 11727, 11728, 11748, 11749, 11752, 11753, 11756, 11757, 11758, 11759, 11760, 11781, 11782, 11783, 11806, 11807, 11808, 11810, 11814, 11817, 11818, 11819, 11820, 11821, 11822, 11823, 11824, 11827, 11832, 11835, 11837, 11839, 11840, 11843, 11846, 11847, 11848, 11850, 11853, 11854, 11855, 11856, 11857, 11860, 11870, 11874, 11875, 11876, 11877, 11878, 11879, 11880, 11881, 11882, 11883, 11884, 11885, 11886, 11888, 11889, 11898, 11899, 11902, 11903, 11905, 11906, 11907, 11909, 11910, 11911, 11912, 11913, 11915, 11916, 11917, 11918, 11919, 11920, 11921, 11922, 11924, 11925, 11937, 11938, 11952, 11955, 11962, 11969, 11970, 11972, 11973, 11974, 11998, 11999, 12025, 12027, 12029, 12030, 12033, 12034, 12037, 12038, 12041, 12050, 12051, 12054, 12055, 12056, 12057, 12060, 12063, 12064, 12065, 12066, 12070, 12071, 12072, 12073, 12074, 12077, 12078, 12083, 12084, 12085, 12086, 12089, 12090, 12091, 12095, 12096, 12097, 12098, 12100, 12102, 12103, 12104, 12106, 12109, 12110, 12111, 12114, 12119, 12120, 12123, 12128, 12146, 12147, 12148, 12173, 12174, 12198, 12200, 12201, 12203, 12205, 12208, 12209, 12210, 12215, 12216, 12217, 12222, 12223, 12224, 12229, 12230, 12231, 12236, 12237, 12243, 12244, 12251, 12254, 12257, 12264, 12267, 12276, 12279, 12284, 12292, 12300, 12309, 12329, 12330, 12332, 12333, 12334, 12340, 12341, 12378, 12379, 12380, 12381, 12390, 12398, 12405, 12406, 12407, 12408, 12409, 12410, 12411, 12413, 12423, 12424, 12425, 12431, 12432, 12438, 12439, 12440, 12441, 12443, 12444, 12445, 12446, 12447, 12453, 12454, 12455, 12456, 12457, 12463, 12464, 12470, 12471, 12472, 12473, 12474, 12475, 12480, 12485, 12486, 12487, 12488, 12490, 12495, 12510, 12511, 12513, 12514, 12515, 12519, 12520, 12522, 12523, 12525, 12526, 12527, 12528, 12529, 12530, 12531, 12532, 12533, 12534, 12535], "excluded_lines": [2451], "start_line": 1}}}}, "totals": {"covered_lines": 0, "num_statements": 11208, "percent_covered": 0.0, "percent_covered_display": "0", "missing_lines": 11208, "excluded_lines": 1, "percent_statements_covered": 0.0, "percent_statements_covered_display": "0"}}