{"meta": {"format": 3, "version": "7.14.1", "timestamp": "2026-06-17T15:01:06.656186", "branch_coverage": false, "show_contexts": false}, "files": {"src/__init__.py": {"executed_lines": [], "summary": {"covered_lines": 0, "num_statements": 0, "percent_covered": 100.0, "percent_covered_display": "100", "missing_lines": 0, "excluded_lines": 0, "percent_statements_covered": 100.0, "percent_statements_covered_display": "100"}, "missing_lines": [], "excluded_lines": [], "functions": {"": {"executed_lines": [], "summary": {"covered_lines": 0, "num_statements": 0, "percent_covered": 100.0, "percent_covered_display": "100", "missing_lines": 0, "excluded_lines": 0, "percent_statements_covered": 100.0, "percent_statements_covered_display": "100"}, "missing_lines": [], "excluded_lines": [], "start_line": 1}}, "classes": {"": {"executed_lines": [], "summary": {"covered_lines": 0, "num_statements": 0, "percent_covered": 100.0, "percent_covered_display": "100", "missing_lines": 0, "excluded_lines": 0, "percent_statements_covered": 100.0, "percent_statements_covered_display": "100"}, "missing_lines": [], "excluded_lines": [], "start_line": 1}}}, "src/helpers/__init__.py": {"executed_lines": [3, 52, 60, 87, 126, 147, 190, 230, 244, 253], "summary": {"covered_lines": 10, "num_statements": 10, "percent_covered": 100.0, "percent_covered_display": "100", "missing_lines": 0, "excluded_lines": 0, "percent_statements_covered": 100.0, "percent_statements_covered_display": "100"}, "missing_lines": [], "excluded_lines": [], "functions": {"": {"executed_lines": [3, 52, 60, 87, 126, 147, 190, 230, 244, 253], "summary": {"covered_lines": 10, "num_statements": 10, "percent_covered": 100.0, "percent_covered_display": "100", "missing_lines": 0, "excluded_lines": 0, "percent_statements_covered": 100.0, "percent_statements_covered_display": "100"}, "missing_lines": [], "excluded_lines": [], "start_line": 1}}, "classes": {"": {"executed_lines": [3, 52, 60, 87, 126, 147, 190, 230, 244, 253], "summary": {"covered_lines": 10, "num_statements": 10, "percent_covered": 100.0, "percent_covered_display": "100", "missing_lines": 0, "excluded_lines": 0, "percent_statements_covered": 100.0, "percent_statements_covered_display": "100"}, "missing_lines": [], "excluded_lines": [], "start_line": 1}}}, "src/helpers/constants.py": {"executed_lines": [9, 15, 104, 124, 142, 181], "summary": {"covered_lines": 6, "num_statements": 6, "percent_covered": 100.0, "percent_covered_display": "100", "missing_lines": 0, "excluded_lines": 0, "percent_statements_covered": 100.0, "percent_statements_covered_display": "100"}, "missing_lines": [], "excluded_lines": [], "functions": {"": {"executed_lines": [9, 15, 104, 124, 142, 181], "summary": {"covered_lines": 6, "num_statements": 6, "percent_covered": 100.0, "percent_covered_display": "100", "missing_lines": 0, "excluded_lines": 0, "percent_statements_covered": 100.0, "percent_statements_covered_display": "100"}, "missing_lines": [], "excluded_lines": [], "start_line": 1}}, "classes": {"": {"executed_lines": [9, 15, 104, 124, 142, 181], "summary": {"covered_lines": 6, "num_statements": 6, "percent_covered": 100.0, "percent_covered_display": "100", "missing_lines": 0, "excluded_lines": 0, "percent_statements_covered": 100.0, "percent_statements_covered_display": "100"}, "missing_lines": [], "excluded_lines": [], "start_line": 1}}}, "src/helpers/event_analysis.py": {"executed_lines": [9, 10, 11, 12, 13, 14, 16, 23, 25, 26, 27, 28, 31, 33, 34, 35, 36, 37, 38, 39, 40, 41, 42, 43, 44, 52, 55, 62, 111, 135, 166, 206, 242, 270, 307, 345, 371, 414, 445, 478, 514, 559, 592, 638, 658, 708, 747, 777, 808, 825, 867, 931, 989, 1051, 1054, 1059, 1074, 1114, 1150, 1212, 1253, 1291, 1327, 1391, 1394, 1397, 1433, 1475, 1478, 1483, 1504, 1697, 1797, 1801, 1822, 1845, 1926, 1975], "summary": {"covered_lines": 78, "num_statements": 908, "percent_covered": 8.590308370044053, "percent_covered_display": "9", "missing_lines": 830, "excluded_lines": 0, "percent_statements_covered": 8.590308370044053, "percent_statements_covered_display": "9"}, "missing_lines": [56, 57, 65, 66, 69, 75, 81, 83, 115, 116, 117, 119, 120, 123, 133, 138, 140, 142, 146, 147, 150, 153, 156, 158, 168, 170, 172, 173, 174, 175, 176, 179, 180, 181, 182, 185, 186, 188, 189, 190, 191, 192, 200, 202, 204, 208, 209, 210, 211, 213, 216, 217, 218, 220, 221, 222, 224, 225, 226, 227, 228, 234, 239, 240, 244, 245, 247, 248, 251, 252, 255, 256, 259, 260, 261, 262, 263, 265, 267, 268, 272, 274, 276, 278, 280, 281, 282, 284, 285, 286, 287, 288, 291, 292, 294, 295, 302, 303, 305, 309, 310, 318, 319, 321, 322, 323, 324, 325, 326, 327, 328, 330, 333, 342, 343, 347, 349, 350, 351, 354, 355, 356, 358, 359, 360, 361, 363, 364, 366, 367, 369, 374, 377, 378, 380, 381, 382, 384, 385, 387, 388, 391, 392, 396, 397, 400, 405, 406, 412, 417, 419, 420, 421, 423, 424, 425, 427, 429, 430, 431, 436, 437, 438, 443, 447, 448, 450, 451, 452, 453, 454, 460, 461, 463, 464, 465, 466, 469, 470, 476, 480, 482, 483, 484, 485, 492, 494, 495, 496, 497, 500, 501, 508, 509, 510, 512, 516, 517, 520, 522, 530, 531, 532, 534, 535, 536, 537, 539, 540, 541, 542, 543, 546, 547, 548, 549, 550, 551, 553, 554, 555, 557, 561, 567, 568, 571, 572, 573, 574, 575, 576, 577, 578, 580, 581, 582, 584, 587, 588, 590, 594, 596, 597, 600, 601, 603, 604, 606, 607, 610, 611, 612, 613, 615, 616, 618, 619, 621, 622, 624, 625, 627, 628, 630, 650, 651, 653, 655, 668, 669, 673, 674, 676, 677, 678, 679, 680, 681, 682, 685, 686, 687, 688, 689, 692, 693, 694, 695, 696, 697, 700, 701, 702, 705, 716, 717, 720, 721, 722, 723, 724, 725, 727, 729, 733, 734, 735, 736, 739, 740, 741, 744, 750, 752, 753, 756, 757, 758, 761, 763, 764, 765, 766, 767, 770, 771, 772, 774, 781, 782, 784, 785, 786, 787, 788, 789, 790, 791, 794, 795, 797, 798, 799, 800, 801, 802, 805, 812, 815, 817, 833, 834, 835, 843, 846, 847, 848, 850, 853, 854, 855, 857, 858, 859, 860, 862, 864, 873, 875, 876, 882, 883, 885, 886, 887, 889, 890, 893, 894, 896, 897, 898, 899, 903, 909, 910, 911, 912, 914, 915, 917, 934, 936, 937, 939, 942, 943, 945, 946, 948, 949, 952, 953, 955, 956, 959, 960, 961, 962, 963, 966, 971, 972, 974, 975, 977, 978, 980, 981, 983, 984, 986, 992, 994, 995, 998, 999, 1001, 1002, 1003, 1004, 1006, 1007, 1010, 1012, 1013, 1014, 1015, 1016, 1017, 1018, 1019, 1020, 1021, 1022, 1023, 1024, 1025, 1026, 1027, 1028, 1029, 1030, 1031, 1032, 1033, 1036, 1037, 1038, 1040, 1041, 1043, 1055, 1056, 1057, 1062, 1072, 1077, 1078, 1081, 1082, 1084, 1085, 1086, 1087, 1088, 1090, 1091, 1094, 1095, 1097, 1098, 1100, 1102, 1103, 1112, 1118, 1119, 1120, 1121, 1124, 1125, 1126, 1128, 1129, 1132, 1135, 1136, 1137, 1144, 1153, 1154, 1157, 1163, 1164, 1165, 1166, 1167, 1169, 1172, 1173, 1176, 1177, 1178, 1184, 1186, 1188, 1189, 1190, 1193, 1195, 1201, 1203, 1210, 1214, 1216, 1218, 1221, 1222, 1223, 1225, 1226, 1229, 1231, 1232, 1235, 1236, 1239, 1248, 1249, 1251, 1255, 1263, 1264, 1265, 1267, 1268, 1269, 1270, 1271, 1272, 1273, 1274, 1275, 1276, 1279, 1288, 1289, 1293, 1295, 1297, 1299, 1301, 1302, 1303, 1304, 1307, 1308, 1309, 1312, 1313, 1314, 1322, 1323, 1325, 1329, 1336, 1338, 1339, 1340, 1341, 1342, 1344, 1345, 1346, 1348, 1349, 1350, 1351, 1352, 1354, 1355, 1357, 1358, 1359, 1362, 1363, 1364, 1365, 1368, 1369, 1370, 1372, 1373, 1375, 1378, 1380, 1381, 1383, 1395, 1400, 1401, 1402, 1405, 1406, 1407, 1409, 1410, 1411, 1412, 1413, 1414, 1420, 1421, 1422, 1424, 1430, 1431, 1440, 1443, 1449, 1450, 1451, 1458, 1479, 1480, 1481, 1486, 1489, 1491, 1492, 1493, 1494, 1495, 1502, 1507, 1700, 1701, 1703, 1704, 1707, 1712, 1713, 1714, 1715, 1718, 1719, 1720, 1721, 1724, 1725, 1726, 1727, 1730, 1731, 1732, 1733, 1736, 1737, 1738, 1739, 1742, 1743, 1744, 1745, 1750, 1751, 1752, 1753, 1756, 1757, 1758, 1759, 1762, 1763, 1764, 1765, 1768, 1769, 1770, 1771, 1776, 1778, 1779, 1780, 1781, 1784, 1785, 1786, 1787, 1790, 1791, 1792, 1793, 1795, 1799, 1804, 1820, 1826, 1833, 1834, 1835, 1837, 1848, 1849, 1852, 1853, 1854, 1855, 1856, 1857, 1858, 1859, 1862, 1863, 1864, 1865, 1866, 1869, 1870, 1871, 1872, 1873, 1874, 1877, 1878, 1879, 1880, 1881, 1884, 1885, 1886, 1887, 1888, 1889, 1890, 1891, 1892, 1893, 1896, 1897, 1898, 1899, 1900, 1901, 1903, 1906, 1907, 1908, 1909, 1910, 1912, 1913, 1914, 1915, 1916, 1918, 1929, 1932, 1933, 1935, 1936, 1937, 1938, 1939, 1942, 1943, 1944, 1945, 1946, 1947, 1950, 1951, 1952, 1953, 1956, 1957, 1958, 1959, 1960, 1963, 1964, 1965, 1966, 1969, 1970, 1972, 1978, 1981, 1982, 1983, 1984, 1986, 1987, 1988, 1991, 1992, 1993, 1994, 1995, 1996, 1998, 1999, 2000, 2001, 2002, 2003, 2006, 2007, 2008, 2009, 2010, 2013, 2014, 2015, 2016, 2017, 2019, 2020, 2022], "excluded_lines": [], "functions": {"ProgressiveEventAnalyzer.__init__": {"executed_lines": [], "summary": {"covered_lines": 0, "num_statements": 2, "percent_covered": 0.0, "percent_covered_display": "0", "missing_lines": 2, "excluded_lines": 0, "percent_statements_covered": 0.0, "percent_statements_covered_display": "0"}, "missing_lines": [56, 57], "excluded_lines": [], "start_line": 55}, "ProgressiveEventAnalyzer.get_overview": {"executed_lines": [], "summary": {"covered_lines": 0, "num_statements": 6, "percent_covered": 0.0, "percent_covered_display": "0", "missing_lines": 6, "excluded_lines": 0, "percent_statements_covered": 0.0, "percent_statements_covered_display": "0"}, "missing_lines": [65, 66, 69, 75, 81, 83], "excluded_lines": [], "start_line": 62}, "ProgressiveEventAnalyzer.get_detailed_analysis": {"executed_lines": [], "summary": {"covered_lines": 0, "num_statements": 7, "percent_covered": 0.0, "percent_covered_display": "0", "missing_lines": 7, "excluded_lines": 0, "percent_statements_covered": 0.0, "percent_statements_covered_display": "0"}, "missing_lines": [115, 116, 117, 119, 120, 123, 133], "excluded_lines": [], "start_line": 111}, "ProgressiveEventAnalyzer.get_correlation_analysis": {"executed_lines": [], "summary": {"covered_lines": 0, "num_statements": 9, "percent_covered": 0.0, "percent_covered_display": "0", "missing_lines": 9, "excluded_lines": 0, "percent_statements_covered": 0.0, "percent_statements_covered_display": "0"}, "missing_lines": [138, 140, 142, 146, 147, 150, 153, 156, 158], "excluded_lines": [], "start_line": 135}, "ProgressiveEventAnalyzer._find_all_correlations": {"executed_lines": [], "summary": {"covered_lines": 0, "num_statements": 21, "percent_covered": 0.0, "percent_covered_display": "0", "missing_lines": 21, "excluded_lines": 0, "percent_statements_covered": 0.0, "percent_statements_covered_display": "0"}, "missing_lines": [168, 170, 172, 173, 174, 175, 176, 179, 180, 181, 182, 185, 186, 188, 189, 190, 191, 192, 200, 202, 204], "excluded_lines": [], "start_line": 166}, "ProgressiveEventAnalyzer._find_event_correlations": {"executed_lines": [], "summary": {"covered_lines": 0, "num_statements": 19, "percent_covered": 0.0, "percent_covered_display": "0", "missing_lines": 19, "excluded_lines": 0, "percent_statements_covered": 0.0, "percent_statements_covered_display": "0"}, "missing_lines": [208, 209, 210, 211, 213, 216, 217, 218, 220, 221, 222, 224, 225, 226, 227, 228, 234, 239, 240], "excluded_lines": [], "start_line": 206}, "ProgressiveEventAnalyzer._calculate_correlation_strength": {"executed_lines": [], "summary": {"covered_lines": 0, "num_statements": 16, "percent_covered": 0.0, "percent_covered_display": "0", "missing_lines": 16, "excluded_lines": 0, "percent_statements_covered": 0.0, "percent_statements_covered_display": "0"}, "missing_lines": [244, 245, 247, 248, 251, 252, 255, 256, 259, 260, 261, 262, 263, 265, 267, 268], "excluded_lines": [], "start_line": 242}, "ProgressiveEventAnalyzer._detect_failure_cascades": {"executed_lines": [], "summary": {"covered_lines": 0, "num_statements": 19, "percent_covered": 0.0, "percent_covered_display": "0", "missing_lines": 19, "excluded_lines": 0, "percent_statements_covered": 0.0, "percent_statements_covered_display": "0"}, "missing_lines": [272, 274, 276, 278, 280, 281, 282, 284, 285, 286, 287, 288, 291, 292, 294, 295, 302, 303, 305], "excluded_lines": [], "start_line": 270}, "ProgressiveEventAnalyzer._group_by_root_cause": {"executed_lines": [], "summary": {"covered_lines": 0, "num_statements": 16, "percent_covered": 0.0, "percent_covered_display": "0", "missing_lines": 16, "excluded_lines": 0, "percent_statements_covered": 0.0, "percent_statements_covered_display": "0"}, "missing_lines": [309, 310, 318, 319, 321, 322, 323, 324, 325, 326, 327, 328, 330, 333, 342, 343], "excluded_lines": [], "start_line": 307}, "ProgressiveEventAnalyzer._generate_correlation_insights": {"executed_lines": [], "summary": {"covered_lines": 0, "num_statements": 16, "percent_covered": 0.0, "percent_covered_display": "0", "missing_lines": 16, "excluded_lines": 0, "percent_statements_covered": 0.0, "percent_statements_covered_display": "0"}, "missing_lines": [347, 349, 350, 351, 354, 355, 356, 358, 359, 360, 361, 363, 364, 366, 367, 369], "excluded_lines": [], "start_line": 345}, "ProgressiveEventAnalyzer._identify_quick_patterns": {"executed_lines": [], "summary": {"covered_lines": 0, "num_statements": 18, "percent_covered": 0.0, "percent_covered_display": "0", "missing_lines": 18, "excluded_lines": 0, "percent_statements_covered": 0.0, "percent_statements_covered_display": "0"}, "missing_lines": [374, 377, 378, 380, 381, 382, 384, 385, 387, 388, 391, 392, 396, 397, 400, 405, 406, 412], "excluded_lines": [], "start_line": 371}, "ProgressiveEventAnalyzer._apply_progressive_filters": {"executed_lines": [], "summary": {"covered_lines": 0, "num_statements": 15, "percent_covered": 0.0, "percent_covered_display": "0", "missing_lines": 15, "excluded_lines": 0, "percent_statements_covered": 0.0, "percent_statements_covered_display": "0"}, "missing_lines": [417, 419, 420, 421, 423, 424, 425, 427, 429, 430, 431, 436, 437, 438, 443], "excluded_lines": [], "start_line": 414}, "ProgressiveEventAnalyzer._analyze_by_category": {"executed_lines": [], "summary": {"covered_lines": 0, "num_statements": 16, "percent_covered": 0.0, "percent_covered_display": "0", "missing_lines": 16, "excluded_lines": 0, "percent_statements_covered": 0.0, "percent_statements_covered_display": "0"}, "missing_lines": [447, 448, 450, 451, 452, 453, 454, 460, 461, 463, 464, 465, 466, 469, 470, 476], "excluded_lines": [], "start_line": 445}, "ProgressiveEventAnalyzer._analyze_by_severity": {"executed_lines": [], "summary": {"covered_lines": 0, "num_statements": 16, "percent_covered": 0.0, "percent_covered_display": "0", "missing_lines": 16, "excluded_lines": 0, "percent_statements_covered": 0.0, "percent_statements_covered_display": "0"}, "missing_lines": [480, 482, 483, 484, 485, 492, 494, 495, 496, 497, 500, 501, 508, 509, 510, 512], "excluded_lines": [], "start_line": 478}, "ProgressiveEventAnalyzer._analyze_temporal_patterns": {"executed_lines": [], "summary": {"covered_lines": 0, "num_statements": 26, "percent_covered": 0.0, "percent_covered_display": "0", "missing_lines": 26, "excluded_lines": 0, "percent_statements_covered": 0.0, "percent_statements_covered_display": "0"}, "missing_lines": [516, 517, 520, 522, 530, 531, 532, 534, 535, 536, 537, 539, 540, 541, 542, 543, 546, 547, 548, 549, 550, 551, 553, 554, 555, 557], "excluded_lines": [], "start_line": 514}, "ProgressiveEventAnalyzer._analyze_resource_impact": {"executed_lines": [], "summary": {"covered_lines": 0, "num_statements": 18, "percent_covered": 0.0, "percent_covered_display": "0", "missing_lines": 18, "excluded_lines": 0, "percent_statements_covered": 0.0, "percent_statements_covered_display": "0"}, "missing_lines": [561, 567, 568, 571, 572, 573, 574, 575, 576, 577, 578, 580, 581, 582, 584, 587, 588, 590], "excluded_lines": [], "start_line": 559}, "ProgressiveEventAnalyzer._generate_detailed_recommendations": {"executed_lines": [], "summary": {"covered_lines": 0, "num_statements": 24, "percent_covered": 0.0, "percent_covered_display": "0", "missing_lines": 24, "excluded_lines": 0, "percent_statements_covered": 0.0, "percent_statements_covered_display": "0"}, "missing_lines": [594, 596, 597, 600, 601, 603, 604, 606, 607, 610, 611, 612, 613, 615, 616, 618, 619, 621, 622, 624, 625, 627, 628, 630], "excluded_lines": [], "start_line": 592}, "extract_event_content_for_classification": {"executed_lines": [], "summary": {"covered_lines": 0, "num_statements": 4, "percent_covered": 0.0, "percent_covered_display": "0", "missing_lines": 4, "excluded_lines": 0, "percent_statements_covered": 0.0, "percent_statements_covered_display": "0"}, "missing_lines": [650, 651, 653, 655], "excluded_lines": [], "start_line": 638}, "classify_event_severity_from_string": {"executed_lines": [], "summary": {"covered_lines": 0, "num_statements": 26, "percent_covered": 0.0, "percent_covered_display": "0", "missing_lines": 26, "excluded_lines": 0, "percent_statements_covered": 0.0, "percent_statements_covered_display": "0"}, "missing_lines": [668, 669, 673, 674, 676, 677, 678, 679, 680, 681, 682, 685, 686, 687, 688, 689, 692, 693, 694, 695, 696, 697, 700, 701, 702, 705], "excluded_lines": [], "start_line": 658}, "classify_event_category_from_string": {"executed_lines": [], "summary": {"covered_lines": 0, "num_statements": 18, "percent_covered": 0.0, "percent_covered_display": "0", "missing_lines": 18, "excluded_lines": 0, "percent_statements_covered": 0.0, "percent_statements_covered_display": "0"}, "missing_lines": [716, 717, 720, 721, 722, 723, 724, 725, 727, 729, 733, 734, 735, 736, 739, 740, 741, 744], "excluded_lines": [], "start_line": 708}, "calculate_relevance_score_from_string": {"executed_lines": [], "summary": {"covered_lines": 0, "num_statements": 16, "percent_covered": 0.0, "percent_covered_display": "0", "missing_lines": 16, "excluded_lines": 0, "percent_statements_covered": 0.0, "percent_statements_covered_display": "0"}, "missing_lines": [750, 752, 753, 756, 757, 758, 761, 763, 764, 765, 766, 767, 770, 771, 772, 774], "excluded_lines": [], "start_line": 747}, "extract_timestamp_from_string": {"executed_lines": [], "summary": {"covered_lines": 0, "num_statements": 19, "percent_covered": 0.0, "percent_covered_display": "0", "missing_lines": 19, "excluded_lines": 0, "percent_statements_covered": 0.0, "percent_statements_covered_display": "0"}, "missing_lines": [781, 782, 784, 785, 786, 787, 788, 789, 790, 791, 794, 795, 797, 798, 799, 800, 801, 802, 805], "excluded_lines": [], "start_line": 777}, "estimate_string_event_tokens": {"executed_lines": [], "summary": {"covered_lines": 0, "num_statements": 3, "percent_covered": 0.0, "percent_covered_display": "0", "missing_lines": 3, "excluded_lines": 0, "percent_statements_covered": 0.0, "percent_statements_covered_display": "0"}, "missing_lines": [812, 815, 817], "excluded_lines": [], "start_line": 808}, "smart_sample_string_events": {"executed_lines": [], "summary": {"covered_lines": 0, "num_statements": 15, "percent_covered": 0.0, "percent_covered_display": "0", "missing_lines": 15, "excluded_lines": 0, "percent_statements_covered": 0.0, "percent_statements_covered_display": "0"}, "missing_lines": [833, 834, 835, 843, 846, 850, 853, 854, 855, 857, 858, 859, 860, 862, 864], "excluded_lines": [], "start_line": 825}, "smart_sample_string_events.sort_key": {"executed_lines": [], "summary": {"covered_lines": 0, "num_statements": 2, "percent_covered": 0.0, "percent_covered_display": "0", "missing_lines": 2, "excluded_lines": 0, "percent_statements_covered": 0.0, "percent_statements_covered_display": "0"}, "missing_lines": [847, 848], "excluded_lines": [], "start_line": 846}, "generate_string_events_summary": {"executed_lines": [], "summary": {"covered_lines": 0, "num_statements": 24, "percent_covered": 0.0, "percent_covered_display": "0", "missing_lines": 24, "excluded_lines": 0, "percent_statements_covered": 0.0, "percent_statements_covered_display": "0"}, "missing_lines": [873, 875, 876, 882, 883, 885, 886, 887, 889, 890, 893, 894, 896, 897, 898, 899, 903, 909, 910, 911, 912, 914, 915, 917], "excluded_lines": [], "start_line": 867}, "generate_string_events_insights": {"executed_lines": [], "summary": {"covered_lines": 0, "num_statements": 31, "percent_covered": 0.0, "percent_covered_display": "0", "missing_lines": 31, "excluded_lines": 0, "percent_statements_covered": 0.0, "percent_statements_covered_display": "0"}, "missing_lines": [934, 936, 937, 939, 942, 943, 945, 946, 948, 949, 952, 953, 955, 956, 959, 960, 961, 962, 963, 966, 971, 972, 974, 975, 977, 978, 980, 981, 983, 984, 986], "excluded_lines": [], "start_line": 931}, "generate_string_events_recommendations": {"executed_lines": [], "summary": {"covered_lines": 0, "num_statements": 40, "percent_covered": 0.0, "percent_covered_display": "0", "missing_lines": 40, "excluded_lines": 0, "percent_statements_covered": 0.0, "percent_statements_covered_display": "0"}, "missing_lines": [992, 994, 995, 998, 999, 1001, 1002, 1003, 1004, 1006, 1007, 1010, 1012, 1013, 1014, 1015, 1016, 1017, 1018, 1019, 1020, 1021, 1022, 1023, 1024, 1025, 1026, 1027, 1028, 1029, 1030, 1031, 1032, 1033, 1036, 1037, 1038, 1040, 1041, 1043], "excluded_lines": [], "start_line": 989}, "MLPatternDetector.__init__": {"executed_lines": [], "summary": {"covered_lines": 0, "num_statements": 3, "percent_covered": 0.0, "percent_covered_display": "0", "missing_lines": 3, "excluded_lines": 0, "percent_statements_covered": 0.0, "percent_statements_covered_display": "0"}, "missing_lines": [1055, 1056, 1057], "excluded_lines": [], "start_line": 1054}, "MLPatternDetector.detect_patterns": {"executed_lines": [], "summary": {"covered_lines": 0, "num_statements": 2, "percent_covered": 0.0, "percent_covered_display": "0", "missing_lines": 2, "excluded_lines": 0, "percent_statements_covered": 0.0, "percent_statements_covered_display": "0"}, "missing_lines": [1062, 1072], "excluded_lines": [], "start_line": 1059}, "MLPatternDetector._detect_temporal_anomalies": {"executed_lines": [], "summary": {"covered_lines": 0, "num_statements": 19, "percent_covered": 0.0, "percent_covered_display": "0", "missing_lines": 19, "excluded_lines": 0, "percent_statements_covered": 0.0, "percent_statements_covered_display": "0"}, "missing_lines": [1077, 1078, 1081, 1082, 1084, 1085, 1086, 1087, 1088, 1090, 1091, 1094, 1095, 1097, 1098, 1100, 1102, 1103, 1112], "excluded_lines": [], "start_line": 1074}, "MLPatternDetector._detect_frequency_patterns": {"executed_lines": [], "summary": {"covered_lines": 0, "num_statements": 14, "percent_covered": 0.0, "percent_covered_display": "0", "missing_lines": 14, "excluded_lines": 0, "percent_statements_covered": 0.0, "percent_statements_covered_display": "0"}, "missing_lines": [1118, 1119, 1120, 1121, 1124, 1125, 1126, 1128, 1129, 1132, 1135, 1136, 1137, 1144], "excluded_lines": [], "start_line": 1114}, "MLPatternDetector._detect_cyclic_patterns": {"executed_lines": [], "summary": {"covered_lines": 0, "num_statements": 24, "percent_covered": 0.0, "percent_covered_display": "0", "missing_lines": 24, "excluded_lines": 0, "percent_statements_covered": 0.0, "percent_statements_covered_display": "0"}, "missing_lines": [1153, 1154, 1157, 1163, 1164, 1165, 1166, 1167, 1169, 1172, 1173, 1176, 1177, 1178, 1184, 1186, 1188, 1189, 1190, 1193, 1195, 1201, 1203, 1210], "excluded_lines": [], "start_line": 1150}, "MLPatternDetector._detect_severity_escalation": {"executed_lines": [], "summary": {"covered_lines": 0, "num_statements": 17, "percent_covered": 0.0, "percent_covered_display": "0", "missing_lines": 17, "excluded_lines": 0, "percent_statements_covered": 0.0, "percent_statements_covered_display": "0"}, "missing_lines": [1214, 1216, 1218, 1221, 1222, 1223, 1225, 1226, 1229, 1231, 1232, 1235, 1236, 1239, 1248, 1249, 1251], "excluded_lines": [], "start_line": 1212}, "MLPatternDetector._detect_resource_patterns": {"executed_lines": [], "summary": {"covered_lines": 0, "num_statements": 17, "percent_covered": 0.0, "percent_covered_display": "0", "missing_lines": 17, "excluded_lines": 0, "percent_statements_covered": 0.0, "percent_statements_covered_display": "0"}, "missing_lines": [1255, 1263, 1264, 1265, 1267, 1268, 1269, 1270, 1271, 1272, 1273, 1274, 1275, 1276, 1279, 1288, 1289], "excluded_lines": [], "start_line": 1253}, "MLPatternDetector._detect_outlier_events": {"executed_lines": [], "summary": {"covered_lines": 0, "num_statements": 17, "percent_covered": 0.0, "percent_covered_display": "0", "missing_lines": 17, "excluded_lines": 0, "percent_statements_covered": 0.0, "percent_statements_covered_display": "0"}, "missing_lines": [1293, 1295, 1297, 1299, 1301, 1302, 1303, 1304, 1307, 1308, 1309, 1312, 1313, 1314, 1322, 1323, 1325], "excluded_lines": [], "start_line": 1291}, "MLPatternDetector._generate_predictive_indicators": {"executed_lines": [], "summary": {"covered_lines": 0, "num_statements": 34, "percent_covered": 0.0, "percent_covered_display": "0", "missing_lines": 34, "excluded_lines": 0, "percent_statements_covered": 0.0, "percent_statements_covered_display": "0"}, "missing_lines": [1329, 1336, 1338, 1339, 1340, 1341, 1342, 1344, 1345, 1346, 1348, 1349, 1350, 1351, 1352, 1354, 1355, 1357, 1358, 1359, 1362, 1363, 1364, 1365, 1368, 1369, 1370, 1372, 1373, 1375, 1378, 1380, 1381, 1383], "excluded_lines": [], "start_line": 1327}, "LogMetricsIntegrator.__init__": {"executed_lines": [], "summary": {"covered_lines": 0, "num_statements": 1, "percent_covered": 0.0, "percent_covered_display": "0", "missing_lines": 1, "excluded_lines": 0, "percent_statements_covered": 0.0, "percent_statements_covered_display": "0"}, "missing_lines": [1395], "excluded_lines": [], "start_line": 1394}, "LogMetricsIntegrator.correlate_with_logs": {"executed_lines": [], "summary": {"covered_lines": 0, "num_statements": 18, "percent_covered": 0.0, "percent_covered_display": "0", "missing_lines": 18, "excluded_lines": 0, "percent_statements_covered": 0.0, "percent_statements_covered_display": "0"}, "missing_lines": [1400, 1401, 1402, 1405, 1406, 1407, 1409, 1410, 1411, 1412, 1413, 1414, 1420, 1421, 1422, 1424, 1430, 1431], "excluded_lines": [], "start_line": 1397}, "LogMetricsIntegrator.correlate_with_metrics": {"executed_lines": [], "summary": {"covered_lines": 0, "num_statements": 6, "percent_covered": 0.0, "percent_covered_display": "0", "missing_lines": 6, "excluded_lines": 0, "percent_statements_covered": 0.0, "percent_statements_covered_display": "0"}, "missing_lines": [1440, 1443, 1449, 1450, 1451, 1458], "excluded_lines": [], "start_line": 1433}, "RunbookSuggestionEngine.__init__": {"executed_lines": [], "summary": {"covered_lines": 0, "num_statements": 3, "percent_covered": 0.0, "percent_covered_display": "0", "missing_lines": 3, "excluded_lines": 0, "percent_statements_covered": 0.0, "percent_statements_covered_display": "0"}, "missing_lines": [1479, 1480, 1481], "excluded_lines": [], "start_line": 1478}, "RunbookSuggestionEngine.suggest_runbooks": {"executed_lines": [], "summary": {"covered_lines": 0, "num_statements": 8, "percent_covered": 0.0, "percent_covered_display": "0", "missing_lines": 8, "excluded_lines": 0, "percent_statements_covered": 0.0, "percent_statements_covered_display": "0"}, "missing_lines": [1486, 1489, 1491, 1492, 1493, 1494, 1495, 1502], "excluded_lines": [], "start_line": 1483}, "RunbookSuggestionEngine._initialize_runbook_database": {"executed_lines": [], "summary": {"covered_lines": 0, "num_statements": 1, "percent_covered": 0.0, "percent_covered_display": "0", "missing_lines": 1, "excluded_lines": 0, "percent_statements_covered": 0.0, "percent_statements_covered_display": "0"}, "missing_lines": [1507], "excluded_lines": [], "start_line": 1504}, "RunbookSuggestionEngine._categorize_issues": {"executed_lines": [], "summary": {"covered_lines": 0, "num_statements": 59, "percent_covered": 0.0, "percent_covered_display": "0", "missing_lines": 59, "excluded_lines": 0, "percent_statements_covered": 0.0, "percent_statements_covered_display": "0"}, "missing_lines": [1700, 1701, 1703, 1704, 1707, 1712, 1713, 1714, 1715, 1718, 1719, 1720, 1721, 1724, 1725, 1726, 1727, 1730, 1731, 1732, 1733, 1736, 1737, 1738, 1739, 1742, 1743, 1744, 1745, 1750, 1751, 1752, 1753, 1756, 1757, 1758, 1759, 1762, 1763, 1764, 1765, 1768, 1769, 1770, 1771, 1776, 1778, 1779, 1780, 1781, 1784, 1785, 1786, 1787, 1790, 1791, 1792, 1793, 1795], "excluded_lines": [], "start_line": 1697}, "RunbookSuggestionEngine._get_runbook_for_issue": {"executed_lines": [], "summary": {"covered_lines": 0, "num_statements": 1, "percent_covered": 0.0, "percent_covered_display": "0", "missing_lines": 1, "excluded_lines": 0, "percent_statements_covered": 0.0, "percent_statements_covered_display": "0"}, "missing_lines": [1799], "excluded_lines": [], "start_line": 1797}, "RunbookSuggestionEngine._explain_relevance": {"executed_lines": [], "summary": {"covered_lines": 0, "num_statements": 2, "percent_covered": 0.0, "percent_covered_display": "0", "missing_lines": 2, "excluded_lines": 0, "percent_statements_covered": 0.0, "percent_statements_covered_display": "0"}, "missing_lines": [1804, 1820], "excluded_lines": [], "start_line": 1801}, "RunbookSuggestionEngine._calculate_priority": {"executed_lines": [], "summary": {"covered_lines": 0, "num_statements": 5, "percent_covered": 0.0, "percent_covered_display": "0", "missing_lines": 5, "excluded_lines": 0, "percent_statements_covered": 0.0, "percent_statements_covered_display": "0"}, "missing_lines": [1826, 1833, 1834, 1835, 1837], "excluded_lines": [], "start_line": 1822}, "assess_overall_risk": {"executed_lines": [], "summary": {"covered_lines": 0, "num_statements": 54, "percent_covered": 0.0, "percent_covered_display": "0", "missing_lines": 54, "excluded_lines": 0, "percent_statements_covered": 0.0, "percent_statements_covered_display": "0"}, "missing_lines": [1848, 1849, 1852, 1853, 1854, 1855, 1856, 1857, 1858, 1859, 1862, 1863, 1864, 1865, 1866, 1869, 1870, 1871, 1872, 1873, 1874, 1877, 1878, 1879, 1880, 1881, 1884, 1885, 1886, 1887, 1888, 1889, 1890, 1891, 1892, 1893, 1896, 1897, 1898, 1899, 1900, 1901, 1903, 1906, 1907, 1908, 1909, 1910, 1912, 1913, 1914, 1915, 1916, 1918], "excluded_lines": [], "start_line": 1845}, "generate_strategic_recommendations": {"executed_lines": [], "summary": {"covered_lines": 0, "num_statements": 30, "percent_covered": 0.0, "percent_covered_display": "0", "missing_lines": 30, "excluded_lines": 0, "percent_statements_covered": 0.0, "percent_statements_covered_display": "0"}, "missing_lines": [1929, 1932, 1933, 1935, 1936, 1937, 1938, 1939, 1942, 1943, 1944, 1945, 1946, 1947, 1950, 1951, 1952, 1953, 1956, 1957, 1958, 1959, 1960, 1963, 1964, 1965, 1966, 1969, 1970, 1972], "excluded_lines": [], "start_line": 1926}, "generate_comprehensive_insights": {"executed_lines": [], "summary": {"covered_lines": 0, "num_statements": 33, "percent_covered": 0.0, "percent_covered_display": "0", "missing_lines": 33, "excluded_lines": 0, "percent_statements_covered": 0.0, "percent_statements_covered_display": "0"}, "missing_lines": [1978, 1981, 1982, 1983, 1984, 1986, 1987, 1988, 1991, 1992, 1993, 1994, 1995, 1996, 1998, 1999, 2000, 2001, 2002, 2003, 2006, 2007, 2008, 2009, 2010, 2013, 2014, 2015, 2016, 2017, 2019, 2020, 2022], "excluded_lines": [], "start_line": 1975}, "": {"executed_lines": [9, 10, 11, 12, 13, 14, 16, 23, 25, 26, 27, 28, 31, 33, 34, 35, 36, 37, 38, 39, 40, 41, 42, 43, 44, 52, 55, 62, 111, 135, 166, 206, 242, 270, 307, 345, 371, 414, 445, 478, 514, 559, 592, 638, 658, 708, 747, 777, 808, 825, 867, 931, 989, 1051, 1054, 1059, 1074, 1114, 1150, 1212, 1253, 1291, 1327, 1391, 1394, 1397, 1433, 1475, 1478, 1483, 1504, 1697, 1797, 1801, 1822, 1845, 1926, 1975], "summary": {"covered_lines": 78, "num_statements": 78, "percent_covered": 100.0, "percent_covered_display": "100", "missing_lines": 0, "excluded_lines": 0, "percent_statements_covered": 100.0, "percent_statements_covered_display": "100"}, "missing_lines": [], "excluded_lines": [], "start_line": 1}}, "classes": {"EventSeverity": {"executed_lines": [], "summary": {"covered_lines": 0, "num_statements": 0, "percent_covered": 100.0, "percent_covered_display": "100", "missing_lines": 0, "excluded_lines": 0, "percent_statements_covered": 100.0, "percent_statements_covered_display": "100"}, "missing_lines": [], "excluded_lines": [], "start_line": 23}, "EventCategory": {"executed_lines": [], "summary": {"covered_lines": 0, "num_statements": 0, "percent_covered": 100.0, "percent_covered_display": "100", "missing_lines": 0, "excluded_lines": 0, "percent_statements_covered": 100.0, "percent_statements_covered_display": "100"}, "missing_lines": [], "excluded_lines": [], "start_line": 31}, "ProgressiveEventAnalyzer": {"executed_lines": [], "summary": {"covered_lines": 0, "num_statements": 264, "percent_covered": 0.0, "percent_covered_display": "0", "missing_lines": 264, "excluded_lines": 0, "percent_statements_covered": 0.0, "percent_statements_covered_display": "0"}, "missing_lines": [56, 57, 65, 66, 69, 75, 81, 83, 115, 116, 117, 119, 120, 123, 133, 138, 140, 142, 146, 147, 150, 153, 156, 158, 168, 170, 172, 173, 174, 175, 176, 179, 180, 181, 182, 185, 186, 188, 189, 190, 191, 192, 200, 202, 204, 208, 209, 210, 211, 213, 216, 217, 218, 220, 221, 222, 224, 225, 226, 227, 228, 234, 239, 240, 244, 245, 247, 248, 251, 252, 255, 256, 259, 260, 261, 262, 263, 265, 267, 268, 272, 274, 276, 278, 280, 281, 282, 284, 285, 286, 287, 288, 291, 292, 294, 295, 302, 303, 305, 309, 310, 318, 319, 321, 322, 323, 324, 325, 326, 327, 328, 330, 333, 342, 343, 347, 349, 350, 351, 354, 355, 356, 358, 359, 360, 361, 363, 364, 366, 367, 369, 374, 377, 378, 380, 381, 382, 384, 385, 387, 388, 391, 392, 396, 397, 400, 405, 406, 412, 417, 419, 420, 421, 423, 424, 425, 427, 429, 430, 431, 436, 437, 438, 443, 447, 448, 450, 451, 452, 453, 454, 460, 461, 463, 464, 465, 466, 469, 470, 476, 480, 482, 483, 484, 485, 492, 494, 495, 496, 497, 500, 501, 508, 509, 510, 512, 516, 517, 520, 522, 530, 531, 532, 534, 535, 536, 537, 539, 540, 541, 542, 543, 546, 547, 548, 549, 550, 551, 553, 554, 555, 557, 561, 567, 568, 571, 572, 573, 574, 575, 576, 577, 578, 580, 581, 582, 584, 587, 588, 590, 594, 596, 597, 600, 601, 603, 604, 606, 607, 610, 611, 612, 613, 615, 616, 618, 619, 621, 622, 624, 625, 627, 628, 630], "excluded_lines": [], "start_line": 52}, "MLPatternDetector": {"executed_lines": [], "summary": {"covered_lines": 0, "num_statements": 147, "percent_covered": 0.0, "percent_covered_display": "0", "missing_lines": 147, "excluded_lines": 0, "percent_statements_covered": 0.0, "percent_statements_covered_display": "0"}, "missing_lines": [1055, 1056, 1057, 1062, 1072, 1077, 1078, 1081, 1082, 1084, 1085, 1086, 1087, 1088, 1090, 1091, 1094, 1095, 1097, 1098, 1100, 1102, 1103, 1112, 1118, 1119, 1120, 1121, 1124, 1125, 1126, 1128, 1129, 1132, 1135, 1136, 1137, 1144, 1153, 1154, 1157, 1163, 1164, 1165, 1166, 1167, 1169, 1172, 1173, 1176, 1177, 1178, 1184, 1186, 1188, 1189, 1190, 1193, 1195, 1201, 1203, 1210, 1214, 1216, 1218, 1221, 1222, 1223, 1225, 1226, 1229, 1231, 1232, 1235, 1236, 1239, 1248, 1249, 1251, 1255, 1263, 1264, 1265, 1267, 1268, 1269, 1270, 1271, 1272, 1273, 1274, 1275, 1276, 1279, 1288, 1289, 1293, 1295, 1297, 1299, 1301, 1302, 1303, 1304, 1307, 1308, 1309, 1312, 1313, 1314, 1322, 1323, 1325, 1329, 1336, 1338, 1339, 1340, 1341, 1342, 1344, 1345, 1346, 1348, 1349, 1350, 1351, 1352, 1354, 1355, 1357, 1358, 1359, 1362, 1363, 1364, 1365, 1368, 1369, 1370, 1372, 1373, 1375, 1378, 1380, 1381, 1383], "excluded_lines": [], "start_line": 1051}, "LogMetricsIntegrator": {"executed_lines": [], "summary": {"covered_lines": 0, "num_statements": 25, "percent_covered": 0.0, "percent_covered_display": "0", "missing_lines": 25, "excluded_lines": 0, "percent_statements_covered": 0.0, "percent_statements_covered_display": "0"}, "missing_lines": [1395, 1400, 1401, 1402, 1405, 1406, 1407, 1409, 1410, 1411, 1412, 1413, 1414, 1420, 1421, 1422, 1424, 1430, 1431, 1440, 1443, 1449, 1450, 1451, 1458], "excluded_lines": [], "start_line": 1391}, "RunbookSuggestionEngine": {"executed_lines": [], "summary": {"covered_lines": 0, "num_statements": 79, "percent_covered": 0.0, "percent_covered_display": "0", "missing_lines": 79, "excluded_lines": 0, "percent_statements_covered": 0.0, "percent_statements_covered_display": "0"}, "missing_lines": [1479, 1480, 1481, 1486, 1489, 1491, 1492, 1493, 1494, 1495, 1502, 1507, 1700, 1701, 1703, 1704, 1707, 1712, 1713, 1714, 1715, 1718, 1719, 1720, 1721, 1724, 1725, 1726, 1727, 1730, 1731, 1732, 1733, 1736, 1737, 1738, 1739, 1742, 1743, 1744, 1745, 1750, 1751, 1752, 1753, 1756, 1757, 1758, 1759, 1762, 1763, 1764, 1765, 1768, 1769, 1770, 1771, 1776, 1778, 1779, 1780, 1781, 1784, 1785, 1786, 1787, 1790, 1791, 1792, 1793, 1795, 1799, 1804, 1820, 1826, 1833, 1834, 1835, 1837], "excluded_lines": [], "start_line": 1475}, "": {"executed_lines": [9, 10, 11, 12, 13, 14, 16, 23, 25, 26, 27, 28, 31, 33, 34, 35, 36, 37, 38, 39, 40, 41, 42, 43, 44, 52, 55, 62, 111, 135, 166, 206, 242, 270, 307, 345, 371, 414, 445, 478, 514, 559, 592, 638, 658, 708, 747, 777, 808, 825, 867, 931, 989, 1051, 1054, 1059, 1074, 1114, 1150, 1212, 1253, 1291, 1327, 1391, 1394, 1397, 1433, 1475, 1478, 1483, 1504, 1697, 1797, 1801, 1822, 1845, 1926, 1975], "summary": {"covered_lines": 78, "num_statements": 393, "percent_covered": 19.84732824427481, "percent_covered_display": "20", "missing_lines": 315, "excluded_lines": 0, "percent_statements_covered": 19.84732824427481, "percent_statements_covered_display": "20"}, "missing_lines": [650, 651, 653, 655, 668, 669, 673, 674, 676, 677, 678, 679, 680, 681, 682, 685, 686, 687, 688, 689, 692, 693, 694, 695, 696, 697, 700, 701, 702, 705, 716, 717, 720, 721, 722, 723, 724, 725, 727, 729, 733, 734, 735, 736, 739, 740, 741, 744, 750, 752, 753, 756, 757, 758, 761, 763, 764, 765, 766, 767, 770, 771, 772, 774, 781, 782, 784, 785, 786, 787, 788, 789, 790, 791, 794, 795, 797, 798, 799, 800, 801, 802, 805, 812, 815, 817, 833, 834, 835, 843, 846, 847, 848, 850, 853, 854, 855, 857, 858, 859, 860, 862, 864, 873, 875, 876, 882, 883, 885, 886, 887, 889, 890, 893, 894, 896, 897, 898, 899, 903, 909, 910, 911, 912, 914, 915, 917, 934, 936, 937, 939, 942, 943, 945, 946, 948, 949, 952, 953, 955, 956, 959, 960, 961, 962, 963, 966, 971, 972, 974, 975, 977, 978, 980, 981, 983, 984, 986, 992, 994, 995, 998, 999, 1001, 1002, 1003, 1004, 1006, 1007, 1010, 1012, 1013, 1014, 1015, 1016, 1017, 1018, 1019, 1020, 1021, 1022, 1023, 1024, 1025, 1026, 1027, 1028, 1029, 1030, 1031, 1032, 1033, 1036, 1037, 1038, 1040, 1041, 1043, 1848, 1849, 1852, 1853, 1854, 1855, 1856, 1857, 1858, 1859, 1862, 1863, 1864, 1865, 1866, 1869, 1870, 1871, 1872, 1873, 1874, 1877, 1878, 1879, 1880, 1881, 1884, 1885, 1886, 1887, 1888, 1889, 1890, 1891, 1892, 1893, 1896, 1897, 1898, 1899, 1900, 1901, 1903, 1906, 1907, 1908, 1909, 1910, 1912, 1913, 1914, 1915, 1916, 1918, 1929, 1932, 1933, 1935, 1936, 1937, 1938, 1939, 1942, 1943, 1944, 1945, 1946, 1947, 1950, 1951, 1952, 1953, 1956, 1957, 1958, 1959, 1960, 1963, 1964, 1965, 1966, 1969, 1970, 1972, 1978, 1981, 1982, 1983, 1984, 1986, 1987, 1988, 1991, 1992, 1993, 1994, 1995, 1996, 1998, 1999, 2000, 2001, 2002, 2003, 2006, 2007, 2008, 2009, 2010, 2013, 2014, 2015, 2016, 2017, 2019, 2020, 2022], "excluded_lines": [], "start_line": 1}}}, "src/helpers/failure_analysis.py": {"executed_lines": [1, 10, 11, 12, 22, 133, 189, 246, 277, 310, 344, 452, 484, 503, 535, 556, 606, 626, 669, 683, 702, 759, 810, 829, 892, 910, 925, 939, 953, 967, 1018, 1125, 1250], "summary": {"covered_lines": 33, "num_statements": 561, "percent_covered": 5.882352941176471, "percent_covered_display": "6", "missing_lines": 528, "excluded_lines": 0, "percent_statements_covered": 5.882352941176471, "percent_statements_covered_display": "6"}, "missing_lines": [40, 42, 43, 46, 47, 48, 49, 52, 53, 54, 59, 60, 61, 64, 65, 66, 67, 68, 69, 72, 73, 74, 79, 80, 81, 84, 85, 86, 92, 93, 94, 95, 112, 113, 115, 116, 125, 126, 127, 146, 148, 151, 158, 160, 161, 164, 165, 166, 167, 170, 172, 173, 174, 179, 181, 183, 185, 186, 187, 201, 203, 204, 206, 214, 215, 216, 222, 225, 228, 229, 230, 235, 237, 238, 240, 242, 243, 244, 254, 255, 264, 265, 267, 269, 270, 271, 285, 286, 289, 292, 293, 294, 303, 304, 306, 307, 308, 319, 320, 323, 326, 327, 328, 334, 336, 337, 338, 353, 355, 356, 357, 358, 361, 362, 363, 364, 365, 366, 367, 368, 369, 370, 371, 374, 375, 376, 377, 378, 379, 380, 381, 382, 383, 386, 387, 390, 391, 392, 393, 394, 395, 403, 404, 412, 413, 414, 415, 422, 423, 424, 425, 426, 428, 437, 438, 439, 459, 461, 462, 463, 464, 465, 470, 471, 473, 480, 481, 482, 490, 491, 496, 498, 499, 500, 516, 518, 528, 529, 541, 542, 548, 549, 550, 565, 566, 567, 570, 575, 576, 579, 580, 581, 586, 587, 593, 598, 599, 600, 608, 609, 612, 613, 615, 616, 618, 619, 621, 623, 624, 630, 633, 634, 637, 638, 641, 642, 645, 648, 649, 650, 651, 652, 653, 655, 657, 671, 672, 673, 674, 675, 677, 679, 681, 686, 700, 705, 706, 709, 710, 717, 718, 721, 722, 723, 724, 725, 726, 727, 728, 730, 733, 734, 735, 736, 737, 740, 741, 742, 743, 744, 745, 746, 748, 762, 769, 770, 773, 774, 775, 776, 777, 780, 781, 782, 783, 784, 787, 789, 790, 791, 793, 794, 795, 796, 798, 799, 800, 802, 808, 814, 816, 817, 818, 819, 820, 821, 823, 837, 838, 841, 842, 843, 844, 845, 846, 847, 850, 851, 853, 854, 855, 856, 857, 858, 861, 862, 863, 866, 867, 868, 871, 872, 873, 874, 875, 876, 877, 878, 879, 881, 882, 884, 895, 902, 912, 913, 914, 915, 916, 917, 918, 919, 920, 922, 927, 928, 929, 931, 932, 933, 935, 936, 941, 942, 943, 945, 946, 947, 949, 950, 955, 956, 957, 959, 960, 961, 963, 964, 973, 974, 977, 978, 979, 989, 990, 991, 1001, 1002, 1003, 1012, 1014, 1015, 1025, 1026, 1027, 1030, 1031, 1032, 1033, 1034, 1035, 1036, 1037, 1040, 1041, 1042, 1043, 1044, 1045, 1046, 1047, 1050, 1051, 1052, 1053, 1054, 1055, 1056, 1059, 1060, 1061, 1062, 1064, 1067, 1073, 1075, 1076, 1077, 1078, 1080, 1083, 1084, 1085, 1086, 1087, 1089, 1092, 1093, 1094, 1095, 1096, 1097, 1098, 1099, 1101, 1115, 1116, 1132, 1134, 1135, 1138, 1140, 1141, 1143, 1144, 1145, 1146, 1147, 1150, 1153, 1155, 1156, 1157, 1158, 1159, 1160, 1162, 1165, 1166, 1167, 1168, 1169, 1170, 1172, 1175, 1176, 1179, 1180, 1182, 1190, 1196, 1197, 1199, 1202, 1203, 1204, 1206, 1207, 1208, 1209, 1210, 1212, 1214, 1215, 1217, 1218, 1220, 1221, 1223, 1236, 1237, 1238, 1239, 1258, 1259, 1260, 1263, 1264, 1266, 1267, 1268, 1269, 1271, 1272, 1273, 1276, 1278, 1279, 1284, 1285, 1290, 1291, 1296, 1297, 1304, 1311, 1312, 1313, 1314, 1315, 1316, 1317, 1318, 1320, 1329, 1330, 1331, 1332], "excluded_lines": [], "functions": {"identify_failure_context": {"executed_lines": [], "summary": {"covered_lines": 0, "num_statements": 39, "percent_covered": 0.0, "percent_covered_display": "0", "missing_lines": 39, "excluded_lines": 0, "percent_statements_covered": 0.0, "percent_statements_covered_display": "0"}, "missing_lines": [40, 42, 43, 46, 47, 48, 49, 52, 53, 54, 59, 60, 61, 64, 65, 66, 67, 68, 69, 72, 73, 74, 79, 80, 81, 84, 85, 86, 92, 93, 94, 95, 112, 113, 115, 116, 125, 126, 127], "excluded_lines": [], "start_line": 22}, "analyze_pipeline_failure": {"executed_lines": [], "summary": {"covered_lines": 0, "num_statements": 20, "percent_covered": 0.0, "percent_covered_display": "0", "missing_lines": 20, "excluded_lines": 0, "percent_statements_covered": 0.0, "percent_statements_covered_display": "0"}, "missing_lines": [146, 148, 151, 158, 160, 161, 164, 165, 166, 167, 170, 172, 173, 174, 179, 181, 183, 185, 186, 187], "excluded_lines": [], "start_line": 133}, "analyze_pod_failure": {"executed_lines": [], "summary": {"covered_lines": 0, "num_statements": 19, "percent_covered": 0.0, "percent_covered_display": "0", "missing_lines": 19, "excluded_lines": 0, "percent_statements_covered": 0.0, "percent_statements_covered_display": "0"}, "missing_lines": [201, 203, 204, 206, 214, 215, 216, 222, 225, 228, 229, 230, 235, 237, 238, 240, 242, 243, 244], "excluded_lines": [], "start_line": 189}, "analyze_generic_failure": {"executed_lines": [], "summary": {"covered_lines": 0, "num_statements": 8, "percent_covered": 0.0, "percent_covered_display": "0", "missing_lines": 8, "excluded_lines": 0, "percent_statements_covered": 0.0, "percent_statements_covered_display": "0"}, "missing_lines": [254, 255, 264, 265, 267, 269, 270, 271], "excluded_lines": [], "start_line": 246}, "build_failure_timeline": {"executed_lines": [], "summary": {"covered_lines": 0, "num_statements": 11, "percent_covered": 0.0, "percent_covered_display": "0", "missing_lines": 11, "excluded_lines": 0, "percent_statements_covered": 0.0, "percent_statements_covered_display": "0"}, "missing_lines": [285, 286, 289, 292, 293, 294, 303, 304, 306, 307, 308], "excluded_lines": [], "start_line": 277}, "find_related_failures": {"executed_lines": [], "summary": {"covered_lines": 0, "num_statements": 10, "percent_covered": 0.0, "percent_covered_display": "0", "missing_lines": 10, "excluded_lines": 0, "percent_statements_covered": 0.0, "percent_statements_covered_display": "0"}, "missing_lines": [319, 320, 323, 326, 327, 328, 334, 336, 337, 338], "excluded_lines": [], "start_line": 310}, "perform_advanced_rca": {"executed_lines": [], "summary": {"covered_lines": 0, "num_statements": 49, "percent_covered": 0.0, "percent_covered_display": "0", "missing_lines": 49, "excluded_lines": 0, "percent_statements_covered": 0.0, "percent_statements_covered_display": "0"}, "missing_lines": [353, 355, 356, 357, 358, 361, 362, 363, 364, 365, 366, 367, 368, 369, 370, 371, 374, 375, 376, 377, 378, 379, 380, 381, 382, 383, 386, 387, 390, 391, 392, 393, 394, 395, 403, 404, 412, 413, 414, 415, 422, 423, 424, 425, 426, 428, 437, 438, 439], "excluded_lines": [], "start_line": 344}, "analyze_resource_constraints": {"executed_lines": [], "summary": {"covered_lines": 0, "num_statements": 12, "percent_covered": 0.0, "percent_covered_display": "0", "missing_lines": 12, "excluded_lines": 0, "percent_statements_covered": 0.0, "percent_statements_covered_display": "0"}, "missing_lines": [459, 461, 462, 463, 464, 465, 470, 471, 473, 480, 481, 482], "excluded_lines": [], "start_line": 452}, "analyze_configuration_issues": {"executed_lines": [], "summary": {"covered_lines": 0, "num_statements": 6, "percent_covered": 0.0, "percent_covered_display": "0", "missing_lines": 6, "excluded_lines": 0, "percent_statements_covered": 0.0, "percent_statements_covered_display": "0"}, "missing_lines": [490, 491, 496, 498, 499, 500], "excluded_lines": [], "start_line": 484}, "analyze_pipeline_performance": {"executed_lines": [], "summary": {"covered_lines": 0, "num_statements": 4, "percent_covered": 0.0, "percent_covered_display": "0", "missing_lines": 4, "excluded_lines": 0, "percent_statements_covered": 0.0, "percent_statements_covered_display": "0"}, "missing_lines": [516, 518, 528, 529], "excluded_lines": [], "start_line": 503}, "analyze_pipeline_dependencies": {"executed_lines": [], "summary": {"covered_lines": 0, "num_statements": 5, "percent_covered": 0.0, "percent_covered_display": "0", "missing_lines": 5, "excluded_lines": 0, "percent_statements_covered": 0.0, "percent_statements_covered_display": "0"}, "missing_lines": [541, 542, 548, 549, 550], "excluded_lines": [], "start_line": 535}, "generate_remediation_plan": {"executed_lines": [], "summary": {"covered_lines": 0, "num_statements": 15, "percent_covered": 0.0, "percent_covered_display": "0", "missing_lines": 15, "excluded_lines": 0, "percent_statements_covered": 0.0, "percent_statements_covered_display": "0"}, "missing_lines": [565, 566, 567, 570, 575, 576, 579, 580, 581, 586, 587, 593, 598, 599, 600], "excluded_lines": [], "start_line": 556}, "calculate_confidence_score": {"executed_lines": [], "summary": {"covered_lines": 0, "num_statements": 11, "percent_covered": 0.0, "percent_covered_display": "0", "missing_lines": 11, "excluded_lines": 0, "percent_statements_covered": 0.0, "percent_statements_covered_display": "0"}, "missing_lines": [608, 609, 612, 613, 615, 616, 618, 619, 621, 623, 624], "excluded_lines": [], "start_line": 606}, "calculate_failure_impact_score": {"executed_lines": [], "summary": {"covered_lines": 0, "num_statements": 16, "percent_covered": 0.0, "percent_covered_display": "0", "missing_lines": 16, "excluded_lines": 0, "percent_statements_covered": 0.0, "percent_statements_covered_display": "0"}, "missing_lines": [630, 633, 634, 637, 638, 641, 642, 645, 648, 649, 650, 651, 652, 653, 655, 657], "excluded_lines": [], "start_line": 626}, "extract_log_content_string": {"executed_lines": [], "summary": {"covered_lines": 0, "num_statements": 8, "percent_covered": 0.0, "percent_covered_display": "0", "missing_lines": 8, "excluded_lines": 0, "percent_statements_covered": 0.0, "percent_statements_covered_display": "0"}, "missing_lines": [671, 672, 673, 674, 675, 677, 679, 681], "excluded_lines": [], "start_line": 669}, "get_category_description": {"executed_lines": [], "summary": {"covered_lines": 0, "num_statements": 2, "percent_covered": 0.0, "percent_covered_display": "0", "missing_lines": 2, "excluded_lines": 0, "percent_statements_covered": 0.0, "percent_statements_covered_display": "0"}, "missing_lines": [686, 700], "excluded_lines": [], "start_line": 683}, "analyze_error_patterns": {"executed_lines": [], "summary": {"covered_lines": 0, "num_statements": 28, "percent_covered": 0.0, "percent_covered_display": "0", "missing_lines": 28, "excluded_lines": 0, "percent_statements_covered": 0.0, "percent_statements_covered_display": "0"}, "missing_lines": [705, 706, 709, 710, 717, 718, 721, 722, 723, 724, 725, 726, 727, 728, 730, 733, 734, 735, 736, 737, 740, 741, 742, 743, 744, 745, 746, 748], "excluded_lines": [], "start_line": 702}, "analyze_failure_trends": {"executed_lines": [], "summary": {"covered_lines": 0, "num_statements": 26, "percent_covered": 0.0, "percent_covered_display": "0", "missing_lines": 26, "excluded_lines": 0, "percent_statements_covered": 0.0, "percent_statements_covered_display": "0"}, "missing_lines": [762, 769, 770, 773, 774, 775, 776, 777, 780, 781, 782, 783, 784, 787, 789, 790, 791, 793, 794, 795, 796, 798, 799, 800, 802, 808], "excluded_lines": [], "start_line": 759}, "calculate_trend_confidence": {"executed_lines": [], "summary": {"covered_lines": 0, "num_statements": 8, "percent_covered": 0.0, "percent_covered_display": "0", "missing_lines": 8, "excluded_lines": 0, "percent_statements_covered": 0.0, "percent_statements_covered_display": "0"}, "missing_lines": [814, 816, 817, 818, 819, 820, 821, 823], "excluded_lines": [], "start_line": 810}, "assess_failure_severity": {"executed_lines": [], "summary": {"covered_lines": 0, "num_statements": 35, "percent_covered": 0.0, "percent_covered_display": "0", "missing_lines": 35, "excluded_lines": 0, "percent_statements_covered": 0.0, "percent_statements_covered_display": "0"}, "missing_lines": [837, 838, 841, 842, 843, 844, 845, 846, 847, 850, 851, 853, 854, 855, 856, 857, 858, 861, 862, 863, 866, 867, 868, 871, 872, 873, 874, 875, 876, 877, 878, 879, 881, 882, 884], "excluded_lines": [], "start_line": 829}, "get_response_time_recommendation": {"executed_lines": [], "summary": {"covered_lines": 0, "num_statements": 2, "percent_covered": 0.0, "percent_covered_display": "0", "missing_lines": 2, "excluded_lines": 0, "percent_statements_covered": 0.0, "percent_statements_covered_display": "0"}, "missing_lines": [895, 902], "excluded_lines": [], "start_line": 892}, "categorize_impact_severity": {"executed_lines": [], "summary": {"covered_lines": 0, "num_statements": 10, "percent_covered": 0.0, "percent_covered_display": "0", "missing_lines": 10, "excluded_lines": 0, "percent_statements_covered": 0.0, "percent_statements_covered_display": "0"}, "missing_lines": [912, 913, 914, 915, 916, 917, 918, 919, 920, 922], "excluded_lines": [], "start_line": 910}, "generate_performance_impact_description": {"executed_lines": [], "summary": {"covered_lines": 0, "num_statements": 8, "percent_covered": 0.0, "percent_covered_display": "0", "missing_lines": 8, "excluded_lines": 0, "percent_statements_covered": 0.0, "percent_statements_covered_display": "0"}, "missing_lines": [927, 928, 929, 931, 932, 933, 935, 936], "excluded_lines": [], "start_line": 925}, "generate_reliability_impact_description": {"executed_lines": [], "summary": {"covered_lines": 0, "num_statements": 8, "percent_covered": 0.0, "percent_covered_display": "0", "missing_lines": 8, "excluded_lines": 0, "percent_statements_covered": 0.0, "percent_statements_covered_display": "0"}, "missing_lines": [941, 942, 943, 945, 946, 947, 949, 950], "excluded_lines": [], "start_line": 939}, "generate_cost_impact_description": {"executed_lines": [], "summary": {"covered_lines": 0, "num_statements": 8, "percent_covered": 0.0, "percent_covered_display": "0", "missing_lines": 8, "excluded_lines": 0, "percent_statements_covered": 0.0, "percent_statements_covered_display": "0"}, "missing_lines": [955, 956, 957, 959, 960, 961, 963, 964], "excluded_lines": [], "start_line": 953}, "analyze_system_impact": {"executed_lines": [], "summary": {"covered_lines": 0, "num_statements": 14, "percent_covered": 0.0, "percent_covered_display": "0", "missing_lines": 14, "excluded_lines": 0, "percent_statements_covered": 0.0, "percent_statements_covered_display": "0"}, "missing_lines": [973, 974, 977, 978, 979, 989, 990, 991, 1001, 1002, 1003, 1012, 1014, 1015], "excluded_lines": [], "start_line": 967}, "perform_risk_assessment": {"executed_lines": [], "summary": {"covered_lines": 0, "num_statements": 55, "percent_covered": 0.0, "percent_covered_display": "0", "missing_lines": 55, "excluded_lines": 0, "percent_statements_covered": 0.0, "percent_statements_covered_display": "0"}, "missing_lines": [1025, 1026, 1027, 1030, 1031, 1032, 1033, 1034, 1035, 1036, 1037, 1040, 1041, 1042, 1043, 1044, 1045, 1046, 1047, 1050, 1051, 1052, 1053, 1054, 1055, 1056, 1059, 1060, 1061, 1062, 1064, 1067, 1073, 1075, 1076, 1077, 1078, 1080, 1083, 1084, 1085, 1086, 1087, 1089, 1092, 1093, 1094, 1095, 1096, 1097, 1098, 1099, 1101, 1115, 1116], "excluded_lines": [], "start_line": 1018}, "calculate_simulation_quality": {"executed_lines": [], "summary": {"covered_lines": 0, "num_statements": 56, "percent_covered": 0.0, "percent_covered_display": "0", "missing_lines": 56, "excluded_lines": 0, "percent_statements_covered": 0.0, "percent_statements_covered_display": "0"}, "missing_lines": [1132, 1134, 1135, 1138, 1140, 1141, 1143, 1144, 1145, 1146, 1147, 1150, 1153, 1155, 1156, 1157, 1158, 1159, 1160, 1162, 1165, 1166, 1167, 1168, 1169, 1170, 1172, 1175, 1176, 1179, 1180, 1182, 1190, 1196, 1197, 1199, 1202, 1203, 1204, 1206, 1207, 1208, 1209, 1210, 1212, 1214, 1215, 1217, 1218, 1220, 1221, 1223, 1236, 1237, 1238, 1239], "excluded_lines": [], "start_line": 1125}, "generate_simulation_recommendations": {"executed_lines": [], "summary": {"covered_lines": 0, "num_statements": 35, "percent_covered": 0.0, "percent_covered_display": "0", "missing_lines": 35, "excluded_lines": 0, "percent_statements_covered": 0.0, "percent_statements_covered_display": "0"}, "missing_lines": [1258, 1259, 1260, 1263, 1264, 1266, 1267, 1268, 1269, 1271, 1272, 1273, 1276, 1278, 1279, 1284, 1285, 1290, 1291, 1296, 1297, 1304, 1311, 1312, 1313, 1314, 1315, 1316, 1317, 1318, 1320, 1329, 1330, 1331, 1332], "excluded_lines": [], "start_line": 1250}, "": {"executed_lines": [1, 10, 11, 12, 22, 133, 189, 246, 277, 310, 344, 452, 484, 503, 535, 556, 606, 626, 669, 683, 702, 759, 810, 829, 892, 910, 925, 939, 953, 967, 1018, 1125, 1250], "summary": {"covered_lines": 33, "num_statements": 33, "percent_covered": 100.0, "percent_covered_display": "100", "missing_lines": 0, "excluded_lines": 0, "percent_statements_covered": 100.0, "percent_statements_covered_display": "100"}, "missing_lines": [], "excluded_lines": [], "start_line": 1}}, "classes": {"": {"executed_lines": [1, 10, 11, 12, 22, 133, 189, 246, 277, 310, 344, 452, 484, 503, 535, 556, 606, 626, 669, 683, 702, 759, 810, 829, 892, 910, 925, 939, 953, 967, 1018, 1125, 1250], "summary": {"covered_lines": 33, "num_statements": 561, "percent_covered": 5.882352941176471, "percent_covered_display": "6", "missing_lines": 528, "excluded_lines": 0, "percent_statements_covered": 5.882352941176471, "percent_statements_covered_display": "6"}, "missing_lines": [40, 42, 43, 46, 47, 48, 49, 52, 53, 54, 59, 60, 61, 64, 65, 66, 67, 68, 69, 72, 73, 74, 79, 80, 81, 84, 85, 86, 92, 93, 94, 95, 112, 113, 115, 116, 125, 126, 127, 146, 148, 151, 158, 160, 161, 164, 165, 166, 167, 170, 172, 173, 174, 179, 181, 183, 185, 186, 187, 201, 203, 204, 206, 214, 215, 216, 222, 225, 228, 229, 230, 235, 237, 238, 240, 242, 243, 244, 254, 255, 264, 265, 267, 269, 270, 271, 285, 286, 289, 292, 293, 294, 303, 304, 306, 307, 308, 319, 320, 323, 326, 327, 328, 334, 336, 337, 338, 353, 355, 356, 357, 358, 361, 362, 363, 364, 365, 366, 367, 368, 369, 370, 371, 374, 375, 376, 377, 378, 379, 380, 381, 382, 383, 386, 387, 390, 391, 392, 393, 394, 395, 403, 404, 412, 413, 414, 415, 422, 423, 424, 425, 426, 428, 437, 438, 439, 459, 461, 462, 463, 464, 465, 470, 471, 473, 480, 481, 482, 490, 491, 496, 498, 499, 500, 516, 518, 528, 529, 541, 542, 548, 549, 550, 565, 566, 567, 570, 575, 576, 579, 580, 581, 586, 587, 593, 598, 599, 600, 608, 609, 612, 613, 615, 616, 618, 619, 621, 623, 624, 630, 633, 634, 637, 638, 641, 642, 645, 648, 649, 650, 651, 652, 653, 655, 657, 671, 672, 673, 674, 675, 677, 679, 681, 686, 700, 705, 706, 709, 710, 717, 718, 721, 722, 723, 724, 725, 726, 727, 728, 730, 733, 734, 735, 736, 737, 740, 741, 742, 743, 744, 745, 746, 748, 762, 769, 770, 773, 774, 775, 776, 777, 780, 781, 782, 783, 784, 787, 789, 790, 791, 793, 794, 795, 796, 798, 799, 800, 802, 808, 814, 816, 817, 818, 819, 820, 821, 823, 837, 838, 841, 842, 843, 844, 845, 846, 847, 850, 851, 853, 854, 855, 856, 857, 858, 861, 862, 863, 866, 867, 868, 871, 872, 873, 874, 875, 876, 877, 878, 879, 881, 882, 884, 895, 902, 912, 913, 914, 915, 916, 917, 918, 919, 920, 922, 927, 928, 929, 931, 932, 933, 935, 936, 941, 942, 943, 945, 946, 947, 949, 950, 955, 956, 957, 959, 960, 961, 963, 964, 973, 974, 977, 978, 979, 989, 990, 991, 1001, 1002, 1003, 1012, 1014, 1015, 1025, 1026, 1027, 1030, 1031, 1032, 1033, 1034, 1035, 1036, 1037, 1040, 1041, 1042, 1043, 1044, 1045, 1046, 1047, 1050, 1051, 1052, 1053, 1054, 1055, 1056, 1059, 1060, 1061, 1062, 1064, 1067, 1073, 1075, 1076, 1077, 1078, 1080, 1083, 1084, 1085, 1086, 1087, 1089, 1092, 1093, 1094, 1095, 1096, 1097, 1098, 1099, 1101, 1115, 1116, 1132, 1134, 1135, 1138, 1140, 1141, 1143, 1144, 1145, 1146, 1147, 1150, 1153, 1155, 1156, 1157, 1158, 1159, 1160, 1162, 1165, 1166, 1167, 1168, 1169, 1170, 1172, 1175, 1176, 1179, 1180, 1182, 1190, 1196, 1197, 1199, 1202, 1203, 1204, 1206, 1207, 1208, 1209, 1210, 1212, 1214, 1215, 1217, 1218, 1220, 1221, 1223, 1236, 1237, 1238, 1239, 1258, 1259, 1260, 1263, 1264, 1266, 1267, 1268, 1269, 1271, 1272, 1273, 1276, 1278, 1279, 1284, 1285, 1290, 1291, 1296, 1297, 1304, 1311, 1312, 1313, 1314, 1315, 1316, 1317, 1318, 1320, 1329, 1330, 1331, 1332], "excluded_lines": [], "start_line": 1}}}, "src/helpers/kubearchive_integration.py": {"executed_lines": [1, 2, 12, 13, 14, 15, 16, 17, 18, 19, 20, 21, 22, 23, 24, 25, 27, 30, 32, 63, 86, 87, 88, 89, 90, 91, 92, 93, 94, 95, 96, 97, 99, 188, 221, 271, 387, 430, 434, 439, 461, 488, 546, 564, 568, 571, 580, 588, 605, 660, 681, 702, 784, 991, 1158, 1166, 1297, 1402, 1440, 1491, 1529, 1564, 1614, 1708, 1735, 1916, 1939, 1973], "summary": {"covered_lines": 68, "num_statements": 880, "percent_covered": 7.7272727272727275, "percent_covered_display": "8", "missing_lines": 812, "excluded_lines": 0, "percent_statements_covered": 7.7272727272727275, "percent_statements_covered_display": "8"}, "missing_lines": [37, 38, 41, 42, 44, 45, 47, 50, 55, 57, 117, 118, 119, 122, 123, 124, 127, 128, 130, 133, 134, 135, 137, 140, 141, 142, 143, 144, 147, 148, 149, 150, 151, 154, 155, 156, 157, 158, 161, 162, 163, 166, 167, 168, 169, 170, 171, 173, 175, 176, 179, 180, 181, 182, 183, 185, 186, 190, 191, 192, 193, 203, 204, 206, 207, 208, 210, 211, 212, 213, 214, 216, 217, 219, 223, 224, 225, 227, 228, 229, 230, 236, 237, 238, 240, 241, 243, 244, 245, 246, 248, 251, 252, 253, 254, 255, 256, 257, 258, 260, 261, 262, 263, 264, 266, 267, 269, 289, 290, 293, 294, 295, 296, 297, 299, 300, 301, 303, 304, 305, 306, 309, 310, 311, 312, 313, 314, 315, 318, 319, 320, 321, 322, 324, 325, 326, 328, 330, 331, 332, 336, 338, 339, 343, 344, 345, 346, 347, 349, 355, 356, 357, 358, 359, 364, 365, 369, 371, 375, 376, 377, 378, 380, 381, 383, 384, 385, 389, 390, 391, 392, 401, 402, 403, 406, 407, 409, 410, 411, 414, 415, 417, 419, 420, 421, 422, 423, 425, 426, 428, 432, 437, 446, 448, 455, 456, 457, 458, 459, 472, 474, 475, 477, 478, 479, 480, 481, 484, 485, 486, 499, 501, 502, 505, 508, 515, 517, 524, 527, 528, 529, 530, 532, 533, 535, 536, 538, 539, 540, 541, 542, 543, 544, 548, 549, 550, 551, 552, 553, 554, 555, 556, 557, 558, 559, 561, 562, 566, 570, 573, 597, 598, 599, 600, 601, 602, 603, 617, 618, 621, 622, 623, 624, 625, 626, 627, 628, 629, 634, 635, 636, 639, 640, 641, 642, 643, 644, 646, 649, 650, 651, 652, 653, 655, 657, 658, 662, 663, 664, 665, 666, 667, 668, 669, 670, 671, 673, 674, 675, 676, 677, 678, 679, 688, 690, 696, 697, 698, 699, 700, 712, 714, 715, 721, 722, 723, 724, 727, 728, 735, 736, 737, 738, 740, 741, 747, 748, 749, 751, 752, 753, 754, 756, 757, 759, 760, 761, 762, 763, 764, 765, 766, 767, 768, 769, 770, 771, 772, 774, 775, 776, 777, 778, 779, 780, 781, 782, 809, 810, 811, 814, 815, 816, 817, 819, 821, 822, 828, 829, 830, 831, 833, 836, 837, 840, 841, 848, 849, 850, 853, 854, 861, 862, 863, 865, 867, 871, 874, 898, 899, 900, 901, 903, 904, 911, 912, 913, 914, 915, 916, 917, 918, 919, 921, 923, 926, 927, 928, 929, 932, 933, 942, 943, 944, 945, 946, 947, 948, 949, 950, 952, 953, 954, 956, 959, 960, 961, 968, 969, 970, 971, 972, 974, 975, 977, 978, 979, 981, 982, 983, 984, 985, 986, 987, 988, 989, 1010, 1011, 1014, 1016, 1017, 1018, 1019, 1022, 1023, 1024, 1025, 1026, 1027, 1028, 1029, 1030, 1034, 1035, 1036, 1037, 1038, 1039, 1042, 1043, 1044, 1045, 1046, 1048, 1051, 1054, 1056, 1059, 1060, 1061, 1064, 1065, 1066, 1067, 1074, 1075, 1077, 1079, 1080, 1081, 1083, 1084, 1085, 1087, 1088, 1089, 1091, 1092, 1096, 1098, 1099, 1100, 1103, 1110, 1113, 1115, 1116, 1119, 1120, 1121, 1122, 1123, 1124, 1125, 1126, 1127, 1128, 1129, 1131, 1132, 1133, 1134, 1136, 1138, 1139, 1141, 1142, 1143, 1144, 1145, 1147, 1148, 1149, 1150, 1152, 1153, 1154, 1155, 1156, 1160, 1161, 1162, 1163, 1164, 1193, 1194, 1195, 1201, 1204, 1214, 1215, 1216, 1222, 1229, 1231, 1232, 1233, 1234, 1236, 1238, 1239, 1240, 1242, 1243, 1246, 1247, 1248, 1249, 1251, 1252, 1255, 1256, 1257, 1258, 1259, 1260, 1262, 1267, 1268, 1275, 1276, 1277, 1282, 1283, 1285, 1286, 1290, 1291, 1292, 1328, 1329, 1330, 1336, 1337, 1340, 1341, 1342, 1345, 1346, 1347, 1348, 1353, 1360, 1362, 1363, 1364, 1365, 1366, 1367, 1368, 1373, 1374, 1375, 1382, 1383, 1384, 1389, 1390, 1391, 1395, 1396, 1397, 1405, 1419, 1420, 1422, 1423, 1425, 1428, 1432, 1435, 1436, 1438, 1461, 1474, 1475, 1477, 1478, 1480, 1483, 1488, 1489, 1501, 1503, 1504, 1506, 1507, 1509, 1510, 1512, 1514, 1516, 1517, 1519, 1520, 1522, 1542, 1543, 1545, 1546, 1547, 1548, 1550, 1551, 1552, 1553, 1554, 1556, 1557, 1558, 1562, 1574, 1575, 1576, 1582, 1586, 1587, 1589, 1590, 1591, 1592, 1598, 1603, 1604, 1645, 1646, 1648, 1649, 1650, 1652, 1655, 1656, 1657, 1658, 1659, 1662, 1663, 1665, 1666, 1667, 1670, 1671, 1672, 1674, 1675, 1676, 1677, 1678, 1681, 1682, 1684, 1685, 1686, 1687, 1688, 1689, 1690, 1691, 1693, 1694, 1700, 1701, 1702, 1705, 1721, 1723, 1725, 1727, 1728, 1729, 1730, 1732, 1791, 1793, 1794, 1795, 1804, 1805, 1806, 1815, 1816, 1817, 1820, 1831, 1832, 1841, 1842, 1845, 1847, 1848, 1849, 1850, 1851, 1854, 1855, 1860, 1861, 1862, 1863, 1864, 1870, 1871, 1872, 1873, 1874, 1875, 1877, 1879, 1880, 1881, 1882, 1885, 1886, 1887, 1888, 1890, 1891, 1893, 1895, 1905, 1906, 1907, 1918, 1919, 1921, 1929, 1931, 1932, 1933, 1934, 1936, 1941, 1942, 1943, 1945, 1956, 1958, 1959, 1960, 1961, 1962, 1963, 1964, 1967, 1968, 1970, 1987, 1989, 1992, 2000, 2001, 2002], "excluded_lines": [], "functions": {"setup_kubearchive_client": {"executed_lines": [], "summary": {"covered_lines": 0, "num_statements": 10, "percent_covered": 0.0, "percent_covered_display": "0", "missing_lines": 10, "excluded_lines": 0, "percent_statements_covered": 0.0, "percent_statements_covered_display": "0"}, "missing_lines": [37, 38, 41, 42, 44, 45, 47, 50, 55, 57], "excluded_lines": [], "start_line": 32}, "KubeArchiveEndpointDiscovery.__init__": {"executed_lines": [87, 88, 89, 90, 91, 92, 93, 94, 95, 96, 97], "summary": {"covered_lines": 11, "num_statements": 11, "percent_covered": 100.0, "percent_covered_display": "100", "missing_lines": 0, "excluded_lines": 0, "percent_statements_covered": 100.0, "percent_statements_covered_display": "100"}, "missing_lines": [], "excluded_lines": [], "start_line": 86}, "KubeArchiveEndpointDiscovery.discover_endpoint": {"executed_lines": [], "summary": {"covered_lines": 0, "num_statements": 47, "percent_covered": 0.0, "percent_covered_display": "0", "missing_lines": 47, "excluded_lines": 0, "percent_statements_covered": 0.0, "percent_statements_covered_display": "0"}, "missing_lines": [117, 118, 119, 122, 123, 124, 127, 128, 130, 133, 134, 135, 137, 140, 141, 142, 143, 144, 147, 148, 149, 150, 151, 154, 155, 156, 157, 158, 161, 162, 163, 166, 167, 168, 169, 170, 171, 173, 175, 176, 179, 180, 181, 182, 183, 185, 186], "excluded_lines": [], "start_line": 99}, "KubeArchiveEndpointDiscovery._check_route": {"executed_lines": [], "summary": {"covered_lines": 0, "num_statements": 17, "percent_covered": 0.0, "percent_covered_display": "0", "missing_lines": 17, "excluded_lines": 0, "percent_statements_covered": 0.0, "percent_statements_covered_display": "0"}, "missing_lines": [190, 191, 192, 193, 203, 204, 206, 207, 208, 210, 211, 212, 213, 214, 216, 217, 219], "excluded_lines": [], "start_line": 188}, "KubeArchiveEndpointDiscovery._check_ingress": {"executed_lines": [], "summary": {"covered_lines": 0, "num_statements": 33, "percent_covered": 0.0, "percent_covered_display": "0", "missing_lines": 33, "excluded_lines": 0, "percent_statements_covered": 0.0, "percent_statements_covered_display": "0"}, "missing_lines": [223, 224, 225, 227, 228, 229, 230, 236, 237, 238, 240, 241, 243, 244, 245, 246, 248, 251, 252, 253, 254, 255, 256, 257, 258, 260, 261, 262, 263, 264, 266, 267, 269], "excluded_lines": [], "start_line": 221}, "KubeArchiveEndpointDiscovery._check_kubeconfig_route_inference": {"executed_lines": [], "summary": {"covered_lines": 0, "num_statements": 60, "percent_covered": 0.0, "percent_covered_display": "0", "missing_lines": 60, "excluded_lines": 0, "percent_statements_covered": 0.0, "percent_statements_covered_display": "0"}, "missing_lines": [289, 290, 293, 294, 295, 296, 297, 299, 300, 301, 303, 304, 305, 306, 309, 310, 311, 312, 313, 314, 315, 318, 319, 320, 321, 322, 324, 325, 326, 328, 330, 331, 332, 336, 338, 339, 343, 344, 345, 346, 347, 349, 355, 356, 357, 358, 359, 364, 365, 369, 371, 375, 376, 377, 378, 380, 381, 383, 384, 385], "excluded_lines": [], "start_line": 271}, "KubeArchiveEndpointDiscovery._check_service": {"executed_lines": [], "summary": {"covered_lines": 0, "num_statements": 23, "percent_covered": 0.0, "percent_covered_display": "0", "missing_lines": 23, "excluded_lines": 0, "percent_statements_covered": 0.0, "percent_statements_covered_display": "0"}, "missing_lines": [389, 390, 391, 392, 401, 402, 403, 406, 407, 409, 410, 411, 414, 415, 417, 419, 420, 421, 422, 423, 425, 426, 428], "excluded_lines": [], "start_line": 387}, "KubeArchiveEndpointDiscovery._is_in_cluster_endpoint": {"executed_lines": [], "summary": {"covered_lines": 0, "num_statements": 1, "percent_covered": 0.0, "percent_covered_display": "0", "missing_lines": 1, "excluded_lines": 0, "percent_statements_covered": 0.0, "percent_statements_covered_display": "0"}, "missing_lines": [432], "excluded_lines": [], "start_line": 430}, "KubeArchiveEndpointDiscovery._is_running_in_cluster": {"executed_lines": [], "summary": {"covered_lines": 0, "num_statements": 1, "percent_covered": 0.0, "percent_covered_display": "0", "missing_lines": 1, "excluded_lines": 0, "percent_statements_covered": 0.0, "percent_statements_covered_display": "0"}, "missing_lines": [437], "excluded_lines": [], "start_line": 434}, "KubeArchiveEndpointDiscovery._is_openshift_cluster": {"executed_lines": [], "summary": {"covered_lines": 0, "num_statements": 7, "percent_covered": 0.0, "percent_covered_display": "0", "missing_lines": 7, "excluded_lines": 0, "percent_statements_covered": 0.0, "percent_statements_covered_display": "0"}, "missing_lines": [446, 448, 455, 456, 457, 458, 459], "excluded_lines": [], "start_line": 439}, "KubeArchiveEndpointDiscovery._find_available_port": {"executed_lines": [], "summary": {"covered_lines": 0, "num_statements": 11, "percent_covered": 0.0, "percent_covered_display": "0", "missing_lines": 11, "excluded_lines": 0, "percent_statements_covered": 0.0, "percent_statements_covered_display": "0"}, "missing_lines": [472, 474, 475, 477, 478, 479, 480, 481, 484, 485, 486], "excluded_lines": [], "start_line": 461}, "KubeArchiveEndpointDiscovery._setup_port_forward": {"executed_lines": [], "summary": {"covered_lines": 0, "num_statements": 23, "percent_covered": 0.0, "percent_covered_display": "0", "missing_lines": 23, "excluded_lines": 0, "percent_statements_covered": 0.0, "percent_statements_covered_display": "0"}, "missing_lines": [499, 501, 502, 505, 508, 515, 517, 524, 527, 528, 529, 530, 532, 533, 535, 536, 538, 539, 540, 541, 542, 543, 544], "excluded_lines": [], "start_line": 488}, "KubeArchiveEndpointDiscovery.stop_port_forward": {"executed_lines": [], "summary": {"covered_lines": 0, "num_statements": 14, "percent_covered": 0.0, "percent_covered_display": "0", "missing_lines": 14, "excluded_lines": 0, "percent_statements_covered": 0.0, "percent_statements_covered_display": "0"}, "missing_lines": [548, 549, 550, 551, 552, 553, 554, 555, 556, 557, 558, 559, 561, 562], "excluded_lines": [], "start_line": 546}, "KubeArchiveEndpointDiscovery.__del__": {"executed_lines": [], "summary": {"covered_lines": 0, "num_statements": 1, "percent_covered": 0.0, "percent_covered_display": "0", "missing_lines": 1, "excluded_lines": 0, "percent_statements_covered": 0.0, "percent_statements_covered_display": "0"}, "missing_lines": [566], "excluded_lines": [], "start_line": 564}, "KubeArchiveEndpointDiscovery.clear_cache": {"executed_lines": [], "summary": {"covered_lines": 0, "num_statements": 1, "percent_covered": 0.0, "percent_covered_display": "0", "missing_lines": 1, "excluded_lines": 0, "percent_statements_covered": 0.0, "percent_statements_covered_display": "0"}, "missing_lines": [570], "excluded_lines": [], "start_line": 568}, "KubeArchiveEndpointDiscovery.get_cached_endpoint": {"executed_lines": [], "summary": {"covered_lines": 0, "num_statements": 1, "percent_covered": 0.0, "percent_covered_display": "0", "missing_lines": 1, "excluded_lines": 0, "percent_statements_covered": 0.0, "percent_statements_covered_display": "0"}, "missing_lines": [573], "excluded_lines": [], "start_line": 571}, "KubeArchiveClient.__init__": {"executed_lines": [], "summary": {"covered_lines": 0, "num_statements": 7, "percent_covered": 0.0, "percent_covered_display": "0", "missing_lines": 7, "excluded_lines": 0, "percent_statements_covered": 0.0, "percent_statements_covered_display": "0"}, "missing_lines": [597, 598, 599, 600, 601, 602, 603], "excluded_lines": [], "start_line": 588}, "KubeArchiveClient._get_auth_token": {"executed_lines": [], "summary": {"covered_lines": 0, "num_statements": 29, "percent_covered": 0.0, "percent_covered_display": "0", "missing_lines": 29, "excluded_lines": 0, "percent_statements_covered": 0.0, "percent_statements_covered_display": "0"}, "missing_lines": [617, 618, 621, 622, 623, 624, 625, 626, 627, 628, 629, 634, 635, 636, 639, 640, 641, 642, 643, 644, 646, 649, 650, 651, 652, 653, 655, 657, 658], "excluded_lines": [], "start_line": 605}, "KubeArchiveClient._extract_token_from_client": {"executed_lines": [], "summary": {"covered_lines": 0, "num_statements": 17, "percent_covered": 0.0, "percent_covered_display": "0", "missing_lines": 17, "excluded_lines": 0, "percent_statements_covered": 0.0, "percent_statements_covered_display": "0"}, "missing_lines": [662, 663, 664, 665, 666, 667, 668, 669, 670, 671, 673, 674, 675, 676, 677, 678, 679], "excluded_lines": [], "start_line": 660}, "KubeArchiveClient._is_openshift_cluster": {"executed_lines": [], "summary": {"covered_lines": 0, "num_statements": 7, "percent_covered": 0.0, "percent_covered_display": "0", "missing_lines": 7, "excluded_lines": 0, "percent_statements_covered": 0.0, "percent_statements_covered_display": "0"}, "missing_lines": [688, 690, 696, 697, 698, 699, 700], "excluded_lines": [], "start_line": 681}, "KubeArchiveClient._get_openshift_token": {"executed_lines": [], "summary": {"covered_lines": 0, "num_statements": 47, "percent_covered": 0.0, "percent_covered_display": "0", "missing_lines": 47, "excluded_lines": 0, "percent_statements_covered": 0.0, "percent_statements_covered_display": "0"}, "missing_lines": [712, 714, 715, 721, 722, 723, 724, 727, 728, 735, 736, 737, 738, 740, 741, 747, 748, 749, 751, 752, 753, 754, 756, 757, 759, 760, 761, 762, 763, 764, 765, 766, 767, 768, 769, 770, 771, 772, 774, 775, 776, 777, 778, 779, 780, 781, 782], "excluded_lines": [], "start_line": 702}, "KubeArchiveClient._create_local_dev_token": {"executed_lines": [], "summary": {"covered_lines": 0, "num_statements": 89, "percent_covered": 0.0, "percent_covered_display": "0", "missing_lines": 89, "excluded_lines": 0, "percent_statements_covered": 0.0, "percent_statements_covered_display": "0"}, "missing_lines": [809, 810, 811, 814, 815, 816, 817, 819, 821, 822, 828, 829, 830, 831, 833, 836, 837, 840, 841, 848, 849, 850, 853, 854, 861, 862, 863, 865, 867, 871, 874, 898, 899, 900, 901, 903, 904, 911, 912, 913, 914, 915, 916, 917, 918, 919, 921, 923, 926, 927, 928, 929, 932, 933, 942, 943, 944, 945, 946, 947, 948, 949, 950, 952, 953, 954, 956, 959, 960, 961, 968, 969, 970, 971, 972, 974, 975, 977, 978, 979, 981, 982, 983, 984, 985, 986, 987, 988, 989], "excluded_lines": [], "start_line": 784}, "KubeArchiveClient._get_ssl_context": {"executed_lines": [], "summary": {"covered_lines": 0, "num_statements": 93, "percent_covered": 0.0, "percent_covered_display": "0", "missing_lines": 93, "excluded_lines": 0, "percent_statements_covered": 0.0, "percent_statements_covered_display": "0"}, "missing_lines": [1010, 1011, 1014, 1016, 1017, 1018, 1019, 1022, 1023, 1024, 1025, 1026, 1027, 1028, 1029, 1030, 1034, 1035, 1036, 1037, 1038, 1039, 1042, 1043, 1044, 1045, 1046, 1048, 1051, 1054, 1056, 1059, 1060, 1061, 1064, 1065, 1066, 1067, 1074, 1075, 1077, 1079, 1080, 1081, 1083, 1084, 1085, 1087, 1088, 1089, 1091, 1092, 1096, 1098, 1099, 1100, 1103, 1110, 1113, 1115, 1116, 1119, 1120, 1121, 1122, 1123, 1124, 1125, 1126, 1127, 1128, 1129, 1131, 1132, 1133, 1134, 1136, 1138, 1139, 1141, 1142, 1143, 1144, 1145, 1147, 1148, 1149, 1150, 1152, 1153, 1154, 1155, 1156], "excluded_lines": [], "start_line": 991}, "KubeArchiveClient.__del__": {"executed_lines": [], "summary": {"covered_lines": 0, "num_statements": 5, "percent_covered": 0.0, "percent_covered_display": "0", "missing_lines": 5, "excluded_lines": 0, "percent_statements_covered": 0.0, "percent_statements_covered_display": "0"}, "missing_lines": [1160, 1161, 1162, 1163, 1164], "excluded_lines": [], "start_line": 1158}, "KubeArchiveClient.query_resources": {"executed_lines": [], "summary": {"covered_lines": 0, "num_statements": 45, "percent_covered": 0.0, "percent_covered_display": "0", "missing_lines": 45, "excluded_lines": 0, "percent_statements_covered": 0.0, "percent_statements_covered_display": "0"}, "missing_lines": [1193, 1194, 1195, 1201, 1204, 1214, 1215, 1216, 1222, 1229, 1231, 1232, 1233, 1234, 1236, 1238, 1239, 1240, 1242, 1243, 1246, 1247, 1248, 1249, 1251, 1252, 1255, 1256, 1257, 1258, 1259, 1260, 1262, 1267, 1268, 1275, 1276, 1277, 1282, 1283, 1285, 1286, 1290, 1291, 1292], "excluded_lines": [], "start_line": 1166}, "KubeArchiveClient.get_resource_logs": {"executed_lines": [], "summary": {"covered_lines": 0, "num_statements": 33, "percent_covered": 0.0, "percent_covered_display": "0", "missing_lines": 33, "excluded_lines": 0, "percent_statements_covered": 0.0, "percent_statements_covered_display": "0"}, "missing_lines": [1328, 1329, 1330, 1336, 1337, 1340, 1341, 1342, 1345, 1346, 1347, 1348, 1353, 1360, 1362, 1363, 1364, 1365, 1366, 1367, 1368, 1373, 1374, 1375, 1382, 1383, 1384, 1389, 1390, 1391, 1395, 1396, 1397], "excluded_lines": [], "start_line": 1297}, "KubeArchiveClient._build_resource_url": {"executed_lines": [], "summary": {"covered_lines": 0, "num_statements": 11, "percent_covered": 0.0, "percent_covered_display": "0", "missing_lines": 11, "excluded_lines": 0, "percent_statements_covered": 0.0, "percent_statements_covered_display": "0"}, "missing_lines": [1405, 1419, 1420, 1422, 1423, 1425, 1428, 1432, 1435, 1436, 1438], "excluded_lines": [], "start_line": 1402}, "KubeArchiveClient._build_log_url": {"executed_lines": [], "summary": {"covered_lines": 0, "num_statements": 9, "percent_covered": 0.0, "percent_covered_display": "0", "missing_lines": 9, "excluded_lines": 0, "percent_statements_covered": 0.0, "percent_statements_covered_display": "0"}, "missing_lines": [1461, 1474, 1475, 1477, 1478, 1480, 1483, 1488, 1489], "excluded_lines": [], "start_line": 1440}, "KubeArchiveClient._build_query_params": {"executed_lines": [], "summary": {"covered_lines": 0, "num_statements": 14, "percent_covered": 0.0, "percent_covered_display": "0", "missing_lines": 14, "excluded_lines": 0, "percent_statements_covered": 0.0, "percent_statements_covered_display": "0"}, "missing_lines": [1501, 1503, 1504, 1506, 1507, 1509, 1510, 1512, 1514, 1516, 1517, 1519, 1520, 1522], "excluded_lines": [], "start_line": 1491}, "_derive_phase_from_conditions": {"executed_lines": [], "summary": {"covered_lines": 0, "num_statements": 15, "percent_covered": 0.0, "percent_covered_display": "0", "missing_lines": 15, "excluded_lines": 0, "percent_statements_covered": 0.0, "percent_statements_covered_display": "0"}, "missing_lines": [1542, 1543, 1545, 1546, 1547, 1548, 1550, 1551, 1552, 1553, 1554, 1556, 1557, 1558, 1562], "excluded_lines": [], "start_line": 1529}, "check_kubearchive_availability": {"executed_lines": [], "summary": {"covered_lines": 0, "num_statements": 13, "percent_covered": 0.0, "percent_covered_display": "0", "missing_lines": 13, "excluded_lines": 0, "percent_statements_covered": 0.0, "percent_statements_covered_display": "0"}, "missing_lines": [1574, 1575, 1576, 1582, 1586, 1587, 1589, 1590, 1591, 1592, 1598, 1603, 1604], "excluded_lines": [], "start_line": 1564}, "normalize_to_rfc3339": {"executed_lines": [], "summary": {"covered_lines": 0, "num_statements": 40, "percent_covered": 0.0, "percent_covered_display": "0", "missing_lines": 40, "excluded_lines": 0, "percent_statements_covered": 0.0, "percent_statements_covered_display": "0"}, "missing_lines": [1645, 1646, 1648, 1649, 1650, 1652, 1655, 1656, 1657, 1658, 1659, 1662, 1663, 1665, 1666, 1667, 1670, 1671, 1672, 1674, 1675, 1676, 1677, 1678, 1681, 1682, 1684, 1685, 1686, 1687, 1688, 1689, 1690, 1691, 1693, 1694, 1700, 1701, 1702, 1705], "excluded_lines": [], "start_line": 1614}, "format_timestamp_for_kubearchive": {"executed_lines": [], "summary": {"covered_lines": 0, "num_statements": 8, "percent_covered": 0.0, "percent_covered_display": "0", "missing_lines": 8, "excluded_lines": 0, "percent_statements_covered": 0.0, "percent_statements_covered_display": "0"}, "missing_lines": [1721, 1723, 1725, 1727, 1728, 1729, 1730, 1732], "excluded_lines": [], "start_line": 1708}, "query_kubearchive_resources": {"e
[...]
585, 4586, 4587, 4589, 4590, 4591, 4593, 4594, 4596, 4621, 4622, 4623, 4624, 4627, 4628, 4629, 4630, 4633, 4634, 4635, 4636, 4637, 4638, 4641, 4642, 4643, 4644, 4645, 4650, 4651, 4658, 4665, 4666, 4667, 4668, 4669, 4671, 4672, 4674, 4675, 4676, 4677, 4678, 4679, 4682, 4683, 4684, 4685, 4686, 4687, 4688, 4689, 4691, 4692, 4697, 4699, 4700, 4703, 4704, 4705, 4708, 4709, 4710, 4711, 4712, 4713, 4716, 4718, 4719, 4720, 4737, 4738, 4739, 4740, 4743, 4745, 4746, 4749, 4750, 4752, 4754, 4759, 4760, 4762, 4763, 4764, 4765, 4766, 4767, 4768, 4770, 4771, 4772, 4774, 4775, 4776, 4788, 4789, 4790, 4791, 4794, 4795, 4796, 4797, 4799, 4800, 4801, 4802, 4803, 4805, 4806, 4808, 4809, 4812, 4813, 4814, 4817, 4818, 4819, 4820, 4823, 4824, 4825, 4826, 4828, 4831, 4832, 4834, 4849, 4850, 4851, 4863, 4864, 4866, 4867, 4869, 4870, 4872, 4873, 4874, 4876, 4877, 4878, 4880, 4882, 4883, 4885, 4886, 4887, 4889, 4890, 4893, 4894, 4895, 4897, 4900, 4902, 4903, 4906, 4909, 4912, 4913, 4914, 4917, 4918, 4919, 4921, 4923, 4924, 4925, 4930, 4931, 4933, 4934, 4935, 4937, 4939, 4941, 4942, 4943, 4945, 4946, 4947, 4949, 4954, 4955, 4957, 4959, 4960, 4961, 4962, 4963, 4964, 4965, 4967, 4968, 4970, 4971, 4972, 4974, 4978, 4980, 4981, 4982, 4983, 4985, 4987, 4988, 4989, 4994, 4995, 4997, 4998, 5000, 5002, 5003, 5010, 5012, 5013, 5016, 5017, 5018, 5019, 5020, 5021, 5023, 5024, 5025, 5026, 5037, 5038, 5039, 5040, 5041, 5042, 5043, 5045, 5047, 5062, 5064, 5066, 5068, 5069, 5070, 5075, 5076, 5078, 5079, 5082, 5083, 5084, 5086, 5087, 5089, 5090, 5091, 5092, 5093, 5094, 5096, 5097, 5098, 5100, 5102, 5103, 5108, 5109, 5111, 5112, 5115, 5118, 5119, 5120, 5121, 5122, 5124, 5125, 5126, 5127, 5130, 5131, 5132, 5133, 5134, 5136, 5137, 5138, 5139, 5141, 5143, 5144, 5145, 5150, 5153, 5154, 5160, 5161, 5167, 5168, 5175, 5176, 5178, 5179, 5180, 5183, 5184, 5190, 5195, 5197, 5198, 5199, 5204, 5207, 5208, 5210, 5211, 5212, 5213, 5214, 5215, 5218, 5219, 5220, 5221, 5222, 5223, 5225, 5226, 5228, 5229, 5231, 5232, 5235, 5236, 5238, 5239, 5241, 5277, 5278, 5279, 5280, 5282, 5283, 5284, 5286, 5288, 5289, 5302, 5303, 5316, 5317, 5318, 5335, 5336, 5337, 5340, 5341, 5342, 5360, 5363, 5364, 5365, 5366, 5367, 5369, 5370, 5376, 5377, 5380, 5381, 5383, 5384, 5389, 5390, 5392, 5395, 5396, 5397, 5399, 5400, 5401, 5404, 5409, 5419, 5421, 5422, 5423, 5426, 5428, 5440, 5441, 5442, 5459, 5460, 5461, 5478, 5479, 5480, 5496, 5497, 5498, 5499, 5515, 5516, 5517, 5518, 5520, 5554, 5556, 5566, 5567, 5568, 5569, 5571, 5574, 5575, 5576, 5577, 5579, 5581, 5583, 5584, 5586, 5602, 5603, 5604, 5607, 5615, 5617, 5622, 5625, 5626, 5628, 5629, 5631, 5632, 5634, 5636, 5637, 5638, 5652, 5654, 5660, 5661, 5662, 5663, 5664, 5665, 5666, 5670, 5671, 5672, 5674, 5675, 5677, 5705, 5706, 5708, 5710, 5711, 5713, 5714, 5715, 5716, 5719, 5720, 5721, 5723, 5726, 5728, 5729, 5730, 5734, 5736, 5738, 5739, 5740, 5741, 5744, 5745, 5748, 5749, 5750, 5751, 5755, 5758, 5759, 5760, 5761, 5762, 5763, 5764, 5765, 5766, 5769, 5770, 5771, 5772, 5774, 5776, 5777, 5779, 5781, 5782, 5783, 5784, 5788, 5791, 5792, 5793, 5795, 5796, 5797, 5798, 5800, 5801, 5802, 5803, 5804, 5805, 5806, 5807, 5808, 5810, 5811, 5813, 5815, 5818, 5820, 5822, 5823, 5826, 5829, 5830, 5832, 5834, 5835, 5837, 5843, 5845, 5846, 5847, 5848, 5849, 5850, 5852, 5853, 5854, 5856, 5857, 5888, 5889, 5891, 5892, 5894, 5896, 5907, 5909, 5910, 5911, 5912, 5913, 5916, 5918, 5920, 5922, 5925, 5926, 5927, 5929, 5930, 5931, 5933, 5934, 5936, 5937, 5938, 5939, 5941, 5942, 5944, 5945, 5946, 5947, 5949, 5963, 5964, 5966, 5967, 5968, 5969, 5973, 5975, 5976, 5978, 5980, 5983, 5985, 5986, 5987, 5988, 5990, 5991, 5992, 5995, 5996, 5999, 6002, 6003, 6005, 6007, 6055, 6056, 6058, 6059, 6061, 6062, 6066, 6067, 6068, 6069, 6071, 6072, 6073, 6074, 6076, 6077, 6078, 6080, 6081, 6082, 6084, 6085, 6086, 6088, 6090, 6093, 6101, 6103, 6105, 6107, 6108, 6109, 6111, 6112, 6113, 6114, 6115, 6117, 6118, 6120, 6124, 6127, 6134, 6135, 6137, 6138, 6140, 6143, 6145, 6146, 6148, 6154, 6155, 6157, 6158, 6164, 6165, 6167, 6168, 6169, 6171, 6172, 6174, 6176, 6177, 6179, 6180, 6186, 6187, 6189, 6192, 6193, 6196, 6197, 6200, 6201, 6204, 6205, 6208, 6209, 6210, 6212, 6215, 6216, 6217, 6219, 6221, 6222, 6224, 6230, 6232, 6233, 6234, 6236, 6238, 6239, 6242, 6245, 6273, 6274, 6277, 6278, 6279, 6281, 6283, 6284, 6285, 6286, 6317, 6318, 6319, 6322, 6324, 6326, 6334, 6335, 6336, 6339, 6341, 6343, 6346, 6347, 6348, 6350, 6351, 6353, 6355, 6356, 6359, 6360, 6361, 6363, 6365, 6374, 6376, 6377, 6379, 6380, 6381, 6382, 6387, 6389, 6390, 6391, 6399, 6401, 6402, 6403, 6406, 6407, 6414, 6415, 6416, 6418, 6419, 6420, 6421, 6422, 6423, 6425, 6426, 6434, 6435, 6437, 6438, 6439, 6442, 6443, 6444, 6446, 6456, 6457, 6458, 6459, 6460, 6462, 6463, 6465, 6466, 6469, 6471, 6472, 6474, 6487, 6488, 6489, 6519, 6520, 6522, 6523, 6524, 6527, 6528, 6531, 6532, 6533, 6535, 6536, 6539, 6540, 6566, 6570, 6571, 6581, 6584, 6585, 6587, 6588, 6589, 6591, 6593, 6602, 6604, 6613, 6614, 6615, 6616, 6618, 6620, 6622, 6623, 6624, 6627, 6637, 6638, 6639, 6640, 6642, 6644, 6645, 6647, 6660, 6661, 6662, 6695, 6696, 6699, 6700, 6701, 6702, 6703, 6705, 6706, 6708, 6709, 6711, 6712, 6713, 6714, 6715, 6718, 6721, 6722, 6725, 6726, 6727, 6729, 6730, 6733, 6734, 6735, 6748, 6756, 6757, 6758, 6761, 6762, 6765, 6766, 6768, 6770, 6771, 6772, 6775, 6778, 6779, 6789, 6790, 6791, 6792, 6794, 6796, 6797, 6798, 6799, 6806, 6807, 6808, 6809, 6812, 6815, 6816, 6817, 6819, 6820, 6821, 6823, 6824, 6827, 6830, 6831, 6832, 6834, 6835, 6836, 6838, 6840, 6847, 6848, 6854, 6855, 6856, 6859, 6860, 6862, 6865, 6866, 6867, 6870, 6871, 6874, 6885, 6886, 6887, 6888, 6890, 6891, 6893, 6894, 6897, 6913, 6914, 6915, 6958, 6959, 6965, 6966, 6968, 6969, 6971, 6972, 6973, 6974, 6976, 6977, 6979, 6980, 6981, 6982, 6985, 6986, 6987, 6990, 6991, 6992, 6995, 6996, 6997, 6999, 7000, 7001, 7003, 7004, 7005, 7007, 7008, 7009, 7012, 7013, 7014, 7015, 7017, 7018, 7019, 7022, 7023, 7024, 7026, 7036, 7038, 7039, 7040, 7041, 7042, 7043, 7047, 7048, 7050, 7051, 7053, 7055, 7056, 7058, 7059, 7060, 7061, 7062, 7064, 7065, 7068, 7069, 7070, 7071, 7073, 7074, 7076, 7077, 7080, 7081, 7082, 7084, 7094, 7096, 7097, 7098, 7099, 7100, 7101, 7105, 7106, 7108, 7109, 7111, 7112, 7114, 7115, 7117, 7118, 7119, 7120, 7121, 7124, 7129, 7130, 7134, 7135, 7138, 7139, 7140, 7142, 7143, 7189, 7190, 7192, 7193, 7197, 7198, 7199, 7200, 7202, 7203, 7204, 7205, 7207, 7208, 7209, 7211, 7212, 7213, 7215, 7217, 7220, 7222, 7228, 7229, 7230, 7233, 7234, 7236, 7237, 7238, 7239, 7241, 7244, 7245, 7246, 7248, 7249, 7252, 7253, 7259, 7260, 7262, 7263, 7269, 7270, 7272, 7273, 7274, 7276, 7277, 7279, 7281, 7282, 7284, 7285, 7291, 7292, 7294, 7297, 7298, 7299, 7301, 7302, 7303, 7304, 7306, 7307, 7309, 7310, 7311, 7312, 7316, 7317, 7318, 7319, 7322, 7323, 7324, 7327, 7329, 7354, 7355, 7358, 7359, 7360, 7362, 7364, 7365, 7366, 7367, 7409, 7410, 7412, 7413, 7417, 7418, 7419, 7420, 7422, 7423, 7424, 7425, 7428, 7429, 7430, 7431, 7433, 7434, 7435, 7436, 7438, 7439, 7440, 7441, 7443, 7445, 7453, 7454, 7455, 7456, 7457, 7458, 7459, 7462, 7465, 7476, 7477, 7478, 7480, 7485, 7487, 7491, 7492, 7499, 7500, 7502, 7504, 7505, 7510, 7511, 7517, 7523, 7525, 7527, 7528, 7533, 7534, 7540, 7546, 7548, 7550, 7551, 7557, 7558, 7565, 7566, 7569, 7578, 7581, 7582, 7591, 7594, 7616, 7617, 7619, 7621, 7623, 7624, 7625, 7626, 7663, 7664, 7666, 7667, 7669, 7671, 7679, 7680, 7683, 7684, 7685, 7694, 7696, 7697, 7698, 7699, 7700, 7701, 7702, 7709, 7710, 7718, 7719, 7720, 7721, 7723, 7724, 7733, 7736, 7744, 7745, 7747, 7748, 7750, 7751, 7753, 7754, 7755, 7756, 7757, 7764, 7766, 7767, 7769, 7770, 7771, 7805, 7808, 7809, 7810, 7812, 7814, 7816, 7822, 7823, 7826, 7827, 7829, 7830, 7831, 7839, 7841, 7850, 7852, 7853, 7854, 7855, 7856, 7857, 7858, 7859, 7861, 7862, 7863, 7864, 7865, 7866, 7867, 7868, 7869, 7871, 7872, 7877, 7879, 7880, 7881, 7883, 7886, 7897, 7898, 7899, 7900, 7901, 7904, 7905, 7906, 7907, 7908, 7911, 7912, 7913, 7914, 7915, 7916, 7919, 7920, 7921, 7925, 7926, 7929, 7935, 7936, 7938, 7939, 7941, 7942, 7943, 7979, 7980, 7981, 7983, 7984, 7985, 7988, 8016, 8017, 8018, 8019, 8020, 8023, 8024, 8025, 8026, 8027, 8030, 8031, 8043, 8046, 8047, 8048, 8049, 8051, 8052, 8053, 8058, 8059, 8071, 8072, 8073, 8074, 8076, 8079, 8080, 8081, 8082, 8083, 8085, 8086, 8089, 8090, 8091, 8092, 8095, 8100, 8101, 8104, 8105, 8113, 8114, 8117, 8120, 8121, 8122, 8124, 8125, 8127, 8128, 8130, 8131, 8132, 8173, 8174, 8177, 8202, 8203, 8205, 8206, 8207, 8208, 8209, 8210, 8211, 8214, 8215, 8217, 8218, 8219, 8220, 8223, 8224, 8225, 8226, 8227, 8229, 8230, 8231, 8234, 8236, 8237, 8238, 8240, 8243, 8245, 8246, 8247, 8248, 8250, 8251, 8283, 8286, 8287, 8288, 8289, 8295, 8297, 8298, 8299, 8301, 8302, 8303, 8304, 8305, 8307, 8308, 8313, 8314, 8316, 8324, 8325, 8326, 8327, 8328, 8329, 8330, 8331, 8332, 8333, 8335, 8336, 8337, 8338, 8339, 8344, 8354, 8355, 8356, 8357, 8358, 8359, 8360, 8362, 8363, 8366, 8367, 8368, 8369, 8370, 8372, 8384, 8390, 8391, 8400, 8401, 8402, 8403, 8404, 8408, 8409, 8411, 8414, 8415, 8416, 8417, 8418, 8426, 8427, 8428, 8433, 8436, 8437, 8438, 8440, 8453, 8454, 8455, 8461, 8464, 8465, 8468, 8469, 8478, 8479, 8488, 8489, 8498, 8500, 8501, 8503, 8504, 8505, 8547, 8549, 8551, 8564, 8565, 8566, 8567, 8568, 8569, 8570, 8571, 8572, 8573, 8575, 8578, 8602, 8604, 8605, 8606, 8607, 8609, 8612, 8615, 8616, 8617, 8618, 8619, 8621, 8622, 8629, 8630, 8631, 8632, 8633, 8636, 8637, 8638, 8639, 8641, 8642, 8645, 8646, 8647, 8648, 8649, 8651, 8652, 8655, 8656, 8657, 8658, 8659, 8660, 8661, 8662, 8663, 8664, 8666, 8667, 8668, 8669, 8670, 8671, 8672, 8673, 8674, 8677, 8680, 8681, 8682, 8683, 8684, 8685, 8686, 8687, 8688, 8691, 8692, 8693, 8694, 8695, 8696, 8697, 8698, 8699, 8702, 8703, 8704, 8705, 8706, 8707, 8708, 8709, 8710, 8713, 8714, 8715, 8716, 8717, 8718, 8719, 8720, 8721, 8723, 8724, 8725, 8726, 8727, 8728, 8729, 8731, 8732, 8734, 8735, 8737, 8740, 8741, 8742, 8745, 8746, 8749, 8750, 8753, 8754, 8755, 8756, 8759, 8763, 8764, 8766, 8769, 8772, 8773, 8774, 8775, 8776, 8777, 8781, 8782, 8783, 8785, 8788, 8809, 8810, 8811, 8812, 8813, 8816, 8817, 8819, 8822, 8826, 8829, 8831, 8832, 8833, 8834, 8835, 8836, 8837, 8838, 8839, 8840, 8841, 8842, 8844, 8845, 8847, 8868, 8871, 8872, 8880, 8881, 8889, 8890, 8898, 8899, 8906, 8907, 8915, 8916, 8924, 8925, 8934, 8935, 8936, 8943, 8944, 8946, 8947, 8949, 8952, 8953, 8954, 8955, 8956, 8957, 8959, 8960, 8962, 8963, 8964, 8965, 8968, 8969, 8970, 8971, 8972, 8973, 8974, 8976, 8977, 8979, 8980, 8981, 8983, 8984, 8985, 8986, 8987, 8991, 8992, 8993, 8994, 8998, 8999, 9000, 9002, 9004, 9013, 9016, 9017, 9022, 9025, 9026, 9029, 9030, 9031, 9033, 9036, 9037, 9038, 9039, 9042, 9052, 9055, 9057, 9058, 9059, 9103, 9104, 9107, 9108, 9109, 9113, 9114, 9115, 9120, 9122, 9123, 9128, 9129, 9130, 9131, 9132, 9133, 9134, 9135, 9136, 9137, 9138, 9141, 9154, 9157, 9160, 9167, 9168, 9169, 9171, 9172, 9173, 9174, 9176, 9177, 9178, 9179, 9180, 9181, 9182, 9185, 9186, 9187, 9188, 9195, 9202, 9203, 9204, 9207, 9208, 9211, 9212, 9215, 9216, 9217, 9219, 9220, 9221, 9222, 9223, 9224, 9226, 9229, 9230, 9231, 9232, 9236, 9237, 9238, 9243, 9244, 9245, 9250, 9251, 9254, 9256, 9269, 9271, 9273, 9274, 9275, 9311, 9313, 9315, 9317, 9321, 9322, 9325, 9326, 9327, 9328, 9329, 9330, 9331, 9332, 9334, 9337, 9338, 9339, 9340, 9343, 9344, 9345, 9348, 9349, 9350, 9351, 9353, 9361, 9362, 9363, 9364, 9365, 9369, 9372, 9378, 9379, 9380, 9387, 9388, 9389, 9392, 9393, 9394, 9395, 9398, 9401, 9402, 9403, 9404, 9406, 9407, 9410, 9411, 9413, 9414, 9416, 9417, 9418, 9419, 9420, 9422, 9423, 9431, 9432, 9433, 9434, 9437, 9438, 9441, 9445, 9447, 9449, 9450, 9451, 9453, 9461, 9464, 9466, 9467, 9468, 9469, 9484, 9485, 9486, 9487, 9512, 9514, 9515, 9516, 9518, 9520, 9521, 9522, 9525, 9526, 9527, 9528, 9535, 9536, 9537, 9543, 9544, 9545, 9548, 9550, 9552, 9553, 9555, 9557, 9558, 9559, 9561, 9562, 9563, 9564, 9565, 9567, 9569, 9570, 9572, 9573, 9574, 9575, 9576, 9577, 9579, 9596, 9597, 9605, 9606, 9607, 9619, 9620, 9621, 9630, 9631, 9632, 9633, 9635, 9636, 9637, 9638, 9639, 9641, 9642, 9644, 9660, 9661, 9669, 9670, 9671, 9680, 9681, 9682, 9684, 9685, 9686, 9687, 9688, 9690, 9703, 9713, 9714, 9715, 9767, 9769, 9771, 9773, 9777, 9778, 9781, 9782, 9783, 9784, 9785, 9786, 9787, 9788, 9790, 9793, 9794, 9795, 9798, 9799, 9800, 9801, 9802, 9809, 9810, 9811, 9820, 9821, 9822, 9823, 9825, 9835, 9836, 9837, 9838, 9839, 9840, 9841, 9842, 9845, 9846, 9847, 9848, 9849, 9850, 9852, 9855, 9856, 9857, 9859, 9860, 9861, 9862, 9863, 9864, 9866, 9869, 9871, 9874, 9875, 9876, 9879, 9880, 9881, 9883, 9884, 9885, 9886, 9887, 9889, 9897, 9900, 9908, 9909, 9910, 9912, 9913, 9915, 9916, 9917, 9919, 9920, 9921, 9924, 9925, 9926, 9933, 9934, 9935, 9937, 9938, 9939, 9942, 9943, 9944, 9951, 9952, 9953, 9955, 9963, 9964, 9965, 9967, 9988, 9989, 9990, 9991, 9994, 9995, 9996, 9997, 9998, 9999, 10000, 10002, 10004, 10005, 10006, 10007, 10009, 10010, 10012, 10026, 10027, 10029, 10030, 10033, 10034, 10035, 10036, 10037, 10039, 10040, 10041, 10042, 10043, 10044, 10046, 10052, 10053, 10054, 10055, 10057, 10058, 10060, 10074, 10075, 10077, 10078, 10081, 10082, 10083, 10084, 10086, 10087, 10088, 10089, 10090, 10091, 10093, 10099, 10100, 10101, 10102, 10104, 10105, 10107, 10122, 10123, 10125, 10126, 10129, 10130, 10131, 10132, 10134, 10135, 10136, 10137, 10138, 10139, 10141, 10147, 10148, 10150, 10151, 10153, 10154, 10155, 10156, 10158, 10172, 10173, 10175, 10176, 10179, 10180, 10181, 10182, 10183, 10185, 10186, 10187, 10188, 10190, 10196, 10197, 10198, 10199, 10200, 10202, 10216, 10217, 10219, 10220, 10222, 10223, 10224, 10225, 10227, 10233, 10234, 10235, 10236, 10238, 10239, 10241, 10253, 10254, 10256, 10257, 10258, 10259, 10260, 10261, 10263, 10269, 10270, 10271, 10272, 10274, 10275, 10277, 10290, 10291, 10293, 10294, 10295, 10296, 10297, 10298, 10300, 10306, 10307, 10308, 10317, 10318, 10320, 10333, 10334, 10336, 10337, 10340, 10341, 10342, 10343, 10349, 10351, 10352, 10355, 10356, 10357, 10365, 10366, 10368, 10381, 10382, 10384, 10385, 10388, 10389, 10390, 10398, 10400, 10401, 10402, 10405, 10406, 10408, 10423, 10424, 10427, 10428, 10429, 10430, 10436, 10439, 10440, 10441, 10442, 10448, 10450, 10451, 10452, 10453, 10454, 10455, 10457, 10463, 10464, 10465, 10472, 10474, 10475, 10476, 10478, 10491, 10492, 10494, 10495, 10496, 10497, 10498, 10499, 10501, 10506, 10507, 10509, 10546, 10547, 10550, 10553, 10555, 10556, 10564, 10565, 10570, 10571, 10574, 10575, 10576, 10579, 10585, 10586, 10587, 10589, 10590, 10591, 10592, 10593, 10596, 10597, 10598, 10599, 10602, 10603, 10604, 10606, 10607, 10608, 10610, 10613, 10628, 10631, 10632, 10633, 10634, 10636, 10637, 10638, 10639, 10640, 10641, 10642, 10645, 10646, 10647, 10650, 10651, 10652, 10655, 10656, 10658, 10659, 10660, 10661, 10662, 10665, 10667, 10668, 10670, 10672, 10673, 10674, 10676, 10677, 10678, 10679, 10680, 10681, 10682, 10683, 10684, 10686, 10687, 10690, 10691, 10696, 10705, 10708, 10709, 10711, 10729, 10730, 10731, 10732, 10734, 10737, 10738, 10739, 10740, 10742, 10744, 10745, 10746, 10783, 10784, 10787, 10788, 10789, 10791, 10792, 10795, 10796, 10803, 10804, 10805, 10806, 10807, 10808, 10809, 10810, 10811, 10812, 10813, 10814, 10817, 10841, 10842, 10844, 10845, 10846, 10848, 10850, 10851, 10854, 10855, 10856, 10857, 10858, 10859, 10861, 10862, 10864, 10865, 10867, 10868, 10869, 10870, 10872, 10873, 10874, 10877, 10878, 10879, 10880, 10881, 10883, 10884, 10885, 10888, 10889, 10890, 10891, 10897, 10900, 10902, 10903, 10904, 10905, 10907, 10910, 10913, 10916, 10917, 10918, 10920, 10921, 10923, 10924, 10925, 10926, 10929, 10930, 10931, 10932, 10935, 10936, 10942, 10943, 10944, 10945, 10954, 10955, 10956, 10963, 10964, 10967, 10968, 10969, 10971, 10972, 10975, 10976, 10977, 10986, 10995, 10996, 10997, 11003, 11004, 11005, 11008, 11010, 11011, 11015, 11016, 11017, 11018, 11027, 11029, 11030, 11032, 11033, 11034, 11035, 11036, 11037, 11038, 11039, 11041, 11051, 11052, 11053, 11054, 11055, 11059, 11060, 11062, 11067, 11074, 11077, 11078, 11080, 11081, 11082, 11083, 11085, 11088, 11092, 11093, 11095, 11098, 11102, 11103, 11105, 11108, 11113, 11114, 11116, 11117, 11118, 11179, 11180, 11186, 11187, 11189, 11195, 11197, 11200, 11201, 11203, 11221, 11222, 11225, 11226, 11229, 11230, 11234, 11236, 11237, 11243, 11244, 11246, 11247, 11248, 11250, 11252, 11253, 11254, 11255, 11257, 11272, 11274, 11275, 11276, 11278, 11279, 11281, 11283, 11284, 11292, 11293, 11296, 11297, 11298, 11299, 11300, 11301, 11302, 11303, 11304, 11306, 11307, 11308, 11311, 11312, 11313, 11314, 11315, 11316, 11317, 11320, 11321, 11322, 11323, 11324, 11325, 11328, 11329, 11330, 11332, 11333, 11340, 11341, 11342, 11344, 11345, 11347, 11348, 11353, 11355, 11357, 11358, 11360, 11364, 11367, 11368, 11370, 11372, 11373, 11379, 11380, 11381, 11395, 11396, 11397, 11398, 11400, 11401, 11402, 11403, 11404, 11405, 11406, 11408, 11409, 11411, 11412, 11413, 11414, 11416, 11417, 11418, 11419, 11420, 11425, 11426, 11429, 11430, 11433, 11434, 11435, 11438, 11439, 11440, 11442, 11443, 11445, 11450, 11451, 11454, 11455, 11458, 11459, 11462, 11463, 11465, 11466, 11467, 11470, 11472, 11473, 11482, 11483, 11484, 11487, 11488, 11489, 11491, 11493, 11494, 11495, 11498, 11499, 11501, 11502, 11503, 11504, 11506, 11514, 11515, 11518, 11520, 11521, 11530, 11531, 11532, 11535, 11536, 11537, 11539, 11541, 11542, 11543, 11545, 11546, 11547, 11548, 11549, 11550, 11552, 11560, 11561, 11565, 11570, 11571, 11580, 11581, 11582, 11585, 11586, 11587, 11589, 11590, 11592, 11593, 11594, 11596, 11597, 11598, 11599, 11600, 11601, 11603, 11611, 11612, 11614, 11615, 11617, 11619, 11620, 11621, 11626, 11628, 11630, 11631, 11632, 11634, 11635, 11636, 11637, 11640, 11641, 11643, 11646, 11647, 11648, 11649, 11650, 11651, 11654, 11655, 11657, 11659, 11662, 11663, 11664, 11665, 11666, 11667, 11669, 11671, 11674, 11675, 11676, 11677, 11678, 11679, 11682, 11683, 11684, 11685, 11686, 11689, 11690, 11691, 11692, 11693, 11695, 11710, 11711, 11712, 11749, 11750, 11753, 11754, 11757, 11758, 11759, 11760, 11761, 11782, 11783, 11784, 11807, 11808, 11809, 11811, 11815, 11818, 11819, 11820, 11821, 11822, 11823, 11824, 11825, 11828, 11833, 11836, 11838, 11840, 11841, 11844, 11847, 11848, 11849, 11851, 11854, 11855, 11856, 11857, 11858, 11861, 11871, 11875, 11876, 11877, 11878, 11879, 11880, 11881, 11882, 11883, 11884, 11885, 11886, 11887, 11889, 11890, 11899, 11900, 11903, 11904, 11906, 11907, 11908, 11910, 11911, 11912, 11913, 11914, 11916, 11917, 11918, 11919, 11920, 11921, 11922, 11923, 11925, 11926, 11938, 11939, 11953, 11956, 11963, 11970, 11971, 11973, 11974, 11975, 12028, 12030, 12032, 12033, 12036, 12037, 12040, 12041, 12044, 12053, 12054, 12057, 12058, 12059, 12060, 12063, 12066, 12067, 12068, 12069, 12073, 12074, 12075, 12076, 12077, 12080, 12081, 12086, 12087, 12088, 12089, 12092, 12093, 12094, 12098, 12099, 12100, 12101, 12103, 12105, 12106, 12107, 12109, 12112, 12113, 12114, 12117, 12122, 12123, 12126, 12131, 12149, 12150, 12151, 12203, 12205, 12206, 12208, 12210, 12213, 12214, 12215, 12220, 12221, 12222, 12227, 12228, 12229, 12234, 12235, 12236, 12241, 12242, 12248, 12249, 12256, 12259, 12262, 12269, 12272, 12281, 12284, 12289, 12297, 12305, 12314, 12334, 12335, 12337, 12338, 12339, 12385, 12386, 12387, 12388, 12397, 12405, 12412, 12413, 12414, 12415, 12416, 12417, 12418, 12420, 12430, 12431, 12432, 12438, 12439, 12445, 12446, 12447, 12448, 12450, 12451, 12452, 12453, 12454, 12460, 12461, 12462, 12463, 12464, 12470, 12471, 12477, 12478, 12479, 12480, 12481, 12482, 12487, 12492, 12493, 12494, 12495, 12497, 12502, 12517, 12518, 12520, 12521, 12522, 12526, 12527, 12529, 12530, 12532, 12533, 12534, 12535, 12536, 12537, 12538, 12539, 12540, 12541, 12542], "excluded_lines": [2436], "start_line": 1}}}}, "totals": {"covered_lines": 1013, "num_statements": 11266, "percent_covered": 8.991656311024322, "percent_covered_display": "9", "missing_lines": 10253, "excluded_lines": 1, "percent_statements_covered": 8.991656311024322, "percent_statements_covered_display": "9"}}